<?xml version="1.0" encoding="UTF-8"?>
<!-- Generated by org.testng.reporters.JUnitXMLReporter -->
<testsuite ignored="0" hostname="LT2566" failures="2" tests="213" name="Regression Test" time="16520.773" errors="0" timestamp="2023-09-15T00:22:12 IST">
  <testcase classname="testCases.LoginPageTest" name="runnerMethod" time="134.24"/>
  <testcase classname="testCases.LoginPageTest" name="runnerMethod" time="10.049">
    <skipped/>
  </testcase> <!-- runnerMethod -->
  <testcase classname="testCases.LoginPageTest" name="runnerMethod" time="128.541"/>
  <testcase classname="testCases.LoginPageTest" name="runnerMethod" time="10.063">
    <skipped/>
  </testcase> <!-- runnerMethod -->
  <testcase classname="testCases.LoginPageTest" name="runnerMethod" time="129.952"/>
  <testcase classname="testCases.LoginPageTest" name="runnerMethod" time="10.049">
    <skipped/>
  </testcase> <!-- runnerMethod -->
  <testcase classname="testCases.LoginPageTest" name="runnerMethod" time="133.61"/>
  <testcase classname="testCases.LoginPageTest" name="runnerMethod" time="10.066">
    <skipped/>
  </testcase> <!-- runnerMethod -->
  <testcase classname="testCases.LoginPageTest" name="runnerMethod" time="126.479"/>
  <testcase classname="testCases.LoginPageTest" name="runnerMethod" time="10.071">
    <skipped/>
  </testcase> <!-- runnerMethod -->
  <testcase classname="testCases.LoginPageTest" name="runnerMethod" time="132.732"/>
  <testcase classname="testCases.LoginPageTest" name="runnerMethod" time="10.052">
    <skipped/>
  </testcase> <!-- runnerMethod -->
  <testcase classname="testCases.LoginPageTest" name="runnerMethod" time="81.011">
    <skipped/>
  </testcase> <!-- runnerMethod -->
  <testcase classname="testCases.LoginPageTest" name="runnerMethod" time="131.839"/>
  <testcase classname="testCases.LoginPageTest" name="runnerMethod" time="10.017">
    <skipped/>
  </testcase> <!-- runnerMethod -->
  <testcase classname="testCases.LoginPageTest" name="runnerMethod" time="245.741"/>
  <testcase classname="testCases.LoginPageTest" name="runnerMethod" time="10.034">
    <skipped/>
  </testcase> <!-- runnerMethod -->
  <testcase classname="testCases.LoginPageTest" name="runnerMethod" time="130.72"/>
  <testcase classname="testCases.LoginPageTest" name="runnerMethod" time="10.033">
    <skipped/>
  </testcase> <!-- runnerMethod -->
  <testcase classname="testCases.LoginPageTest" name="runnerMethod" time="129.097"/>
  <testcase classname="testCases.LoginPageTest" name="runnerMethod" time="10.064">
    <skipped/>
  </testcase> <!-- runnerMethod -->
  <testcase classname="testCases.LoginPageTest" name="runnerMethod" time="134.386"/>
  <testcase classname="testCases.LoginPageTest" name="runnerMethod" time="10.057">
    <skipped/>
  </testcase> <!-- runnerMethod -->
  <testcase classname="testCases.LoginPageTest" name="runnerMethod" time="126.688"/>
  <testcase classname="testCases.LoginPageTest" name="runnerMethod" time="10.087">
    <skipped/>
  </testcase> <!-- runnerMethod -->
  <testcase classname="testCases.LoginPageTest" name="runnerMethod" time="128.748"/>
  <testcase classname="testCases.LoginPageTest" name="runnerMethod" time="10.049">
    <skipped/>
  </testcase> <!-- runnerMethod -->
  <testcase classname="testCases.LoginPageTest" name="runnerMethod" time="131.354"/>
  <testcase classname="testCases.LoginPageTest" name="runnerMethod" time="10.06">
    <skipped/>
  </testcase> <!-- runnerMethod -->
  <testcase classname="testCases.LoginPageTest" name="runnerMethod" time="129.406"/>
  <testcase classname="testCases.LoginPageTest" name="runnerMethod" time="10.066">
    <skipped/>
  </testcase> <!-- runnerMethod -->
  <testcase classname="testCases.LoginPageTest" name="runnerMethod" time="131.201"/>
  <testcase classname="testCases.LoginPageTest" name="runnerMethod" time="10.067">
    <skipped/>
  </testcase> <!-- runnerMethod -->
  <testcase classname="testCases.LoginPageTest" name="runnerMethod" time="132.205"/>
  <testcase classname="testCases.LoginPageTest" name="runnerMethod" time="10.025">
    <skipped/>
  </testcase> <!-- runnerMethod -->
  <testcase classname="testCases.LoginPageTest" name="runnerMethod" time="129.266"/>
  <testcase classname="testCases.LoginPageTest" name="runnerMethod" time="10.065">
    <skipped/>
  </testcase> <!-- runnerMethod -->
  <testcase classname="testCases.LoginPageTest" name="runnerMethod" time="128.439"/>
  <testcase classname="testCases.LoginPageTest" name="runnerMethod" time="10.052">
    <skipped/>
  </testcase> <!-- runnerMethod -->
  <testcase classname="testCases.LoginPageTest" name="runnerMethod" time="128.196"/>
  <testcase classname="testCases.LoginPageTest" name="runnerMethod" time="10.06">
    <skipped/>
  </testcase> <!-- runnerMethod -->
  <testcase classname="testCases.LoginPageTest" name="runnerMethod" time="132.832"/>
  <testcase classname="testCases.LoginPageTest" name="runnerMethod" time="10.047">
    <skipped/>
  </testcase> <!-- runnerMethod -->
  <testcase classname="testCases.LoginPageTest" name="runnerMethod" time="131.099"/>
  <testcase classname="testCases.LoginPageTest" name="runnerMethod" time="10.053">
    <skipped/>
  </testcase> <!-- runnerMethod -->
  <testcase classname="testCases.LoginPageTest" name="runnerMethod" time="133.92"/>
  <testcase classname="testCases.LoginPageTest" name="runnerMethod" time="10.054">
    <skipped/>
  </testcase> <!-- runnerMethod -->
  <testcase classname="testCases.LoginPageTest" name="runnerMethod" time="130.055"/>
  <testcase classname="testCases.LoginPageTest" name="runnerMethod" time="10.01">
    <skipped/>
  </testcase> <!-- runnerMethod -->
  <testcase classname="testCases.LoginPageTest" name="runnerMethod" time="129.255"/>
  <testcase classname="testCases.LoginPageTest" name="runnerMethod" time="10.011">
    <skipped/>
  </testcase> <!-- runnerMethod -->
  <testcase classname="testCases.LoginPageTest" name="runnerMethod" time="127.046"/>
  <testcase classname="testCases.LoginPageTest" name="runnerMethod" time="10.037">
    <skipped/>
  </testcase> <!-- runnerMethod -->
  <testcase classname="testCases.LoginPageTest" name="runnerMethod" time="132.386"/>
  <testcase classname="testCases.LoginPageTest" name="runnerMethod" time="10.013">
    <skipped/>
  </testcase> <!-- runnerMethod -->
  <testcase classname="testCases.LoginPageTest" name="runnerMethod" time="137.107"/>
  <testcase classname="testCases.LoginPageTest" name="runnerMethod" time="10.047">
    <skipped/>
  </testcase> <!-- runnerMethod -->
  <testcase classname="testCases.LoginPageTest" name="runnerMethod" time="138.004"/>
  <testcase classname="testCases.LoginPageTest" name="runnerMethod" time="10.006">
    <skipped/>
  </testcase> <!-- runnerMethod -->
  <testcase classname="testCases.LoginPageTest" name="runnerMethod" time="134.145"/>
  <testcase classname="testCases.LoginPageTest" name="runnerMethod" time="10.036">
    <skipped/>
  </testcase> <!-- runnerMethod -->
  <testcase classname="testCases.LoginPageTest" name="runnerMethod" time="128.61"/>
  <testcase classname="testCases.LoginPageTest" name="runnerMethod" time="10.07">
    <skipped/>
  </testcase> <!-- runnerMethod -->
  <testcase classname="testCases.LoginPageTest" name="runnerMethod" time="134.427"/>
  <testcase classname="testCases.LoginPageTest" name="runnerMethod" time="10.027">
    <skipped/>
  </testcase> <!-- runnerMethod -->
  <testcase classname="testCases.LoginPageTest" name="runnerMethod" time="127.702"/>
  <testcase classname="testCases.LoginPageTest" name="runnerMethod" time="10.02">
    <skipped/>
  </testcase> <!-- runnerMethod -->
  <testcase classname="testCases.LoginPageTest" name="runnerMethod" time="133.623"/>
  <testcase classname="testCases.LoginPageTest" name="runnerMethod" time="10.052">
    <skipped/>
  </testcase> <!-- runnerMethod -->
  <testcase classname="testCases.LoginPageTest" name="runnerMethod" time="131.717"/>
  <testcase classname="testCases.LoginPageTest" name="runnerMethod" time="10.015">
    <skipped/>
  </testcase> <!-- runnerMethod -->
  <testcase classname="testCases.LoginPageTest" name="runnerMethod" time="137.239"/>
  <testcase classname="testCases.LoginPageTest" name="runnerMethod" time="10.066">
    <skipped/>
  </testcase> <!-- runnerMethod -->
  <testcase classname="testCases.LoginPageTest" name="runnerMethod" time="213.671">
    <skipped/>
  </testcase> <!-- runnerMethod -->
  <testcase classname="testCases.LoginPageTest" name="runnerMethod" time="209.462">
    <failure type="java.lang.NullPointerException" message="Cannot invoke &amp;quot;Object.toString()&amp;quot; because the return value of &amp;quot;java.util.Map.get(Object)&amp;quot; is null">
      <![CDATA[java.lang.NullPointerException: Cannot invoke "Object.toString()" because the return value of "java.util.Map.get(Object)" is null
at testCases.BR_ProductTest.getBRProductData(BR_ProductTest.java:75)
at testCases.LocationPageTest.locationPage(LocationPageTest.java:461)
at testCases.LoginPageTest.runnerMethod(LoginPageTest.java:53)
at java.base/java.util.ArrayList.forEach(ArrayList.java:1511)
... Removed 26 stack frames]]>
    </failure>
  </testcase> <!-- runnerMethod -->
  <testcase classname="testCases.LoginPageTest" name="runnerMethod" time="156.411"/>
  <testcase classname="testCases.LoginPageTest" name="runnerMethod" time="10.017">
    <skipped/>
  </testcase> <!-- runnerMethod -->
  <testcase classname="testCases.LoginPageTest" name="runnerMethod" time="131.365"/>
  <testcase classname="testCases.LoginPageTest" name="runnerMethod" time="10.036">
    <skipped/>
  </testcase> <!-- runnerMethod -->
  <testcase classname="testCases.LoginPageTest" name="runnerMethod" time="128.288"/>
  <testcase classname="testCases.LoginPageTest" name="runnerMethod" time="10.021">
    <skipped/>
  </testcase> <!-- runnerMethod -->
  <testcase classname="testCases.LoginPageTest" name="runnerMethod" time="156.118"/>
  <testcase classname="testCases.LoginPageTest" name="runnerMethod" time="10.008">
    <skipped/>
  </testcase> <!-- runnerMethod -->
  <testcase classname="testCases.LoginPageTest" name="runnerMethod" time="134.462"/>
  <testcase classname="testCases.LoginPageTest" name="runnerMethod" time="10.01">
    <skipped/>
  </testcase> <!-- runnerMethod -->
  <testcase classname="testCases.LoginPageTest" name="runnerMethod" time="141.917"/>
  <testcase classname="testCases.LoginPageTest" name="runnerMethod" time="10.049">
    <skipped/>
  </testcase> <!-- runnerMethod -->
  <testcase classname="testCases.LoginPageTest" name="runnerMethod" time="128.31"/>
  <testcase classname="testCases.LoginPageTest" name="runnerMethod" time="10.031">
    <skipped/>
  </testcase> <!-- runnerMethod -->
  <testcase classname="testCases.LoginPageTest" name="runnerMethod" time="135.458"/>
  <testcase classname="testCases.LoginPageTest" name="runnerMethod" time="10.04">
    <skipped/>
  </testcase> <!-- runnerMethod -->
  <testcase classname="testCases.LoginPageTest" name="runnerMethod" time="81.846">
    <skipped/>
  </testcase> <!-- runnerMethod -->
  <testcase classname="testCases.LoginPageTest" name="runnerMethod" time="127.729"/>
  <testcase classname="testCases.LoginPageTest" name="runnerMethod" time="10.062">
    <skipped/>
  </testcase> <!-- runnerMethod -->
  <testcase classname="testCases.LoginPageTest" name="runnerMethod" time="209.235">
    <skipped/>
  </testcase> <!-- runnerMethod -->
  <testcase classname="testCases.LoginPageTest" name="runnerMethod" time="207.72">
    <failure type="java.lang.NullPointerException" message="Cannot invoke &amp;quot;Object.toString()&amp;quot; because the return value of &amp;quot;java.util.Map.get(Object)&amp;quot; is null">
      <![CDATA[java.lang.NullPointerException: Cannot invoke "Object.toString()" because the return value of "java.util.Map.get(Object)" is null
at testCases.BR_ProductTest.getBRProductData(BR_ProductTest.java:75)
at testCases.LocationPageTest.locationPage(LocationPageTest.java:461)
at testCases.LoginPageTest.runnerMethod(LoginPageTest.java:53)
at java.base/java.util.ArrayList.forEach(ArrayList.java:1511)
... Removed 26 stack frames]]>
    </failure>
  </testcase> <!-- runnerMethod -->
  <testcase classname="testCases.LoginPageTest" name="runnerMethod" time="162.272"/>
  <testcase classname="testCases.LoginPageTest" name="runnerMethod" time="10.057">
    <skipped/>
  </testcase> <!-- runnerMethod -->
  <testcase classname="testCases.LoginPageTest" name="runnerMethod" time="128.278"/>
  <testcase classname="testCases.LoginPageTest" name="runnerMethod" time="10.007">
    <skipped/>
  </testcase> <!-- runnerMethod -->
  <testcase classname="testCases.LoginPageTest" name="runnerMethod" time="126.009"/>
  <testcase classname="testCases.LoginPageTest" name="runnerMethod" time="10.042">
    <skipped/>
  </testcase> <!-- runnerMethod -->
  <testcase classname="testCases.LoginPageTest" name="runnerMethod" time="171.666"/>
  <testcase classname="testCases.LoginPageTest" name="runnerMethod" time="10.081">
    <skipped/>
  </testcase> <!-- runnerMethod -->
  <testcase classname="testCases.LoginPageTest" name="runnerMethod" time="143.659"/>
  <testcase classname="testCases.LoginPageTest" name="runnerMethod" time="10.042">
    <skipped/>
  </testcase> <!-- runnerMethod -->
  <testcase classname="testCases.LoginPageTest" name="runnerMethod" time="135.186"/>
  <testcase classname="testCases.LoginPageTest" name="runnerMethod" time="10.057">
    <skipped/>
  </testcase> <!-- runnerMethod -->
  <testcase classname="testCases.LoginPageTest" name="runnerMethod" time="130.491"/>
  <testcase classname="testCases.LoginPageTest" name="runnerMethod" time="10.064">
    <skipped/>
  </testcase> <!-- runnerMethod -->
  <testcase classname="testCases.LoginPageTest" name="runnerMethod" time="137.945"/>
  <testcase classname="testCases.LoginPageTest" name="runnerMethod" time="10.075">
    <skipped/>
  </testcase> <!-- runnerMethod -->
  <testcase classname="testCases.LoginPageTest" name="runnerMethod" time="156.914"/>
  <testcase classname="testCases.LoginPageTest" name="runnerMethod" time="10.034">
    <skipped/>
  </testcase> <!-- runnerMethod -->
  <testcase classname="testCases.LoginPageTest" name="runnerMethod" time="128.331"/>
  <testcase classname="testCases.LoginPageTest" name="runnerMethod" time="10.023">
    <skipped/>
  </testcase> <!-- runnerMethod -->
  <testcase classname="testCases.LoginPageTest" name="runnerMethod" time="131.308"/>
  <testcase classname="testCases.LoginPageTest" name="runnerMethod" time="9.995">
    <skipped/>
  </testcase> <!-- runnerMethod -->
  <testcase classname="testCases.LoginPageTest" name="runnerMethod" time="134.804"/>
  <testcase classname="testCases.LoginPageTest" name="runnerMethod" time="10.016">
    <skipped/>
  </testcase> <!-- runnerMethod -->
  <testcase classname="testCases.LoginPageTest" name="runnerMethod" time="131.114"/>
  <testcase classname="testCases.LoginPageTest" name="runnerMethod" time="10.042">
    <skipped/>
  </testcase> <!-- runnerMethod -->
  <testcase classname="testCases.LoginPageTest" name="runnerMethod" time="149.6"/>
  <testcase classname="testCases.LoginPageTest" name="runnerMethod" time="10.018">
    <skipped/>
  </testcase> <!-- runnerMethod -->
  <testcase classname="testCases.LoginPageTest" name="runnerMethod" time="132.379"/>
  <testcase classname="testCases.LoginPageTest" name="runnerMethod" time="10.025">
    <skipped/>
  </testcase> <!-- runnerMethod -->
  <testcase classname="testCases.LoginPageTest" name="runnerMethod" time="130.055"/>
  <testcase classname="testCases.LoginPageTest" name="runnerMethod" time="10.046">
    <skipped/>
  </testcase> <!-- runnerMethod -->
  <testcase classname="testCases.LoginPageTest" name="runnerMethod" time="131.58"/>
  <testcase classname="testCases.LoginPageTest" name="runnerMethod" time="10.043">
    <skipped/>
  </testcase> <!-- runnerMethod -->
  <testcase classname="testCases.LoginPageTest" name="runnerMethod" time="131.191"/>
  <testcase classname="testCases.LoginPageTest" name="runnerMethod" time="10.044">
    <skipped/>
  </testcase> <!-- runnerMethod -->
  <testcase classname="testCases.LoginPageTest" name="runnerMethod" time="245.989"/>
  <testcase classname="testCases.LoginPageTest" name="runnerMethod" time="10.045">
    <skipped/>
  </testcase> <!-- runnerMethod -->
  <testcase classname="testCases.LoginPageTest" name="runnerMethod" time="132.934"/>
  <testcase classname="testCases.LoginPageTest" name="runnerMethod" time="10.045">
    <skipped/>
  </testcase> <!-- runnerMethod -->
  <testcase classname="testCases.LoginPageTest" name="runnerMethod" time="132.298"/>
  <testcase classname="testCases.LoginPageTest" name="runnerMethod" time="10.043">
    <skipped/>
  </testcase> <!-- runnerMethod -->
  <testcase classname="testCases.LoginPageTest" name="runnerMethod" time="135.251"/>
  <testcase classname="testCases.LoginPageTest" name="runnerMethod" time="10.01">
    <skipped/>
  </testcase> <!-- runnerMethod -->
  <testcase classname="testCases.LoginPageTest" name="runnerMethod" time="131.052"/>
  <testcase classname="testCases.LoginPageTest" name="runnerMethod" time="10.075">
    <skipped/>
  </testcase> <!-- runnerMethod -->
  <testcase classname="testCases.LoginPageTest" name="runnerMethod" time="131.679"/>
  <testcase classname="testCases.LoginPageTest" name="runnerMethod" time="10.052">
    <skipped/>
  </testcase> <!-- runnerMethod -->
  <testcase classname="testCases.LoginPageTest" name="runnerMethod" time="131.168"/>
  <testcase classname="testCases.LoginPageTest" name="runnerMethod" time="10.044">
    <skipped/>
  </testcase> <!-- runnerMethod -->
  <testcase classname="testCases.LoginPageTest" name="runnerMethod" time="131.726"/>
  <testcase classname="testCases.LoginPageTest" name="runnerMethod" time="10.065">
    <skipped/>
  </testcase> <!-- runnerMethod -->
  <testcase classname="testCases.LoginPageTest" name="runnerMethod" time="133.947"/>
  <testcase classname="testCases.LoginPageTest" name="runnerMethod" time="10.002">
    <skipped/>
  </testcase> <!-- runnerMethod -->
  <testcase classname="testCases.LoginPageTest" name="runnerMethod" time="127.203"/>
  <testcase classname="testCases.LoginPageTest" name="runnerMethod" time="10.019">
    <skipped/>
  </testcase> <!-- runnerMethod -->
  <testcase classname="testCases.LoginPageTest" name="runnerMethod" time="130.242"/>
  <testcase classname="testCases.LoginPageTest" name="runnerMethod" time="10.047">
    <skipped/>
  </testcase> <!-- runnerMethod -->
  <testcase classname="testCases.LoginPageTest" name="runnerMethod" time="128.02"/>
  <testcase classname="testCases.LoginPageTest" name="runnerMethod" time="10.07">
    <skipped/>
  </testcase> <!-- runnerMethod -->
  <testcase classname="testCases.LoginPageTest" name="runnerMethod" time="124.917"/>
  <testcase classname="testCases.LoginPageTest" name="runnerMethod" time="10.042">
    <skipped/>
  </testcase> <!-- runnerMethod -->
  <testcase classname="testCases.LoginPageTest" name="runnerMethod" time="131.956"/>
  <testcase classname="testCases.LoginPageTest" name="runnerMethod" time="10.058">
    <skipped/>
  </testcase> <!-- runnerMethod -->
  <testcase classname="testCases.LoginPageTest" name="runnerMethod" time="128.047"/>
  <testcase classname="testCases.LoginPageTest" name="runnerMethod" time="10.041">
    <skipped/>
  </testcase> <!-- runnerMethod -->
  <testcase classname="testCases.LoginPageTest" name="runnerMethod" time="128.219"/>
  <testcase classname="testCases.LoginPageTest" name="runnerMethod" time="10.032">
    <skipped/>
  </testcase> <!-- runnerMethod -->
  <testcase classname="testCases.LoginPageTest" name="runnerMethod" time="132.109"/>
  <testcase classname="testCases.LoginPageTest" name="runnerMethod" time="10.037">
    <skipped/>
  </testcase> <!-- runnerMethod -->
  <testcase classname="testCases.LoginPageTest" name="runnerMethod" time="127.148"/>
  <testcase classname="testCases.LoginPageTest" name="runnerMethod" time="10.029">
    <skipped/>
  </testcase> <!-- runnerMethod -->
  <testcase classname="testCases.LoginPageTest" name="runnerMethod" time="132.271"/>
  <testcase classname="testCases.LoginPageTest" name="runnerMethod" time="10.029">
    <skipped/>
  </testcase> <!-- runnerMethod -->
  <testcase classname="testCases.LoginPageTest" name="runnerMethod" time="128.121"/>
  <testcase classname="testCases.LoginPageTest" name="runnerMethod" time="10.038">
    <skipped/>
  </testcase> <!-- runnerMethod -->
  <testcase classname="testCases.LoginPageTest" name="runnerMethod" time="266.653"/>
  <testcase classname="testCases.LoginPageTest" name="runnerMethod" time="10.044">
    <skipped/>
  </testcase> <!-- runnerMethod -->
  <testcase classname="testCases.LoginPageTest" name="runnerMethod" time="127.182"/>
  <testcase classname="testCases.LoginPageTest" name="runnerMethod" time="10.054">
    <skipped/>
  </testcase> <!-- runnerMethod -->
  <testcase classname="testCases.LoginPageTest" name="runnerMethod" time="128.75"/>
  <testcase classname="testCases.LoginPageTest" name="runnerMethod" time="10.029">
    <skipped/>
  </testcase> <!-- runnerMethod -->
  <testcase classname="testCases.LoginPageTest" name="runnerMethod" time="131.233"/>
  <testcase classname="testCases.LoginPageTest" name="runnerMethod" time="10.056">
    <skipped/>
  </testcase> <!-- runnerMethod -->
  <testcase classname="testCases.LoginPageTest" name="runnerMethod" time="129.556"/>
  <testcase classname="testCases.LoginPageTest" name="runnerMethod" time="10.026">
    <skipped/>
  </testcase> <!-- runnerMethod -->
  <testcase classname="testCases.LoginPageTest" name="runnerMethod" time="129.81"/>
  <testcase classname="testCases.LoginPageTest" name="runnerMethod" time="10.051">
    <skipped/>
  </testcase> <!-- runnerMethod -->
  <testcase classname="testCases.LoginPageTest" name="runnerMethod" time="128.627"/>
  <testcase classname="testCases.LoginPageTest" name="runnerMethod" time="10.074">
    <skipped/>
  </testcase> <!-- runnerMethod -->
  <testcase classname="testCases.LoginPageTest" name="runnerMethod" time="130.589"/>
  <testcase classname="testCases.LoginPageTest" name="runnerMethod" time="10.026">
    <skipped/>
  </testcase> <!-- runnerMethod -->
  <testcase classname="testCases.LoginPageTest" name="runnerMethod" time="132.89"/>
  <testcase classname="testCases.LoginPageTest" name="runnerMethod" time="10.035">
    <skipped/>
  </testcase> <!-- runnerMethod -->
  <testcase classname="testCases.LoginPageTest" name="runnerMethod" time="128.002"/>
  <testcase classname="testCases.LoginPageTest" name="runnerMethod" time="10.047">
    <skipped/>
  </testcase> <!-- runnerMethod -->
  <testcase classname="testCases.LoginPageTest" name="runnerMethod" time="81.446">
    <skipped/>
  </testcase> <!-- runnerMethod -->
  <testcase classname="testCases.LoginPageTest" name="runnerMethod" time="138.863"/>
  <testcase classname="testCases.LoginPageTest" name="runnerMethod" time="10.059">
    <skipped/>
  </testcase> <!-- runnerMethod -->
  <testcase classname="testCases.LoginPageTest" name="runnerMethod" time="130.812"/>
  <testcase classname="testCases.LoginPageTest" name="runnerMethod" time="10.03">
    <skipped/>
  </testcase> <!-- runnerMethod -->
  <testcase classname="testCases.LoginPageTest" name="runnerMethod" time="130.973"/>
  <testcase classname="testCases.LoginPageTest" name="runnerMethod" time="10.025">
    <skipped/>
  </testcase> <!-- runnerMethod -->
  <testcase classname="testCases.LoginPageTest" name="runnerMethod" time="133.378"/>
  <testcase classname="testCases.LoginPageTest" name="runnerMethod" time="9.998">
    <skipped/>
  </testcase> <!-- runnerMethod -->
  <testcase classname="testCases.LoginPageTest" name="runnerMethod" time="80.537">
    <skipped/>
  </testcase> <!-- runnerMethod -->
  <testcase classname="testCases.LoginPageTest" name="runnerMethod" time="131.367"/>
  <testcase classname="testCases.LoginPageTest" name="runnerMethod" time="10.017">
    <skipped/>
  </testcase> <!-- runnerMethod -->
  <testcase classname="testCases.LoginPageTest" name="runnerMethod" time="136.736"/>
  <testcase classname="testCases.LoginPageTest" name="runnerMethod" time="10.041">
    <skipped/>
  </testcase> <!-- runnerMethod -->
  <testcase classname="testCases.LoginPageTest" name="runnerMethod" time="126.525"/>
  <testcase classname="testCases.LoginPageTest" name="runnerMethod" time="9.999">
    <skipped/>
  </testcase> <!-- runnerMethod -->
  <testcase classname="testCases.LoginPageTest" name="runnerMethod" time="137.929"/>
  <testcase classname="testCases.LoginPageTest" name="runnerMethod" time="10.031">
    <skipped/>
  </testcase> <!-- runnerMethod -->
  <testcase classname="testCases.LoginPageTest" name="runnerMethod" time="127.994"/>
  <testcase classname="testCases.LoginPageTest" name="runnerMethod" time="10.046">
    <skipped/>
  </testcase> <!-- runnerMethod -->
  <testcase classname="testCases.LoginPageTest" name="runnerMethod" time="128.061"/>
</testsuite> <!-- Regression Test -->
