<?xml version="1.0" encoding="UTF-8"?>
<testng-results retried="54" ignored="0" total="83" passed="2" failed="27" skipped="0">
  <reporter-output>
  </reporter-output>
  <suite started-at="2023-11-08T13:26:33 IST" name="RSG Suite" finished-at="2023-11-08T13:59:11 IST" duration-ms="1958142">
    <groups>
    </groups>
    <test started-at="2023-11-08T13:26:33 IST" name="Regression Test" finished-at="2023-11-08T13:59:11 IST" duration-ms="1958142">
      <class name="testCases.LoginPageTest">
        <test-method is-config="true" signature="loadPropertyFile()[pri:0, instance:testCases.LoginPageTest@1dd0e7c4]" started-at="2023-11-08T13:26:33 IST" name="loadPropertyFile" finished-at="2023-11-08T13:26:33 IST" duration-ms="5" status="PASS">
          <reporter-output>
          </reporter-output>
        </test-method> <!-- loadPropertyFile -->
        <test-method signature="launchBrowser(java.util.Map)[pri:0, instance:testCases.LoginPageTest@1dd0e7c4]" started-at="2023-11-08T13:26:33 IST" name="launchBrowser" data-provider="Datafromexcel" finished-at="2023-11-08T13:32:49 IST" duration-ms="375391" status="PASS">
          <params>
            <param index="0">
              <value>
                <![CDATA[{=, Opening Protection=Only glass opening are protected, Product=DP3, Policy Number=, Agency Name=Dickens Vanessa, Heating Type Year Of Update=2011, Year Built=1990, Tours Conducted=No, RenovationCost=, Fire Station=Less than 5 Miles, VA_Property Fenced=, Fire Hydrant=Less than 1000 feet, Electric Type Year Of Update=2012, Lapse in Coverage=No, Cancel Type=Prorata, DOB=01/06/1989, Cladding Type=Stucco, Heating Type=Natural Gas, Secondary Water Resistance(SWR)=, Insured Employ Any Employees=No, Cancel Effective Date=11/10/2023, Principal First Name=, Type of Endorsement=, Green Upgrade=Yes, Cancel Reason=Non-Payment, Special Cov A=No, Special Cov C=Yes, Amount Paid=, High Profile=No, Quote Type=, Identity Fraud=No, Endorsement Notes=test, BRPurchasePrice=, Electric Type=Circuit Breaker (Greater than 100 amp), Expected UMR No=C0702BB304150r, Floor in which the condo unit is Present=, Insured Type=Individual, VA_Property to be sold in next 12 months=, VA_Vacant Date=, Expected Result=, Extended Replacement Cost=Yes, Gutters Present=, RC on Contents=No, Contact First Name=, Loss Settlement Contents=Replacement Cost, Last Name=UK_01, Square Feet=1200, Heating Update Type=, Insurer=, Premises Coverages for Owners=, License No=, BRPurchaseDate=, VA_Purchase Price=, Multi-location count=, Roof Covering Update Type=, Swimming Pool=Yes, VA_RenovationCompleted=, Roof Covering=Unknown, AI Name=, RCV/ACV=RCV, Trust Name=, Knob/Aluminium/ClothWiring=, Type of Loss=, All Business Activities=No, RenovationBegun=, VA_Date of Purchase=, Quote Number=2377603, CompletionDate=, Policy Term=, Water Damage Sublimit=None, Total Stories of Condo Building=, Plumbing Type Year Of Update=2003, Animal Attack History=No, Primary Flood Cov=$25,000 Sub-limit, OL Liability=, Carrier Representative=, No. of Stories=1, Loss Assessment=$9,000, Test Data No=9, Historic Place=No, Greater than 10 acres=No, Do any of the following apply?=, RenovationType=, Declined by Prior Carrier=No, Principal DOB=, Vandalism or Malicious Mischief=No, Phone Number=8154233716, Full Interior Sprinkler System=Yes, Result in UI=Pass /MLH-0016696-1, Personal Liability=$500,000, Beach Territory=No, Personal Injury Cov=Yes, LLC Name=0, First Name=Canopius_01, Number of claims=0, Reinstate Reason=Payment Received, Developer's spec home=No, Risk address same as Mailing address?=N, Declined by QuickHome Carrier=No, Cheque Number=1234, Date of Loss=, Carrier=1153 One London, Date Declined=, Braced/Unbraced=, Slope of Roof=, Schedule of forms=VA, AI Type=, Limited Mold Coverage=None, Billing type=Agency Bill, Wind Deductible=15%, RenovationCompleted=, Description of Loss=, Water Backup=$25,000, VA_Purchasedin12months=, Protection Class=5, Fasterners=, DTC=508.41, Trustee DOB=, BR_PropertyIntention=, Other Structure=N, Roof Shape=Flat Roof, Coverage D=28376, Coverage A=400000, Coverage B=400000, RenovationDoneByLicensedInsured=, Does the roof have parapets?=, Coverage C=70945, Water Damage Deductible=None, Wind Rating=, Childcare or Other=No, AI Address=, Number of Units=Fourplex, RenovationCompletesIn3Months=, Payee Name=Alex, Location Type=, Last Date of Coverage=, Trustee First Name=, Mailing Address=30 Adriatic Dr, Hampton, VA 23664, USA, Extended Coverage=, BRLocationPurchasedIn12Months=, Water Heater Year Of Update=2008, Return Policy Fee=No, Roof Covering Year Of Update=2002, Principal Last Name=, Override DTC=Yes, Ordinance or Law Coverage=, Golf Cart Collision=$5,000, Plumbing Type=Copper, BR_PropertyFLB=, Password=Welcome*1, Risk Address=30 Adriatic Dr, Hampton, VA 23664, USA, AOP=$2,500, Medical Payments=$2,000, Diligent Name=, Purpose=, Quote Note=, Roof Anchor=Single Wraps, Number of Children=, Diligent Title=, Trustee Last Name=, RenovationGoingOn=, Condo Unit Number=2, UOM=Miles, Username=lsingleton, Fully Fenced=No, Alarm=Local Fire/Smoke & Burglar Alarm, Earthquake Coverage=0, Occupancy Type=Rental - Short Term/Seasonal, Electric Type Update Type=, Construction Type=Superior, Protection Size=}]]>
              </value>
            </param>
          </params>
          <reporter-output>
          </reporter-output>
        </test-method> <!-- launchBrowser -->
        <test-method signature="launchBrowser(java.util.Map)[pri:0, instance:testCases.LoginPageTest@1dd0e7c4]" started-at="2023-11-08T13:32:49 IST" name="launchBrowser" data-provider="Datafromexcel" finished-at="2023-11-08T13:41:44 IST" duration-ms="535293" status="PASS">
          <params>
            <param index="0">
              <value>
                <![CDATA[{=, Opening Protection=Only glass opening are protected, Product=DP3, Policy Number=, Agency Name=Dickens Vanessa, Heating Type Year Of Update=2011, Year Built=1990, Tours Conducted=No, RenovationCost=, Fire Station=Less than 5 Miles, VA_Property Fenced=, Fire Hydrant=Less than 1000 feet, Electric Type Year Of Update=2012, Lapse in Coverage=No, Cancel Type=Prorata, DOB=01/06/1989, Cladding Type=Stucco, Heating Type=Natural Gas, Secondary Water Resistance(SWR)=, Insured Employ Any Employees=No, Cancel Effective Date=11/10/2023, Principal First Name=, Type of Endorsement=, Green Upgrade=Yes, Cancel Reason=Non-Payment, Special Cov A=No, Special Cov C=Yes, Amount Paid=, High Profile=No, Quote Type=, Identity Fraud=No, Endorsement Notes=test, BRPurchasePrice=, Electric Type=Circuit Breaker (Greater than 100 amp), Expected UMR No=C0702BB304150r, Floor in which the condo unit is Present=, Insured Type=Individual, VA_Property to be sold in next 12 months=, VA_Vacant Date=, Expected Result=, Extended Replacement Cost=Yes, Gutters Present=, RC on Contents=No, Contact First Name=, Loss Settlement Contents=Replacement Cost, Last Name=UK_01, Square Feet=1200, Heating Update Type=, Insurer=, Premises Coverages for Owners=, License No=, BRPurchaseDate=, VA_Purchase Price=, Multi-location count=, Roof Covering Update Type=, Swimming Pool=Yes, VA_RenovationCompleted=, Roof Covering=Unknown, AI Name=, RCV/ACV=RCV, Trust Name=, Knob/Aluminium/ClothWiring=, Type of Loss=, All Business Activities=No, RenovationBegun=, VA_Date of Purchase=, Quote Number=2377605, CompletionDate=, Policy Term=, Water Damage Sublimit=None, Total Stories of Condo Building=, Plumbing Type Year Of Update=2003, Animal Attack History=No, Primary Flood Cov=$25,000 Sub-limit, OL Liability=, Carrier Representative=, No. of Stories=1, Loss Assessment=$9,000, Test Data No=10, Historic Place=No, Greater than 10 acres=No, Do any of the following apply?=, RenovationType=, Declined by Prior Carrier=No, Principal DOB=, Vandalism or Malicious Mischief=No, Phone Number=8154233716, Full Interior Sprinkler System=Yes, Result in UI=Pass /MLH-0016696-1, Personal Liability=$500,000, Beach Territory=No, Personal Injury Cov=Yes, LLC Name=0, First Name=Canopius_01, Number of claims=0, Reinstate Reason=Payment Received, Developer's spec home=No, Risk address same as Mailing address?=N, Declined by QuickHome Carrier=No, Cheque Number=1234, Date of Loss=, Carrier=1153 One London, Date Declined=, Braced/Unbraced=, Slope of Roof=, Schedule of forms=VA, AI Type=, Limited Mold Coverage=None, Billing type=Agency Bill, Wind Deductible=15%, RenovationCompleted=, Description of Loss=, Water Backup=$25,000, VA_Purchasedin12months=, Protection Class=5, Fasterners=, DTC=508.41, Trustee DOB=, BR_PropertyIntention=, Other Structure=N, Roof Shape=Flat Roof, Coverage D=28376, Coverage A=400000, Coverage B=400000, RenovationDoneByLicensedInsured=, Does the roof have parapets?=, Coverage C=70945, Water Damage Deductible=None, Wind Rating=, Childcare or Other=No, AI Address=, Number of Units=Fourplex, RenovationCompletesIn3Months=, Payee Name=Alex, Location Type=, Last Date of Coverage=, Trustee First Name=, Mailing Address=30 Adriatic Dr, Hampton, VA 23664, USA, Extended Coverage=, BRLocationPurchasedIn12Months=, Water Heater Year Of Update=2008, Return Policy Fee=No, Roof Covering Year Of Update=2002, Principal Last Name=, Override DTC=Yes, Ordinance or Law Coverage=, Golf Cart Collision=$5,000, Plumbing Type=Copper, BR_PropertyFLB=, Password=Welcome*1, Risk Address=30 Adriatic Dr, Hampton, VA 23664, USA, AOP=$2,500, Medical Payments=$2,000, Diligent Name=, Purpose=, Quote Note=, Roof Anchor=Single Wraps, Number of Children=, Diligent Title=, Trustee Last Name=, RenovationGoingOn=, Condo Unit Number=2, UOM=Miles, Username=lsingleton, Fully Fenced=No, Alarm=Local Fire/Smoke & Burglar Alarm, Earthquake Coverage=0, Occupancy Type=Rental - Short Term/Seasonal, Electric Type Update Type=, Construction Type=Superior, Protection Size=}]]>
              </value>
            </param>
          </params>
          <reporter-output>
          </reporter-output>
        </test-method> <!-- launchBrowser -->
        <test-method retried="true" signature="launchBrowser(java.util.Map)[pri:0, instance:testCases.LoginPageTest@1dd0e7c4]" started-at="2023-11-08T13:41:44 IST" name="launchBrowser" data-provider="Datafromexcel" finished-at="2023-11-08T13:41:57 IST" duration-ms="13121" status="SKIP">
          <params>
            <param index="0">
              <value>
                <![CDATA[{=, Opening Protection=, Product=, Policy Number=, Agency Name=, Heating Type Year Of Update=, Year Built=, Tours Conducted=, RenovationCost=, Fire Station=, VA_Property Fenced=, Fire Hydrant=, Electric Type Year Of Update=, Lapse in Coverage=, Cancel Type=, DOB=, Cladding Type=, Heating Type=, Secondary Water Resistance(SWR)=, Insured Employ Any Employees=, Cancel Effective Date=, Principal First Name=, Type of Endorsement=, Green Upgrade=, Cancel Reason=, Special Cov A=, Special Cov C=, Amount Paid=, High Profile=, Quote Type=, Identity Fraud=, Endorsement Notes=, BRPurchasePrice=, Electric Type=, Expected UMR No=C0702BB304150r, Floor in which the condo unit is Present=, Insured Type=, VA_Property to be sold in next 12 months=, VA_Vacant Date=, Expected Result=, Extended Replacement Cost=, Gutters Present=, RC on Contents=, Contact First Name=, Loss Settlement Contents=, Last Name=UK_02, Square Feet=, Heating Update Type=, Insurer=, Premises Coverages for Owners=, License No=, BRPurchaseDate=, VA_Purchase Price=, Multi-location count=, Roof Covering Update Type=, Swimming Pool=, VA_RenovationCompleted=, Roof Covering=, AI Name=, RCV/ACV=, Trust Name=, Knob/Aluminium/ClothWiring=, Type of Loss=, All Business Activities=, RenovationBegun=, VA_Date of Purchase=, Quote Number=, CompletionDate=, Policy Term=, Water Damage Sublimit=, Total Stories of Condo Building=, Plumbing Type Year Of Update=, Animal Attack History=, Primary Flood Cov=, OL Liability=, Carrier Representative=, No. of Stories=, Loss Assessment=, Test Data No=, Historic Place=, Greater than 10 acres=, Do any of the following apply?=, RenovationType=, Declined by Prior Carrier=, Principal DOB=, Vandalism or Malicious Mischief=, Phone Number=, Full Interior Sprinkler System=, Result in UI=, Personal Liability=, Beach Territory=, Personal Injury Cov=, LLC Name=, First Name=Canopius_02, Number of claims=, Reinstate Reason=, Developer's spec home=, Risk address same as Mailing address?=, Declined by QuickHome Carrier=, Cheque Number=1234, Date of Loss=, Carrier=, Date Declined=, Braced/Unbraced=, Slope of Roof=, Schedule of forms=, AI Type=, Limited Mold Coverage=, Billing type=, Wind Deductible=, RenovationCompleted=, Description of Loss=, Water Backup=, VA_Purchasedin12months=, Protection Class=, Fasterners=, DTC=, Trustee DOB=, BR_PropertyIntention=, Other Structure=, Roof Shape=, Coverage D=, Coverage A=, Coverage B=, RenovationDoneByLicensedInsured=, Does the roof have parapets?=, Coverage C=, Water Damage Deductible=, Wind Rating=, Childcare or Other=, AI Address=, Number of Units=, RenovationCompletesIn3Months=, Payee Name=Alex, Location Type=, Last Date of Coverage=, Trustee First Name=, Mailing Address=, Extended Coverage=, BRLocationPurchasedIn12Months=, Water Heater Year Of Update=, Return Policy Fee=, Roof Covering Year Of Update=, Principal Last Name=, Override DTC=, Ordinance or Law Coverage=, Golf Cart Collision=, Plumbing Type=, BR_PropertyFLB=, Password=, Risk Address=, AOP=, Medical Payments=, Diligent Name=, Purpose=, Quote Note=, Roof Anchor=, Number of Children=, Diligent Title=, Trustee Last Name=, RenovationGoingOn=, Condo Unit Number=, UOM=, Username=, Fully Fenced=, Alarm=, Earthquake Coverage=, Occupancy Type=, Electric Type Update Type=, Construction Type=, Protection Size=}]]>
              </value>
            </param>
          </params>
          <exception class="org.openqa.selenium.NoSuchElementException">
            <message>
              <![CDATA[no such element: Unable to locate element: {"method":"xpath","selector":"//img[@id="PlForms:find_expand_display"]"}
  (Session info: chrome=118.0.5993.118)
For documentation on this error, please visit: https://selenium.dev/exceptions/#no_such_element
Build info: version: '4.4.0', revision: 'e5c75ed026a'
System info: host: 'LT2566', ip: '10.200.15.16', os.name: 'Windows 11', os.arch: 'amd64', os.version: '10.0', java.version: '17.0.4.1'
Driver info: org.openqa.selenium.chrome.ChromeDriver
Command: [b131a915d965a26eac589216d6b8667d, findElement {using=xpath, value=//img[@id="PlForms:find_expand_display"]}]
Capabilities {acceptInsecureCerts: false, browserName: chrome, browserVersion: 118.0.5993.118, chrome: {chromedriverVersion: 118.0.5993.70 (e52f33f30b91..., userDataDir: C:\Users\PADREA~1\AppData\L...}, fedcm:accounts: true, goog:chromeOptions: {debuggerAddress: localhost:50007}, networkConnectionEnabled: false, pageLoadStrategy: normal, platformName: WINDOWS, proxy: Proxy(), se:cdp: ws://localhost:50007/devtoo..., se:cdpVersion: 118.0.5993.118, setWindowRect: true, strictFileInteractability: false, timeouts: {implicit: 0, pageLoad: 300000, script: 30000}, unhandledPromptBehavior: dismiss and notify, webauthn:extension:credBlob: true, webauthn:extension:largeBlob: true, webauthn:extension:minPinLength: true, webauthn:extension:prf: true, webauthn:virtualAuthenticators: true}
Session ID: b131a915d965a26eac589216d6b8667d]]>
            </message>
            <full-stacktrace>
              <![CDATA[org.openqa.selenium.NoSuchElementException: no such element: Unable to locate element: {"method":"xpath","selector":"//img[@id="PlForms:find_expand_display"]"}
  (Session info: chrome=118.0.5993.118)
For documentation on this error, please visit: https://selenium.dev/exceptions/#no_such_element
Build info: version: '4.4.0', revision: 'e5c75ed026a'
System info: host: 'LT2566', ip: '10.200.15.16', os.name: 'Windows 11', os.arch: 'amd64', os.version: '10.0', java.version: '17.0.4.1'
Driver info: org.openqa.selenium.chrome.ChromeDriver
Command: [b131a915d965a26eac589216d6b8667d, findElement {using=xpath, value=//img[@id="PlForms:find_expand_display"]}]
Capabilities {acceptInsecureCerts: false, browserName: chrome, browserVersion: 118.0.5993.118, chrome: {chromedriverVersion: 118.0.5993.70 (e52f33f30b91..., userDataDir: C:\Users\PADREA~1\AppData\L...}, fedcm:accounts: true, goog:chromeOptions: {debuggerAddress: localhost:50007}, networkConnectionEnabled: false, pageLoadStrategy: normal, platformName: WINDOWS, proxy: Proxy(), se:cdp: ws://localhost:50007/devtoo..., se:cdpVersion: 118.0.5993.118, setWindowRect: true, strictFileInteractability: false, timeouts: {implicit: 0, pageLoad: 300000, script: 30000}, unhandledPromptBehavior: dismiss and notify, webauthn:extension:credBlob: true, webauthn:extension:largeBlob: true, webauthn:extension:minPinLength: true, webauthn:extension:prf: true, webauthn:virtualAuthenticators: true}
Session ID: b131a915d965a26eac589216d6b8667d
at jdk.internal.reflect.GeneratedConstructorAccessor35.newInstance(Unknown Source)
at java.base/jdk.internal.reflect.DelegatingConstructorAccessorImpl.newInstance(DelegatingConstructorAccessorImpl.java:45)
at java.base/java.lang.reflect.Constructor.newInstanceWithCaller(Constructor.java:499)
at java.base/java.lang.reflect.Constructor.newInstance(Constructor.java:480)
at org.openqa.selenium.remote.codec.w3c.W3CHttpResponseCodec.createException(W3CHttpResponseCodec.java:200)
at org.openqa.selenium.remote.codec.w3c.W3CHttpResponseCodec.decode(W3CHttpResponseCodec.java:133)
at org.openqa.selenium.remote.codec.w3c.W3CHttpResponseCodec.decode(W3CHttpResponseCodec.java:53)
at org.openqa.selenium.remote.HttpCommandExecutor.execute(HttpCommandExecutor.java:184)
at org.openqa.selenium.remote.service.DriverCommandExecutor.invokeExecute(DriverCommandExecutor.java:167)
at org.openqa.selenium.remote.service.DriverCommandExecutor.execute(DriverCommandExecutor.java:142)
at org.openqa.selenium.remote.RemoteWebDriver.execute(RemoteWebDriver.java:547)
at org.openqa.selenium.remote.ElementLocation$ElementFinder$2.findElement(ElementLocation.java:162)
at org.openqa.selenium.remote.ElementLocation.findElement(ElementLocation.java:60)
at org.openqa.selenium.remote.RemoteWebDriver.findElement(RemoteWebDriver.java:365)
at org.openqa.selenium.remote.RemoteWebDriver.findElement(RemoteWebDriver.java:357)
at org.openqa.selenium.support.pagefactory.DefaultElementLocator.findElement(DefaultElementLocator.java:70)
at org.openqa.selenium.support.pagefactory.internal.LocatingElementHandler.invoke(LocatingElementHandler.java:39)
at jdk.proxy2/jdk.proxy2.$Proxy17.click(Unknown Source)
at testCases.FindQuoteTest.FindAndClickQuote(FindQuoteTest.java:23)
at testCases.LoginPageTest.runnerMethod(LoginPageTest.java:43)
at utilClass.CommonFunctions.launchBrowser(CommonFunctions.java:94)
at java.base/jdk.internal.reflect.NativeMethodAccessorImpl.invoke0(Native Method)
at java.base/jdk.internal.reflect.NativeMethodAccessorImpl.invoke(NativeMethodAccessorImpl.java:77)
at java.base/jdk.internal.reflect.DelegatingMethodAccessorImpl.invoke(DelegatingMethodAccessorImpl.java:43)
at java.base/java.lang.reflect.Method.invoke(Method.java:568)
at org.testng.internal.MethodInvocationHelper.invokeMethod(MethodInvocationHelper.java:133)
at org.testng.internal.TestInvoker.invokeMethod(TestInvoker.java:598)
at org.testng.internal.TestInvoker.invokeTestMethod(TestInvoker.java:173)
at org.testng.internal.MethodRunner.runInSequence(MethodRunner.java:46)
at org.testng.internal.TestInvoker$MethodInvocationAgent.invoke(TestInvoker.java:824)
at org.testng.internal.TestInvoker.invokeTestMethods(TestInvoker.java:146)
at org.testng.internal.TestMethodWorker.invokeTestMethods(TestMethodWorker.java:146)
at org.testng.internal.TestMethodWorker.run(TestMethodWorker.java:128)
at java.base/java.util.ArrayList.forEach(ArrayList.java:1511)
at org.testng.TestRunner.privateRun(TestRunner.java:794)
at org.testng.TestRunner.run(TestRunner.java:596)
at org.testng.SuiteRunner.runTest(SuiteRunner.java:377)
at org.testng.SuiteRunner.runSequentially(SuiteRunner.java:371)
at org.testng.SuiteRunner.privateRun(SuiteRunner.java:332)
at org.testng.SuiteRunner.run(SuiteRunner.java:276)
at org.testng.SuiteRunnerWorker.runSuite(SuiteRunnerWorker.java:53)
at org.testng.SuiteRunnerWorker.run(SuiteRunnerWorker.java:96)
at org.testng.TestNG.runSuitesSequentially(TestNG.java:1212)
at org.testng.TestNG.runSuitesLocally(TestNG.java:1134)
at org.testng.TestNG.runSuites(TestNG.java:1063)
at org.testng.TestNG.run(TestNG.java:1031)
at org.testng.remote.AbstractRemoteTestNG.run(AbstractRemoteTestNG.java:115)
at org.testng.remote.RemoteTestNG.initAndRun(RemoteTestNG.java:251)
at org.testng.remote.RemoteTestNG.main(RemoteTestNG.java:77)
]]>
            </full-stacktrace>
          </exception> <!-- org.openqa.selenium.NoSuchElementException -->
          <reporter-output>
          </reporter-output>
        </test-method> <!-- launchBrowser -->
        <test-method retried="true" signature="launchBrowser(java.util.Map)[pri:0, instance:testCases.LoginPageTest@1dd0e7c4]" started-at="2023-11-08T13:41:58 IST" name="launchBrowser" data-provider="Datafromexcel" finished-at="2023-11-08T13:42:10 IST" duration-ms="12872" status="SKIP">
          <params>
            <param index="0">
              <value>
                <![CDATA[{=, Opening Protection=, Product=, Policy Number=, Agency Name=, Heating Type Year Of Update=, Year Built=, Tours Conducted=, RenovationCost=, Fire Station=, VA_Property Fenced=, Fire Hydrant=, Electric Type Year Of Update=, Lapse in Coverage=, Cancel Type=, DOB=, Cladding Type=, Heating Type=, Secondary Water Resistance(SWR)=, Insured Employ Any Employees=, Cancel Effective Date=, Principal First Name=, Type of Endorsement=, Green Upgrade=, Cancel Reason=, Special Cov A=, Special Cov C=, Amount Paid=, High Profile=, Quote Type=, Identity Fraud=, Endorsement Notes=, BRPurchasePrice=, Electric Type=, Expected UMR No=C0702BB304150r, Floor in which the condo unit is Present=, Insured Type=, VA_Property to be sold in next 12 months=, VA_Vacant Date=, Expected Result=, Extended Replacement Cost=, Gutters Present=, RC on Contents=, Contact First Name=, Loss Settlement Contents=, Last Name=UK_02, Square Feet=, Heating Update Type=, Insurer=, Premises Coverages for Owners=, License No=, BRPurchaseDate=, VA_Purchase Price=, Multi-location count=, Roof Covering Update Type=, Swimming Pool=, VA_RenovationCompleted=, Roof Covering=, AI Name=, RCV/ACV=, Trust Name=, Knob/Aluminium/ClothWiring=, Type of Loss=, All Business Activities=, RenovationBegun=, VA_Date of Purchase=, Quote Number=, CompletionDate=, Policy Term=, Water Damage Sublimit=, Total Stories of Condo Building=, Plumbing Type Year Of Update=, Animal Attack History=, Primary Flood Cov=, OL Liability=, Carrier Representative=, No. of Stories=, Loss Assessment=, Test Data No=, Historic Place=, Greater than 10 acres=, Do any of the following apply?=, RenovationType=, Declined by Prior Carrier=, Principal DOB=, Vandalism or Malicious Mischief=, Phone Number=, Full Interior Sprinkler System=, Result in UI=, Personal Liability=, Beach Territory=, Personal Injury Cov=, LLC Name=, First Name=Canopius_02, Number of claims=, Reinstate Reason=, Developer's spec home=, Risk address same as Mailing address?=, Declined by QuickHome Carrier=, Cheque Number=1234, Date of Loss=, Carrier=, Date Declined=, Braced/Unbraced=, Slope of Roof=, Schedule of forms=, AI Type=, Limited Mold Coverage=, Billing type=, Wind Deductible=, RenovationCompleted=, Description of Loss=, Water Backup=, VA_Purchasedin12months=, Protection Class=, Fasterners=, DTC=, Trustee DOB=, BR_PropertyIntention=, Other Structure=, Roof Shape=, Coverage D=, Coverage A=, Coverage B=, RenovationDoneByLicensedInsured=, Does the roof have parapets?=, Coverage C=, Water Damage Deductible=, Wind Rating=, Childcare or Other=, AI Address=, Number of Units=, RenovationCompletesIn3Months=, Payee Name=Alex, Location Type=, Last Date of Coverage=, Trustee First Name=, Mailing Address=, Extended Coverage=, BRLocationPurchasedIn12Months=, Water Heater Year Of Update=, Return Policy Fee=, Roof Covering Year Of Update=, Principal Last Name=, Override DTC=, Ordinance or Law Coverage=, Golf Cart Collision=, Plumbing Type=, BR_PropertyFLB=, Password=, Risk Address=, AOP=, Medical Payments=, Diligent Name=, Purpose=, Quote Note=, Roof Anchor=, Number of Children=, Diligent Title=, Trustee Last Name=, RenovationGoingOn=, Condo Unit Number=, UOM=, Username=, Fully Fenced=, Alarm=, Earthquake Coverage=, Occupancy Type=, Electric Type Update Type=, Construction Type=, Protection Size=}]]>
              </value>
            </param>
          </params>
          <exception class="org.openqa.selenium.NoSuchElementException">
            <message>
              <![CDATA[no such element: Unable to locate element: {"method":"xpath","selector":"//img[@id="PlForms:find_expand_display"]"}
  (Session info: chrome=118.0.5993.118)
For documentation on this error, please visit: https://selenium.dev/exceptions/#no_such_element
Build info: version: '4.4.0', revision: 'e5c75ed026a'
System info: host: 'LT2566', ip: '10.200.15.16', os.name: 'Windows 11', os.arch: 'amd64', os.version: '10.0', java.version: '17.0.4.1'
Driver info: org.openqa.selenium.chrome.ChromeDriver
Command: [bc8df56ea6f829f187e1ef37594119db, findElement {using=xpath, value=//img[@id="PlForms:find_expand_display"]}]
Capabilities {acceptInsecureCerts: false, browserName: chrome, browserVersion: 118.0.5993.118, chrome: {chromedriverVersion: 118.0.5993.70 (e52f33f30b91..., userDataDir: C:\Users\PADREA~1\AppData\L...}, fedcm:accounts: true, goog:chromeOptions: {debuggerAddress: localhost:50037}, networkConnectionEnabled: false, pageLoadStrategy: normal, platformName: WINDOWS, proxy: Proxy(), se:cdp: ws://localhost:50037/devtoo..., se:cdpVersion: 118.0.5993.118, setWindowRect: true, strictFileInteractability: false, timeouts: {implicit: 0, pageLoad: 300000, script: 30000}, unhandledPromptBehavior: dismiss and notify, webauthn:extension:credBlob: true, webauthn:extension:largeBlob: true, webauthn:extension:minPinLength: true, webauthn:extension:prf: true, webauthn:virtualAuthenticators: true}
Session ID: bc8df56ea6f829f187e1ef37594119db]]>
            </message>
            <full-stacktrace>
              <![CDATA[org.openqa.selenium.NoSuchElementException: no such element: Unable to locate element: {"method":"xpath","selector":"//img[@id="PlForms:find_expand_display"]"}
  (Session info: chrome=118.0.5993.118)
For documentation on this error, please visit: https://selenium.dev/exceptions/#no_such_element
Build info: version: '4.4.0', revision: 'e5c75ed026a'
System info: host: 'LT2566', ip: '10.200.15.16', os.name: 'Windows 11', os.arch: 'amd64', os.version: '10.0', java.version: '17.0.4.1'
Driver info: org.openqa.selenium.chrome.ChromeDriver
Command: [bc8df56ea6f829f187e1ef37594119db, findElement {using=xpath, value=//img[@id="PlForms:find_expand_display"]}]
Capabilities {acceptInsecureCerts: false, browserName: chrome, browserVersion: 118.0.5993.118, chrome: {chromedriverVersion: 118.0.5993.70 (e52f33f30b91..., userDataDir: C:\Users\PADREA~1\AppData\L...}, fedcm:accounts: true, goog:chromeOptions: {debuggerAddress: localhost:50037}, networkConnectionEnabled: false, pageLoadStrategy: normal, platformName: WINDOWS, proxy: Proxy(), se:cdp: ws://localhost:50037/devtoo..., se:cdpVersion: 118.0.5993.118, setWindowRect: true, strictFileInteractability: false, timeouts: {implicit: 0, pageLoad: 300000, script: 30000}, unhandledPromptBehavior: dismiss and notify, webauthn:extension:credBlob: true, webauthn:extension:largeBlob: true, webauthn:extension:minPinLength: true, webauthn:extension:prf: true, webauthn:virtualAuthenticators: true}
Session ID: bc8df56ea6f829f187e1ef37594119db
at jdk.internal.reflect.GeneratedConstructorAccessor35.newInstance(Unknown Source)
at java.base/jdk.internal.reflect.DelegatingConstructorAccessorImpl.newInstance(DelegatingConstructorAccessorImpl.java:45)
at java.base/java.lang.reflect.Constructor.newInstanceWithCaller(Constructor.java:499)
at java.base/java.lang.reflect.Constructor.newInstance(Constructor.java:480)
at org.openqa.selenium.remote.codec.w3c.W3CHttpResponseCodec.createException(W3CHttpResponseCodec.java:200)
at org.openqa.selenium.remote.codec.w3c.W3CHttpResponseCodec.decode(W3CHttpResponseCodec.java:133)
at org.openqa.selenium.remote.codec.w3c.W3CHttpResponseCodec.decode(W3CHttpResponseCodec.java:53)
at org.openqa.selenium.remote.HttpCommandExecutor.execute(HttpCommandExecutor.java:184)
at org.openqa.selenium.remote.service.DriverCommandExecutor.invokeExecute(DriverCommandExecutor.java:167)
at org.openqa.selenium.remote.service.DriverCommandExecutor.execute(DriverCommandExecutor.java:142)
at org.openqa.selenium.remote.RemoteWebDriver.execute(RemoteWebDriver.java:547)
at org.openqa.selenium.remote.ElementLocation$ElementFinder$2.findElement(ElementLocation.java:162)
at org.openqa.selenium.remote.ElementLocation.findElement(ElementLocation.java:60)
at org.openqa.selenium.remote.RemoteWebDriver.findElement(RemoteWebDriver.java:365)
at org.openqa.selenium.remote.RemoteWebDriver.findElement(RemoteWebDriver.java:357)
at org.openqa.selenium.support.pagefactory.DefaultElementLocator.findElement(DefaultElementLocator.java:70)
at org.openqa.selenium.support.pagefactory.internal.LocatingElementHandler.invoke(LocatingElementHandler.java:39)
at jdk.proxy2/jdk.proxy2.$Proxy17.click(Unknown Source)
at testCases.FindQuoteTest.FindAndClickQuote(FindQuoteTest.java:23)
at testCases.LoginPageTest.runnerMethod(LoginPageTest.java:43)
at utilClass.CommonFunctions.launchBrowser(CommonFunctions.java:94)
at java.base/jdk.internal.reflect.NativeMethodAccessorImpl.invoke0(Native Method)
at java.base/jdk.internal.reflect.NativeMethodAccessorImpl.invoke(NativeMethodAccessorImpl.java:77)
at java.base/jdk.internal.reflect.DelegatingMethodAccessorImpl.invoke(DelegatingMethodAccessorImpl.java:43)
at java.base/java.lang.reflect.Method.invoke(Method.java:568)
at org.testng.internal.MethodInvocationHelper.invokeMethod(MethodInvocationHelper.java:133)
at org.testng.internal.TestInvoker.invokeMethod(TestInvoker.java:598)
at org.testng.internal.TestInvoker.retryFailed(TestInvoker.java:213)
at org.testng.internal.MethodRunner.runInSequence(MethodRunner.java:58)
at org.testng.internal.TestInvoker$MethodInvocationAgent.invoke(TestInvoker.java:824)
at org.testng.internal.TestInvoker.invokeTestMethods(TestInvoker.java:146)
at org.testng.internal.TestMethodWorker.invokeTestMethods(TestMethodWorker.java:146)
at org.testng.internal.TestMethodWorker.run(TestMethodWorker.java:128)
at java.base/java.util.ArrayList.forEach(ArrayList.java:1511)
at org.testng.TestRunner.privateRun(TestRunner.java:794)
at org.testng.TestRunner.run(TestRunner.java:596)
at org.testng.SuiteRunner.runTest(SuiteRunner.java:377)
at org.testng.SuiteRunner.runSequentially(SuiteRunner.java:371)
at org.testng.SuiteRunner.privateRun(SuiteRunner.java:332)
at org.testng.SuiteRunner.run(SuiteRunner.java:276)
at org.testng.SuiteRunnerWorker.runSuite(SuiteRunnerWorker.java:53)
at org.testng.SuiteRunnerWorker.run(SuiteRunnerWorker.java:96)
at org.testng.TestNG.runSuitesSequentially(TestNG.java:1212)
at org.testng.TestNG.runSuitesLocally(TestNG.java:1134)
at org.testng.TestNG.runSuites(TestNG.java:1063)
at org.testng.TestNG.run(TestNG.java:1031)
at org.testng.remote.AbstractRemoteTestNG.run(AbstractRemoteTestNG.java:115)
at org.testng.remote.RemoteTestNG.initAndRun(RemoteTestNG.java:251)
at org.testng.remote.RemoteTestNG.main(RemoteTestNG.java:77)
]]>
            </full-stacktrace>
          </exception> <!-- org.openqa.selenium.NoSuchElementException -->
          <reporter-output>
          </reporter-output>
        </test-method> <!-- launchBrowser -->
        <test-method signature="launchBrowser(java.util.Map)[pri:0, instance:testCases.LoginPageTest@1dd0e7c4]" started-at="2023-11-08T13:42:11 IST" name="launchBrowser" data-provider="Datafromexcel" finished-at="2023-11-08T13:42:24 IST" duration-ms="12932" status="FAIL">
          <params>
            <param index="0">
              <value>
                <![CDATA[{=, Opening Protection=, Product=, Policy Number=, Agency Name=, Heating Type Year Of Update=, Year Built=, Tours Conducted=, RenovationCost=, Fire Station=, VA_Property Fenced=, Fire Hydrant=, Electric Type Year Of Update=, Lapse in Coverage=, Cancel Type=, DOB=, Cladding Type=, Heating Type=, Secondary Water Resistance(SWR)=, Insured Employ Any Employees=, Cancel Effective Date=, Principal First Name=, Type of Endorsement=, Green Upgrade=, Cancel Reason=, Special Cov A=, Special Cov C=, Amount Paid=, High Profile=, Quote Type=, Identity Fraud=, Endorsement Notes=, BRPurchasePrice=, Electric Type=, Expected UMR No=C0702BB304150r, Floor in which the condo unit is Present=, Insured Type=, VA_Property to be sold in next 12 months=, VA_Vacant Date=, Expected Result=, Extended Replacement Cost=, Gutters Present=, RC on Contents=, Contact First Name=, Loss Settlement Contents=, Last Name=UK_02, Square Feet=, Heating Update Type=, Insurer=, Premises Coverages for Owners=, License No=, BRPurchaseDate=, VA_Purchase Price=, Multi-location count=, Roof Covering Update Type=, Swimming Pool=, VA_RenovationCompleted=, Roof Covering=, AI Name=, RCV/ACV=, Trust Name=, Knob/Aluminium/ClothWiring=, Type of Loss=, All Business Activities=, RenovationBegun=, VA_Date of Purchase=, Quote Number=, CompletionDate=, Policy Term=, Water Damage Sublimit=, Total Stories of Condo Building=, Plumbing Type Year Of Update=, Animal Attack History=, Primary Flood Cov=, OL Liability=, Carrier Representative=, No. of Stories=, Loss Assessment=, Test Data No=, Historic Place=, Greater than 10 acres=, Do any of the following apply?=, RenovationType=, Declined by Prior Carrier=, Principal DOB=, Vandalism or Malicious Mischief=, Phone Number=, Full Interior Sprinkler System=, Result in UI=, Personal Liability=, Beach Territory=, Personal Injury Cov=, LLC Name=, First Name=Canopius_02, Number of claims=, Reinstate Reason=, Developer's spec home=, Risk address same as Mailing address?=, Declined by QuickHome Carrier=, Cheque Number=1234, Date of Loss=, Carrier=, Date Declined=, Braced/Unbraced=, Slope of Roof=, Schedule of forms=, AI Type=, Limited Mold Coverage=, Billing type=, Wind Deductible=, RenovationCompleted=, Description of Loss=, Water Backup=, VA_Purchasedin12months=, Protection Class=, Fasterners=, DTC=, Trustee DOB=, BR_PropertyIntention=, Other Structure=, Roof Shape=, Coverage D=, Coverage A=, Coverage B=, RenovationDoneByLicensedInsured=, Does the roof have parapets?=, Coverage C=, Water Damage Deductible=, Wind Rating=, Childcare or Other=, AI Address=, Number of Units=, RenovationCompletesIn3Months=, Payee Name=Alex, Location Type=, Last Date of Coverage=, Trustee First Name=, Mailing Address=, Extended Coverage=, BRLocationPurchasedIn12Months=, Water Heater Year Of Update=, Return Policy Fee=, Roof Covering Year Of Update=, Principal Last Name=, Override DTC=, Ordinance or Law Coverage=, Golf Cart Collision=, Plumbing Type=, BR_PropertyFLB=, Password=, Risk Address=, AOP=, Medical Payments=, Diligent Name=, Purpose=, Quote Note=, Roof Anchor=, Number of Children=, Diligent Title=, Trustee Last Name=, RenovationGoingOn=, Condo Unit Number=, UOM=, Username=, Fully Fenced=, Alarm=, Earthquake Coverage=, Occupancy Type=, Electric Type Update Type=, Construction Type=, Protection Size=}]]>
              </value>
            </param>
          </params>
          <exception class="org.openqa.selenium.NoSuchElementException">
            <message>
              <![CDATA[no such element: Unable to locate element: {"method":"xpath","selector":"//img[@id="PlForms:find_expand_display"]"}
  (Session info: chrome=118.0.5993.118)
For documentation on this error, please visit: https://selenium.dev/exceptions/#no_such_element
Build info: version: '4.4.0', revision: 'e5c75ed026a'
System info: host: 'LT2566', ip: '10.200.15.16', os.name: 'Windows 11', os.arch: 'amd64', os.version: '10.0', java.version: '17.0.4.1'
Driver info: org.openqa.selenium.chrome.ChromeDriver
Command: [8a010c85974387433d93d3aedb298a14, findElement {using=xpath, value=//img[@id="PlForms:find_expand_display"]}]
Capabilities {acceptInsecureCerts: false, browserName: chrome, browserVersion: 118.0.5993.118, chrome: {chromedriverVersion: 118.0.5993.70 (e52f33f30b91..., userDataDir: C:\Users\PADREA~1\AppData\L...}, fedcm:accounts: true, goog:chromeOptions: {debuggerAddress: localhost:50061}, networkConnectionEnabled: false, pageLoadStrategy: normal, platformName: WINDOWS, proxy: Proxy(), se:cdp: ws://localhost:50061/devtoo..., se:cdpVersion: 118.0.5993.118, setWindowRect: true, strictFileInteractability: false, timeouts: {implicit: 0, pageLoad: 300000, script: 30000}, unhandledPromptBehavior: dismiss and notify, webauthn:extension:credBlob: true, webauthn:extension:largeBlob: true, webauthn:extension:minPinLength: true, webauthn:extension:prf: true, webauthn:virtualAuthenticators: true}
Session ID: 8a010c85974387433d93d3aedb298a14]]>
            </message>
            <full-stacktrace>
              <![CDATA[org.openqa.selenium.NoSuchElementException: no such element: Unable to locate element: {"method":"xpath","selector":"//img[@id="PlForms:find_expand_display"]"}
  (Session info: chrome=118.0.5993.118)
For documentation on this error, please visit: https://selenium.dev/exceptions/#no_such_element
Build info: version: '4.4.0', revision: 'e5c75ed026a'
System info: host: 'LT2566', ip: '10.200.15.16', os.name: 'Windows 11', os.arch: 'amd64', os.version: '10.0', java.version: '17.0.4.1'
Driver info: org.openqa.selenium.chrome.ChromeDriver
Command: [8a010c85974387433d93d3aedb298a14, findElement {using=xpath, value=//img[@id="PlForms:find_expand_display"]}]
Capabilities {acceptInsecureCerts: false, browserName: chrome, browserVersion: 118.0.5993.118, chrome: {chromedriverVersion: 118.0.5993.70 (e52f33f30b91..., userDataDir: C:\Users\PADREA~1\AppData\L...}, fedcm:accounts: true, goog:chromeOptions: {debuggerAddress: localhost:50061}, networkConnectionEnabled: false, pageLoadStrategy: normal, platformName: WINDOWS, proxy: Proxy(), se:cdp: ws://localhost:50061/devtoo..., se:cdpVersion: 118.0.5993.118, setWindowRect: true, strictFileInteractability: false, timeouts: {implicit: 0, pageLoad: 300000, script: 30000}, unhandledPromptBehavior: dismiss and notify, webauthn:extension:credBlob: true, webauthn:extension:largeBlob: true, webauthn:extension:minPinLength: true, webauthn:extension:prf: true, webauthn:virtualAuthenticators: true}
Session ID: 8a010c85974387433d93d3aedb298a14
at jdk.internal.reflect.GeneratedConstructorAccessor35.newInstance(Unknown Source)
at java.base/jdk.internal.reflect.DelegatingConstructorAccessorImpl.newInstance(DelegatingConstructorAccessorImpl.java:45)
at java.base/java.lang.reflect.Constructor.newInstanceWithCaller(Constructor.java:499)
at java.base/java.lang.reflect.Constructor.newInstance(Constructor.java:480)
at org.openqa.selenium.remote.codec.w3c.W3CHttpResponseCodec.createException(W3CHttpResponseCodec.java:200)
at org.openqa.selenium.remote.codec.w3c.W3CHttpResponseCodec.decode(W3CHttpResponseCodec.java:133)
at org.openqa.selenium.remote.codec.w3c.W3CHttpResponseCodec.decode(W3CHttpResponseCodec.java:53)
at org.openqa.selenium.remote.HttpCommandExecutor.execute(HttpCommandExecutor.java:184)
at org.openqa.selenium.remote.service.DriverCommandExecutor.invokeExecute(DriverCommandExecutor.java:167)
at org.openqa.selenium.remote.service.DriverCommandExecutor.execute(DriverCommandExecutor.java:142)
at org.openqa.selenium.remote.RemoteWebDriver.execute(RemoteWebDriver.java:547)
at org.openqa.selenium.remote.ElementLocation$ElementFinder$2.findElement(ElementLocation.java:162)
at org.openqa.selenium.remote.ElementLocation.findElement(ElementLocation.java:60)
at org.openqa.selenium.remote.RemoteWebDriver.findElement(RemoteWebDriver.java:365)
at org.openqa.selenium.remote.RemoteWebDriver.findElement(RemoteWebDriver.java:357)
at org.openqa.selenium.support.pagefactory.DefaultElementLocator.findElement(DefaultElementLocator.java:70)
at org.openqa.selenium.support.pagefactory.internal.LocatingElementHandler.invoke(LocatingElementHandler.java:39)
at jdk.proxy2/jdk.proxy2.$Proxy17.click(Unknown Source)
at testCases.FindQuoteTest.FindAndClickQuote(FindQuoteTest.java:23)
at testCases.LoginPageTest.runnerMethod(LoginPageTest.java:43)
at utilClass.CommonFunctions.launchBrowser(CommonFunctions.java:94)
at java.base/jdk.internal.reflect.NativeMethodAccessorImpl.invoke0(Native Method)
at java.base/jdk.internal.reflect.NativeMethodAccessorImpl.invoke(NativeMethodAccessorImpl.java:77)
at java.base/jdk.internal.reflect.DelegatingMethodAccessorImpl.invoke(DelegatingMethodAccessorImpl.java:43)
at java.base/java.lang.reflect.Method.invoke(Method.java:568)
at org.testng.internal.MethodInvocationHelper.invokeMethod(MethodInvocationHelper.java:133)
at org.testng.internal.TestInvoker.invokeMethod(TestInvoker.java:598)
at org.testng.internal.TestInvoker.retryFailed(TestInvoker.java:213)
at org.testng.internal.MethodRunner.runInSequence(MethodRunner.java:58)
at org.testng.internal.TestInvoker$MethodInvocationAgent.invoke(TestInvoker.java:824)
at org.testng.internal.TestInvoker.invokeTestMethods(TestInvoker.java:146)
at org.testng.internal.TestMethodWorker.invokeTestMethods(TestMethodWorker.java:146)
at org.testng.internal.TestMethodWorker.run(TestMethodWorker.java:128)
at java.base/java.util.ArrayList.forEach(ArrayList.java:1511)
at org.testng.TestRunner.privateRun(TestRunner.java:794)
at org.testng.TestRunner.run(TestRunner.java:596)
at org.testng.SuiteRunner.runTest(SuiteRunner.java:377)
at org.testng.SuiteRunner.runSequentially(SuiteRunner.java:371)
at org.testng.SuiteRunner.privateRun(SuiteRunner.java:332)
at org.testng.SuiteRunner.run(SuiteRunner.java:276)
at org.testng.SuiteRunnerWorker.runSuite(SuiteRunnerWorker.java:53)
at org.testng.SuiteRunnerWorker.run(SuiteRunnerWorker.java:96)
at org.testng.TestNG.runSuitesSequentially(TestNG.java:1212)
at org.testng.TestNG.runSuitesLocally(TestNG.java:1134)
at org.testng.TestNG.runSuites(TestNG.java:1063)
at org.testng.TestNG.run(TestNG.java:1031)
at org.testng.remote.AbstractRemoteTestNG.run(AbstractRemoteTestNG.java:115)
at org.testng.remote.RemoteTestNG.initAndRun(RemoteTestNG.java:251)
at org.testng.remote.RemoteTestNG.main(RemoteTestNG.java:77)
]]>
            </full-stacktrace>
          </exception> <!-- org.openqa.selenium.NoSuchElementException -->
          <reporter-output>
          </reporter-output>
        </test-method> <!-- launchBrowser -->
        <test-method retried="true" signature="launchBrowser(java.util.Map)[pri:0, instance:testCases.LoginPageTest@1dd0e7c4]" started-at="2023-11-08T13:42:24 IST" name="launchBrowser" data-provider="Datafromexcel" finished-at="2023-11-08T13:42:37 IST" duration-ms="12677" status="SKIP">
          <params>
            <param index="0">
              <value>
                <![CDATA[{=, Opening Protection=, Product=, Policy Number=, Agency Name=, Heating Type Year Of Update=, Year Built=, Tours Conducted=, RenovationCost=, Fire Station=, VA_Property Fenced=, Fire Hydrant=, Electric Type Year Of Update=, Lapse in Coverage=, Cancel Type=, DOB=, Cladding Type=, Heating Type=, Secondary Water Resistance(SWR)=, Insured Employ Any Employees=, Cancel Effective Date=, Principal First Name=, Type of Endorsement=, Green Upgrade=, Cancel Reason=, Special Cov A=, Special Cov C=, Amount Paid=, High Profile=, Quote Type=, Identity Fraud=, Endorsement Notes=, BRPurchasePrice=, Electric Type=, Expected UMR No=C0702BB304150r, Floor in which the condo unit is Present=, Insured Type=, VA_Property to be sold in next 12 months=, VA_Vacant Date=, Expected Result=, Extended Replacement Cost=, Gutters Present=, RC on Contents=, Contact First Name=, Loss Settlement Contents=, Last Name=UK_03, Square Feet=, Heating Update Type=, Insurer=, Premises Coverages for Owners=, License No=, BRPurchaseDate=, VA_Purchase Price=, Multi-location count=, Roof Covering Update Type=, Swimming Pool=, VA_RenovationCompleted=, Roof Covering=, AI Name=, RCV/ACV=, Trust Name=, Knob/Aluminium/ClothWiring=, Type of Loss=, All Business Activities=, RenovationBegun=, VA_Date of Purchase=, Quote Number=, CompletionDate=, Policy Term=, Water Damage Sublimit=, Total Stories of Condo Building=, Plumbing Type Year Of Update=, Animal Attack History=, Primary Flood Cov=, OL Liability=, Carrier Representative=, No. of Stories=, Loss Assessment=, Test Data No=, Historic Place=, Greater than 10 acres=, Do any of the following apply?=, RenovationType=, Declined by Prior Carrier=, Principal DOB=, Vandalism or Malicious Mischief=, Phone Number=, Full Interior Sprinkler System=, Result in UI=, Personal Liability=, Beach Territory=, Personal Injury Cov=, LLC Name=, First Name=Canopius_03, Number of claims=, Reinstate Reason=, Developer's spec home=, Risk address same as Mailing address?=, Declined by QuickHome Carrier=, Cheque Number=1234, Date of Loss=, Carrier=, Date Declined=, Braced/Unbraced=, Slope of Roof=, Schedule of forms=, AI Type=, Limited Mold Coverage=, Billing type=, Wind Deductible=, RenovationCompleted=, Description of Loss=, Water Backup=, VA_Purchasedin12months=, Protection Class=, Fasterners=, DTC=, Trustee DOB=, BR_PropertyIntention=, Other Structure=, Roof Shape=, Coverage D=, Coverage A=, Coverage B=, RenovationDoneByLicensedInsured=, Does the roof have parapets?=, Coverage C=, Water Damage Deductible=, Wind Rating=, Childcare or Other=, AI Address=, Number of Units=, RenovationCompletesIn3Months=, Payee Name=Alex, Location Type=, Last Date of Coverage=, Trustee First Name=, Mailing Address=, Extended Coverage=, BRLocationPurchasedIn12Months=, Water Heater Year Of Update=, Return Policy Fee=, Roof Covering Year Of Update=, Principal Last Name=, Override DTC=, Ordinance or Law Coverage=, Golf Cart Collision=, Plumbing Type=, BR_PropertyFLB=, Password=, Risk Address=, AOP=, Medical Payments=, Diligent Name=, Purpose=, Quote Note=, Roof Anchor=, Number of Children=, Diligent Title=, Trustee Last Name=, RenovationGoingOn=, Condo Unit Number=, UOM=, Username=, Fully Fenced=, Alarm=, Earthquake Coverage=, Occupancy Type=, Electric Type Update Type=, Construction Type=, Protection Size=}]]>
              </value>
            </param>
          </params>
          <exception class="org.openqa.selenium.NoSuchElementException">
            <message>
              <![CDATA[no such element: Unable to locate element: {"method":"xpath","selector":"//img[@id="PlForms:find_expand_display"]"}
  (Session info: chrome=118.0.5993.118)
For documentation on this error, please visit: https://selenium.dev/exceptions/#no_such_element
Build info: version: '4.4.0', revision: 'e5c75ed026a'
System info: host: 'LT2566', ip: '10.200.15.16', os.name: 'Windows 11', os.arch: 'amd64', os.version: '10.0', java.version: '17.0.4.1'
Driver info: org.openqa.selenium.chrome.ChromeDriver
Command: [4e7dc8c28fe4b082531a5c85e513c53f, findElement {using=xpath, value=//img[@id="PlForms:find_expand_display"]}]
Capabilities {acceptInsecureCerts: false, browserName: chrome, browserVersion: 118.0.5993.118, chrome: {chromedriverVersion: 118.0.5993.70 (e52f33f30b91..., userDataDir: C:\Users\PADREA~1\AppData\L...}, fedcm:accounts: true, goog:chromeOptions: {debuggerAddress: localhost:50085}, networkConnectionEnabled: false, pageLoadStrategy: normal, platformName: WINDOWS, proxy: Proxy(), se:cdp: ws://localhost:50085/devtoo..., se:cdpVersion: 118.0.5993.118, setWindowRect: true, strictFileInteractability: false, timeouts: {implicit: 0, pageLoad: 300000, script: 30000}, unhandledPromptBehavior: dismiss and notify, webauthn:extension:credBlob: true, webauthn:extension:largeBlob: true, webauthn:extension:minPinLength: true, webauthn:extension:prf: true, webauthn:virtualAuthenticators: true}
Session ID: 4e7dc8c28fe4b082531a5c85e513c53f]]>
            </message>
            <full-stacktrace>
              <![CDATA[org.openqa.selenium.NoSuchElementException: no such element: Unable to locate element: {"method":"xpath","selector":"//img[@id="PlForms:find_expand_display"]"}
  (Session info: chrome=118.0.5993.118)
For documentation on this error, please visit: https://selenium.dev/exceptions/#no_such_element
Build info: version: '4.4.0', revision: 'e5c75ed026a'
System info: host: 'LT2566', ip: '10.200.15.16', os.name: 'Windows 11', os.arch: 'amd64', os.version: '10.0', java.version: '17.0.4.1'
Driver info: org.openqa.selenium.chrome.ChromeDriver
Command: [4e7dc8c28fe4b082531a5c85e513c53f, findElement {using=xpath, value=//img[@id="PlForms:find_expand_display"]}]
Capabilities {acceptInsecureCerts: false, browserName: chrome, browserVersion: 118.0.5993.118, chrome: {chromedriverVersion: 118.0.5993.70 (e52f33f30b91..., userDataDir: C:\Users\PADREA~1\AppData\L...}, fedcm:accounts: true, goog:chromeOptions: {debuggerAddress: localhost:50085}, networkConnectionEnabled: false, pageLoadStrategy: normal, platformName: WINDOWS, proxy: Proxy(), se:cdp: ws://localhost:50085/devtoo..., se:cdpVersion: 118.0.5993.118, setWindowRect: true, strictFileInteractability: false, timeouts: {implicit: 0, pageLoad: 300000, script: 30000}, unhandledPromptBehavior: dismiss and notify, webauthn:extension:credBlob: true, webauthn:extension:largeBlob: true, webauthn:extension:minPinLength: true, webauthn:extension:prf: true, webauthn:virtualAuthenticators: true}
Session ID: 4e7dc8c28fe4b082531a5c85e513c53f
at jdk.internal.reflect.GeneratedConstructorAccessor35.newInstance(Unknown Source)
at java.base/jdk.internal.reflect.DelegatingConstructorAccessorImpl.newInstance(DelegatingConstructorAccessorImpl.java:45)
at java.base/java.lang.reflect.Constructor.newInstanceWithCaller(Constructor.java:499)
at java.base/java.lang.reflect.Constructor.newInstance(Constructor.java:480)
at org.openqa.selenium.remote.codec.w3c.W3CHttpResponseCodec.createException(W3CHttpResponseCodec.java:200)
at org.openqa.selenium.remote.codec.w3c.W3CHttpResponseCodec.decode(W3CHttpResponseCodec.java:133)
at org.openqa.selenium.remote.codec.w3c.W3CHttpResponseCodec.decode(W3CHttpResponseCodec.java:53)
at org.openqa.selenium.remote.HttpCommandExecutor.execute(HttpCommandExecutor.java:184)
at org.openqa.selenium.remote.service.DriverCommandExecutor.invokeExecute(DriverCommandExecutor.java:167)
at org.openqa.selenium.remote.service.DriverCommandExecutor.execute(DriverCommandExecutor.java:142)
at org.openqa.selenium.remote.RemoteWebDriver.execute(RemoteWebDriver.java:547)
at org.openqa.selenium.remote.ElementLocation$ElementFinder$2.findElement(ElementLocation.java:162)
at org.openqa.selenium.remote.ElementLocation.findElement(ElementLocation.java:60)
at org.openqa.selenium.remote.RemoteWebDriver.findElement(RemoteWebDriver.java:365)
at org.openqa.selenium.remote.RemoteWebDriver.findElement(RemoteWebDriver.java:357)
at org.openqa.selenium.support.pagefactory.DefaultElementLocator.findElement(DefaultElementLocator.java:70)
at org.openqa.selenium.support.pagefactory.internal.LocatingElementHandler.invoke(LocatingElementHandler.java:39)
at jdk.proxy2/jdk.proxy2.$Proxy17.click(Unknown Source)
at testCases.FindQuoteTest.FindAndClickQuote(FindQuoteTest.java:23)
at testCases.LoginPageTest.runnerMethod(LoginPageTest.java:43)
at utilClass.CommonFunctions.launchBrowser(CommonFunctions.java:94)
at java.base/jdk.internal.reflect.NativeMethodAccessorImpl.invoke0(Native Method)
at java.base/jdk.internal.reflect.NativeMethodAccessorImpl.invoke(NativeMethodAccessorImpl.java:77)
at java.base/jdk.internal.reflect.DelegatingMethodAccessorImpl.invoke(DelegatingMethodAccessorImpl.java:43)
at java.base/java.lang.reflect.Method.invoke(Method.java:568)
at org.testng.internal.MethodInvocationHelper.invokeMethod(MethodInvocationHelper.java:133)
at org.testng.internal.TestInvoker.invokeMethod(TestInvoker.java:598)
at org.testng.internal.TestInvoker.invokeTestMethod(TestInvoker.java:173)
at org.testng.internal.MethodRunner.runInSequence(MethodRunner.java:46)
at org.testng.internal.TestInvoker$MethodInvocationAgent.invoke(TestInvoker.java:824)
at org.testng.internal.TestInvoker.invokeTestMethods(TestInvoker.java:146)
at org.testng.internal.TestMethodWorker.invokeTestMethods(TestMethodWorker.java:146)
at org.testng.internal.TestMethodWorker.run(TestMethodWorker.java:128)
at java.base/java.util.ArrayList.forEach(ArrayList.java:1511)
at org.testng.TestRunner.privateRun(TestRunner.java:794)
at org.testng.TestRunner.run(TestRunner.java:596)
at org.testng.SuiteRunner.runTest(SuiteRunner.java:377)
at org.testng.SuiteRunner.runSequentially(SuiteRunner.java:371)
at org.testng.SuiteRunner.privateRun(SuiteRunner.java:332)
at org.testng.SuiteRunner.run(SuiteRunner.java:276)
at org.testng.SuiteRunnerWorker.runSuite(SuiteRunnerWorker.java:53)
at org.testng.SuiteRunnerWorker.run(SuiteRunnerWorker.java:96)
at org.testng.TestNG.runSuitesSequentially(TestNG.java:1212)
at org.testng.TestNG.runSuitesLocally(TestNG.java:1134)
at org.testng.TestNG.runSuites(TestNG.java:1063)
at org.testng.TestNG.run(TestNG.java:1031)
at org.testng.remote.AbstractRemoteTestNG.run(AbstractRemoteTestNG.java:115)
at org.testng.remote.RemoteTestNG.initAndRun(RemoteTestNG.java:251)
at org.testng.remote.RemoteTestNG.main(RemoteTestNG.java:77)
]]>
            </full-stacktrace>
          </exception> <!-- org.openqa.selenium.NoSuchElementException -->
          <reporter-output>
          </reporter-output>
        </test-method> <!-- launchBrowser -->
        <test-method retried="true" signature="launchBrowser(java.util.Map)[pri:0, instance:testCases.LoginPageTest@1dd0e7c4]" started-at="2023-11-08T13:42:37 IST" name="launchBrowser" data-provider="Datafromexcel" finished-at="2023-11-08T13:42:50 IST" duration-ms="12569" status="SKIP">
          <params>
            <param index="0">
              <value>
                <![CDATA[{=, Opening Protection=, Product=, Policy Number=, Agency Name=, Heating Type Year Of Update=, Year Built=, Tours Conducted=, RenovationCost=, Fire Station=, VA_Property Fenced=, Fire Hydrant=, Electric Type Year Of Update=, Lapse in Coverage=, Cancel Type=, DOB=, Cladding Type=, Heating Type=, Secondary Water Resistance(SWR)=, Insured Employ Any Employees=, Cancel Effective Date=, Principal First Name=, Type of Endorsement=, Green Upgrade=, Cancel Reason=, Special Cov A=, Special Cov C=, Amount Paid=, High Profile=, Quote Type=, Identity Fraud=, Endorsement Notes=, BRPurchasePrice=, Electric Type=, Expected UMR No=C0702BB304150r, Floor in which the condo unit is Present=, Insured Type=, VA_Property to be sold in next 12 months=, VA_Vacant Date=, Expected Result=, Extended Replacement Cost=, Gutters Present=, RC on Contents=, Contact First Name=, Loss Settlement Contents=, Last Name=UK_03, Square Feet=, Heating Update Type=, Insurer=, Premises Coverages for Owners=, License No=, BRPurchaseDate=, VA_Purchase Price=, Multi-location count=, Roof Covering Update Type=, Swimming Pool=, VA_RenovationCompleted=, Roof Covering=, AI Name=, RCV/ACV=, Trust Name=, Knob/Aluminium/ClothWiring=, Type of Loss=, All Business Activities=, RenovationBegun=, VA_Date of Purchase=, Quote Number=, CompletionDate=, Policy Term=, Water Damage Sublimit=, Total Stories of Condo Building=, Plumbing Type Year Of Update=, Animal Attack History=, Primary Flood Cov=, OL Liability=, Carrier Representative=, No. of Stories=, Loss Assessment=, Test Data No=, Historic Place=, Greater than 10 acres=, Do any of the following apply?=, RenovationType=, Declined by Prior Carrier=, Principal DOB=, Vandalism or Malicious Mischief=, Phone Number=, Full Interior Sprinkler System=, Result in UI=, Personal Liability=, Beach Territory=, Personal Injury Cov=, LLC Name=, First Name=Canopius_03, Number of claims=, Reinstate Reason=, Developer's spec home=, Risk address same as Mailing address?=, Declined by QuickHome Carrier=, Cheque Number=1234, Date of Loss=, Carrier=, Date Declined=, Braced/Unbraced=, Slope of Roof=, Schedule of forms=, AI Type=, Limited Mold Coverage=, Billing type=, Wind Deductible=, RenovationCompleted=, Description of Loss=, Water Backup=, VA_Purchasedin12months=, Protection Class=, Fasterners=, DTC=, Trustee DOB=, BR_PropertyIntention=, Other Structure=, Roof Shape=, Coverage D=, Coverage A=, Coverage B=, RenovationDoneByLicensedInsured=, Does the roof have parapets?=, Coverage C=, Water Damage Deductible=, Wind Rating=, Childcare or Other=, AI Address=, Number of Units=, RenovationCompletesIn3Months=, Payee Name=Alex, Location Type=, Last Date of Coverage=, Trustee First Name=, Mailing Address=, Extended Coverage=, BRLocationPurchasedIn12Months=, Water Heater Year Of Update=, Return Policy Fee=, Roof Covering Year Of Update=, Principal Last Name=, Override DTC=, Ordinance or Law Coverage=, Golf Cart Collision=, Plumbing Type=, BR_PropertyFLB=, Password=, Risk Address=, AOP=, Medical Payments=, Diligent Name=, Purpose=, Quote Note=, Roof Anchor=, Number of Children=, Diligent Title=, Trustee Last Name=, RenovationGoingOn=, Condo Unit Number=, UOM=, Username=, Fully Fenced=, Alarm=, Earthquake Coverage=, Occupancy Type=, Electric Type Update Type=, Construction Type=, Protection Size=}]]>
              </value>
            </param>
          </params>
          <exception class="org.openqa.selenium.NoSuchElementException">
            <message>
              <![CDATA[no such element: Unable to locate element: {"method":"xpath","selector":"//img[@id="PlForms:find_expand_display"]"}
  (Session info: chrome=118.0.5993.118)
For documentation on this error, please visit: https://selenium.dev/exceptions/#no_such_element
Build info: version: '4.4.0', revision: 'e5c75ed026a'
System info: host: 'LT2566', ip: '10.200.15.16', os.name: 'Windows 11', os.arch: 'amd64', os.version: '10.0', java.version: '17.0.4.1'
Driver info: org.openqa.selenium.chrome.ChromeDriver
Command: [56323a41beccdead7df00f8d4f85d0ee, findElement {using=xpath, value=//img[@id="PlForms:find_expand_display"]}]
Capabilities {acceptInsecureCerts: false, browserName: chrome, browserVersion: 118.0.5993.118, chrome: {chromedriverVersion: 118.0.5993.70 (e52f33f30b91..., userDataDir: C:\Users\PADREA~1\AppData\L...}, fedcm:accounts: true, goog:chromeOptions: {debuggerAddress: localhost:50110}, networkConnectionEnabled: false, pageLoadStrategy: normal, platformName: WINDOWS, proxy: Proxy(), se:cdp: ws://localhost:50110/devtoo..., se:cdpVersion: 118.0.5993.118, setWindowRect: true, strictFileInteractability: false, timeouts: {implicit: 0, pageLoad: 300000, script: 30000}, unhandledPromptBehavior: dismiss and notify, webauthn:extension:credBlob: true, webauthn:extension:largeBlob: true, webauthn:extension:minPinLength: true, webauthn:extension:prf: true, webauthn:virtualAuthenticators: true}
Session ID: 56323a41beccdead7df00f8d4f85d0ee]]>
            </message>
            <full-stacktrace>
              <![CDATA[org.openqa.selenium.NoSuchElementException: no such element: Unable to locate element: {"method":"xpath","selector":"//img[@id="PlForms:find_expand_display"]"}
  (Session info: chrome=118.0.5993.118)
For documentation on this error, please visit: https://selenium.dev/exceptions/#no_such_element
Build info: version: '4.4.0', revision: 'e5c75ed026a'
System info: host: 'LT2566', ip: '10.200.15.16', os.name: 'Windows 11', os.arch: 'amd64', os.version: '10.0', java.version: '17.0.4.1'
Driver info: org.openqa.selenium.chrome.ChromeDriver
Command: [56323a41beccdead7df00f8d4f85d0ee, findElement {using=xpath, value=//img[@id="PlForms:find_expand_display"]}]
Capabilities {acceptInsecureCerts: false, browserName: chrome, browserVersion: 118.0.5993.118, chrome: {chromedriverVersion: 118.0.5993.70 (e52f33f30b91..., userDataDir: C:\Users\PADREA~1\AppData\L...}, fedcm:accounts: true, goog:chromeOptions: {debuggerAddress: localhost:50110}, networkConnectionEnabled: false, pageLoadStrategy: normal, platformName: WINDOWS, proxy: Proxy(), se:cdp: ws://localhost:50110/devtoo..., se:cdpVersion: 118.0.5993.118, setWindowRect: true, strictFileInteractability: false, timeouts: {implicit: 0, pageLoad: 300000, script: 30000}, unhandledPromptBehavior: dismiss and notify, webauthn:extension:credBlob: true, webauthn:extension:largeBlob: true, webauthn:extension:minPinLength: true, webauthn:extension:prf: true, webauthn:virtualAuthenticators: true}
Session ID: 56323a41beccdead7df00f8d4f85d0ee
at jdk.internal.reflect.GeneratedConstructorAccessor35.newInstance(Unknown Source)
at java.base/jdk.internal.reflect.DelegatingConstructorAccessorImpl.newInstance(DelegatingConstructorAccessorImpl.java:45)
at java.base/java.lang.reflect.Constructor.newInstanceWithCaller(Constructor.java:499)
at java.base/java.lang.reflect.Constructor.newInstance(Constructor.java:480)
at org.openqa.selenium.remote.codec.w3c.W3CHttpResponseCodec.createException(W3CHttpResponseCodec.java:200)
at org.openqa.selenium.remote.codec.w3c.W3CHttpResponseCodec.decode(W3CHttpResponseCodec.java:133)
at org.openqa.selenium.remote.codec.w3c.W3CHttpResponseCodec.decode(W3CHttpResponseCodec.java:53)
at org.openqa.selenium.remote.HttpCommandExecutor.execute(HttpCommandExecutor.java:184)
at org.openqa.selenium.remote.service.DriverCommandExecutor.invokeExecute(DriverCommandExecutor.java:167)
at org.openqa.selenium.remote.service.DriverCommandExecutor.execute(DriverCommandExecutor.java:142)
at org.openqa.selenium.remote.RemoteWebDriver.execute(RemoteWebDriver.java:547)
at org.openqa.selenium.remote.ElementLocation$ElementFinder$2.findElement(ElementLocation.java:162)
at org.openqa.selenium.remote.ElementLocation.findElement(ElementLocation.java:60)
at org.openqa.selenium.remote.RemoteWebDriver.findElement(RemoteWebDriver.java:365)
at org.openqa.selenium.remote.RemoteWebDriver.findElement(RemoteWebDriver.java:357)
at org.openqa.selenium.support.pagefactory.DefaultElementLocator.findElement(DefaultElementLocator.java:70)
at org.openqa.selenium.support.pagefactory.internal.LocatingElementHandler.invoke(LocatingElementHandler.java:39)
at jdk.proxy2/jdk.proxy2.$Proxy17.click(Unknown Source)
at testCases.FindQuoteTest.FindAndClickQuote(FindQuoteTest.java:23)
at testCases.LoginPageTest.runnerMethod(LoginPageTest.java:43)
at utilClass.CommonFunctions.launchBrowser(CommonFunctions.java:94)
at java.base/jdk.internal.reflect.NativeMethodAccessorImpl.invoke0(Native Method)
at java.base/jdk.internal.reflect.NativeMethodAccessorImpl.invoke(NativeMethodAccessorImpl.java:77)
at java.base/jdk.internal.reflect.DelegatingMethodAccessorImpl.invoke(DelegatingMethodAccessorImpl.java:43)
at java.base/java.lang.reflect.Method.invoke(Method.java:568)
at org.testng.internal.MethodInvocationHelper.invokeMethod(MethodInvocationHelper.java:133)
at org.testng.internal.TestInvoker.invokeMethod(TestInvoker.java:598)
at org.testng.internal.TestInvoker.retryFailed(TestInvoker.java:213)
at org.testng.internal.MethodRunner.runInSequence(MethodRunner.java:58)
at org.testng.internal.TestInvoker$MethodInvocationAgent.invoke(TestInvoker.java:824)
at org.testng.internal.TestInvoker.invokeTestMethods(TestInvoker.java:146)
at org.testng.internal.TestMethodWorker.invokeTestMethods(TestMethodWorker.java:146)
at org.testng.internal.TestMethodWorker.run(TestMethodWorker.java:128)
at java.base/java.util.ArrayList.forEach(ArrayList.java:1511)
at org.testng.TestRunner.privateRun(TestRunner.java:794)
at org.testng.TestRunner.run(TestRunner.java:596)
at org.testng.SuiteRunner.runTest(SuiteRunner.java:377)
at org.testng.SuiteRunner.runSequentially(SuiteRunner.java:371)
at org.testng.SuiteRunner.privateRun(SuiteRunner.java:332)
at org.testng.SuiteRunner.run(SuiteRunner.java:276)
at org.testng.SuiteRunnerWorker.runSuite(SuiteRunnerWorker.java:53)
at org.testng.SuiteRunnerWorker.run(SuiteRunnerWorker.java:96)
at org.testng.TestNG.runSuitesSequentially(TestNG.java:1212)
at org.testng.TestNG.runSuitesLocally(TestNG.java:1134)
at org.testng.TestNG.runSuites(TestNG.java:1063)
at org.testng.TestNG.run(TestNG.java:1031)
at org.testng.remote.AbstractRemoteTestNG.run(AbstractRemoteTestNG.java:115)
at org.testng.remote.RemoteTestNG.initAndRun(RemoteTestNG.java:251)
at org.testng.remote.RemoteTestNG.main(RemoteTestNG.java:77)
]]>
            </full-stacktrace>
          </exception> <!-- org.openqa.selenium.NoSuchElementException -->
          <reporter-output>
          </reporter-output>
        </test-method> <!-- launchBrowser -->
        <test-method signature="launchBrowser(java.util.Map)[pri:0, instance:testCases.LoginPageTest@1dd0e7c4]" started-at="2023-11-08T13:42:50 IST" name="launchBrowser" data-provider="Datafromexcel" finished-at="2023-11-08T13:43:03 IST" duration-ms="12602" status="FAIL">
          <params>
            <param index="0">
              <value>
                <![CDATA[{=, Opening Protection=, Product=, Policy Number=, Agency Name=, Heating Type Year Of Update=, Year Built=, Tours Conducted=, RenovationCost=, Fire Station=, VA_Property Fenced=, Fire Hydrant=, Electric Type Year Of Update=, Lapse in Coverage=, Cancel Type=, DOB=, Cladding Type=, Heating Type=, Secondary Water Resistance(SWR)=, Insured Employ Any Employees=, Cancel Effective Date=, Principal First Name=, Type of Endorsement=, Green Upgrade=, Cancel Reason=, Special Cov A=, Special Cov C=, Amount Paid=, High Profile=, Quote Type=, Identity Fraud=, Endorsement Notes=, BRPurchasePrice=, Electric Type=, Expected UMR No=C0702BB304150r, Floor in which the condo unit is Present=, Insured Type=, VA_Property to be sold in next 12 months=, VA_Vacant Date=, Expected Result=, Extended Replacement Cost=, Gutters Present=, RC on Contents=, Contact First Name=, Loss Settlement Contents=, Last Name=UK_03, Square Feet=, Heating Update Type=, Insurer=, Premises Coverages for Owners=, License No=, BRPurchaseDate=, VA_Purchase Price=, Multi-location count=, Roof Covering Update Type=, Swimming Pool=, VA_RenovationCompleted=, Roof Covering=, AI Name=, RCV/ACV=, Trust Name=, Knob/Aluminium/ClothWiring=, Type of Loss=, All Business Activities=, RenovationBegun=, VA_Date of Purchase=, Quote Number=, CompletionDate=, Policy Term=, Water Damage Sublimit=, Total Stories of Condo Building=, Plumbing Type Year Of Update=, Animal Attack History=, Primary Flood Cov=, OL Liability=, Carrier Representative=, No. of Stories=, Loss Assessment=, Test Data No=, Historic Place=, Greater than 10 acres=, Do any of the following apply?=, RenovationType=, Declined by Prior Carrier=, Principal DOB=, Vandalism or Malicious Mischief=, Phone Number=, Full Interior Sprinkler System=, Result in UI=, Personal Liability=, Beach Territory=, Personal Injury Cov=, LLC Name=, First Name=Canopius_03, Number of claims=, Reinstate Reason=, Developer's spec home=, Risk address same as Mailing address?=, Declined by QuickHome Carrier=, Cheque Number=1234, Date of Loss=, Carrier=, Date Declined=, Braced/Unbraced=, Slope of Roof=, Schedule of forms=, AI Type=, Limited Mold Coverage=, Billing type=, Wind Deductible=, RenovationCompleted=, Description of Loss=, Water Backup=, VA_Purchasedin12months=, Protection Class=, Fasterners=, DTC=, Trustee DOB=, BR_PropertyIntention=, Other Structure=, Roof Shape=, Coverage D=, Coverage A=, Coverage B=, RenovationDoneByLicensedInsured=, Does the roof have parapets?=, Coverage C=, Water Damage Deductible=, Wind Rating=, Childcare or Other=, AI Address=, Number of Units=, RenovationCompletesIn3Months=, Payee Name=Alex, Location Type=, Last Date of Coverage=, Trustee First Name=, Mailing Address=, Extended Coverage=, BRLocationPurchasedIn12Months=, Water Heater Year Of Update=, Return Policy Fee=, Roof Covering Year Of Update=, Principal Last Name=, Override DTC=, Ordinance or Law Coverage=, Golf Cart Collision=, Plumbing Type=, BR_PropertyFLB=, Password=, Risk Address=, AOP=, Medical Payments=, Diligent Name=, Purpose=, Quote Note=, Roof Anchor=, Number of Children=, Diligent Title=, Trustee Last Name=, RenovationGoingOn=, Condo Unit Number=, UOM=, Username=, Fully Fenced=, Alarm=, Earthquake Coverage=, Occupancy Type=, Electric Type Update Type=, Construction Type=, Protection Size=}]]>
              </value>
            </param>
          </params>
          <exception class="org.openqa.selenium.NoSuchElementException">
            <message>
              <![CDATA[no such element: Unable to locate element: {"method":"xpath","selector":"//img[@id="PlForms:find_expand_display"]"}
  (Session info: chrome=118.0.5993.118)
For documentation on this error, please visit: https://selenium.dev/exceptions/#no_such_element
Build info: version: '4.4.0', revision: 'e5c75ed026a'
System info: host: 'LT2566', ip: '10.200.15.16', os.name: 'Windows 11', os.arch: 'amd64', os.version: '10.0', java.version: '17.0.4.1'
Driver info: org.openqa.selenium.chrome.ChromeDriver
Command: [127ad7cf4a2012bd5925e6933cfe1df7, findElement {using=xpath, value=//img[@id="PlForms:find_expand_display"]}]
Capabilities {acceptInsecureCerts: false, browserName: chrome, browserVersion: 118.0.5993.118, chrome: {chromedriverVersion: 118.0.5993.70 (e52f33f30b91..., userDataDir: C:\Users\PADREA~1\AppData\L...}, fedcm:accounts: true, goog:chromeOptions: {debuggerAddress: localhost:50133}, networkConnectionEnabled: false, pageLoadStrategy: normal, platformName: WINDOWS, proxy: Proxy(), se:cdp: ws://localhost:50133/devtoo..., se:cdpVersion: 118.0.5993.118, setWindowRect: true, strictFileInteractability: false, timeouts: {implicit: 0, pageLoad: 300000, script: 30000}, unhandledPromptBehavior: dismiss and notify, webauthn:extension:credBlob: true, webauthn:extension:largeBlob: true, webauthn:extension:minPinLength: true, webauthn:extension:prf: true, webauthn:virtualAuthenticators: true}
Session ID: 127ad7cf4a2012bd5925e6933cfe1df7]]>
            </message>
            <full-stacktrace>
              <![CDATA[org.openqa.selenium.NoSuchElementException: no such element: Unable to locate element: {"method":"xpath","selector":"//img[@id="PlForms:find_expand_display"]"}
  (Session info: chrome=118.0.5993.118)
For documentation on this error, please visit: https://selenium.dev/exceptions/#no_such_element
Build info: version: '4.4.0', revision: 'e5c75ed026a'
System info: host: 'LT2566', ip: '10.200.15.16', os.name: 'Windows 11', os.arch: 'amd64', os.version: '10.0', java.version: '17.0.4.1'
Driver info: org.openqa.selenium.chrome.ChromeDriver
Command: [127ad7cf4a2012bd5925e6933cfe1df7, findElement {using=xpath, value=//img[@id="PlForms:find_expand_display"]}]
Capabilities {acceptInsecureCerts: false, browserName: chrome, browserVersion: 118.0.5993.118, chrome: {chromedriverVersion: 118.0.5993.70 (e52f33f30b91..., userDataDir: C:\Users\PADREA~1\AppData\L...}, fedcm:accounts: true, goog:chromeOptions: {debuggerAddress: localhost:50133}, networkConnectionEnabled: false, pageLoadStrategy: normal, platformName: WINDOWS, proxy: Proxy(), se:cdp: ws://localhost:50133/devtoo..., se:cdpVersion: 118.0.5993.118, setWindowRect: true, strictFileInteractability: false, timeouts: {implicit: 0, pageLoad: 300000, script: 30000}, unhandledPromptBehavior: dismiss and notify, webauthn:extension:credBlob: true, webauthn:extension:largeBlob: true, webauthn:extension:minPinLength: true, webauthn:extension:prf: true, webauthn:virtualAuthenticators: true}
Session ID: 127ad7cf4a2012bd5925e6933cfe1df7
at jdk.internal.reflect.GeneratedConstructorAccessor35.newInstance(Unknown Source)
at java.base/jdk.internal.reflect.DelegatingConstructorAccessorImpl.newInstance(DelegatingConstructorAccessorImpl.java:45)
at java.base/java.lang.reflect.Constructor.newInstanceWithCaller(Constructor.java:499)
at java.base/java.lang.reflect.Constructor.newInstance(Constructor.java:480)
at org.openqa.selenium.remote.codec.w3c.W3CHttpResponseCodec.createException(W3CHttpResponseCodec.java:200)
at org.openqa.selenium.remote.codec.w3c.W3CHttpResponseCodec.decode(W3CHttpResponseCodec.java:133)
at org.openqa.selenium.remote.codec.w3c.W3CHttpResponseCodec.decode(W3CHttpResponseCodec.java:53)
at org.openqa.selenium.remote.HttpCommandExecutor.execute(HttpCommandExecutor.java:184)
at org.openqa.selenium.remote.service.DriverCommandExecutor.invokeExecute(DriverCommandExecutor.java:167)
at org.openqa.selenium.remote.service.DriverCommandExecutor.execute(DriverCommandExecutor.java:142)
at org.openqa.selenium.remote.RemoteWebDriver.execute(RemoteWebDriver.java:547)
at org.openqa.selenium.remote.ElementLocation$ElementFinder$2.findElement(ElementLocation.java:162)
at org.openqa.selenium.remote.ElementLocation.findElement(ElementLocation.java:60)
at org.openqa.selenium.remote.RemoteWebDriver.findElement(RemoteWebDriver.java:365)
at org.openqa.selenium.remote.RemoteWebDriver.findElement(RemoteWebDriver.java:357)
at org.openqa.selenium.support.pagefactory.DefaultElementLocator.findElement(DefaultElementLocator.java:70)
at org.openqa.selenium.support.pagefactory.internal.LocatingElementHandler.invoke(LocatingElementHandler.java:39)
at jdk.proxy2/jdk.proxy2.$Proxy17.click(Unknown Source)
at testCases.FindQuoteTest.FindAndClickQuote(FindQuoteTest.java:23)
at testCases.LoginPageTest.runnerMethod(LoginPageTest.java:43)
at utilClass.CommonFunctions.launchBrowser(CommonFunctions.java:94)
at java.base/jdk.internal.reflect.NativeMethodAccessorImpl.invoke0(Native Method)
at java.base/jdk.internal.reflect.NativeMethodAccessorImpl.invoke(NativeMethodAccessorImpl.java:77)
at java.base/jdk.internal.reflect.DelegatingMethodAccessorImpl.invoke(DelegatingMethodAccessorImpl.java:43)
at java.base/java.lang.reflect.Method.invoke(Method.java:568)
at org.testng.internal.MethodInvocationHelper.invokeMethod(MethodInvocationHelper.java:133)
at org.testng.internal.TestInvoker.invokeMethod(TestInvoker.java:598)
at org.testng.internal.TestInvoker.retryFailed(TestInvoker.java:213)
at org.testng.internal.MethodRunner.runInSequence(MethodRunner.java:58)
at org.testng.internal.TestInvoker$MethodInvocationAgent.invoke(TestInvoker.java:824)
at org.testng.internal.TestInvoker.invokeTestMethods(TestInvoker.java:146)
at org.testng.internal.TestMethodWorker.invokeTestMethods(TestMethodWorker.java:146)
at org.testng.internal.TestMethodWorker.run(TestMethodWorker.java:128)
at java.base/java.util.ArrayList.forEach(ArrayList.java:1511)
at org.testng.TestRunner.privateRun(TestRunner.java:794)
at org.testng.TestRunner.run(TestRunner.java:596)
at org.testng.SuiteRunner.runTest(SuiteRunner.java:377)
at org.testng.SuiteRunner.runSequentially(SuiteRunner.java:371)
at org.testng.SuiteRunner.privateRun(SuiteRunner.java:332)
at org.testng.SuiteRunner.run(SuiteRunner.java:276)
at org.testng.SuiteRunnerWorker.runSuite(SuiteRunnerWorker.java:53)
at org.testng.SuiteRunnerWorker.run(SuiteRunnerWorker.java:96)
at org.testng.TestNG.runSuitesSequentially(TestNG.java:1212)
at org.testng.TestNG.runSuitesLocally(TestNG.java:1134)
at org.testng.TestNG.runSuites(TestNG.java:1063)
at org.testng.TestNG.run(TestNG.java:1031)
at org.testng.remote.AbstractRemoteTestNG.run(AbstractRemoteTestNG.java:115)
at org.testng.remote.RemoteTestNG.initAndRun(RemoteTestNG.java:251)
at org.testng.remote.RemoteTestNG.main(RemoteTestNG.java:77)
]]>
            </full-stacktrace>
          </exception> <!-- org.openqa.selenium.NoSuchElementException -->
          <reporter-output>
          </reporter-output>
        </test-method> <!-- launchBrowser -->
        <test-method retried="true" signature="launchBrowser(java.util.Map)[pri:0, instance:testCases.LoginPageTest@1dd0e7c4]" started-at="2023-11-08T13:43:03 IST" name="launchBrowser" data-provider="Datafromexcel" finished-at="2023-11-08T13:43:16 IST" duration-ms="12764" status="SKIP">
          <params>
            <param index="0">
              <value>
                <![CDATA[{=, Opening Protection=, Product=, Policy Number=, Agency Name=, Heating Type Year Of Update=, Year Built=, Tours Conducted=, RenovationCost=, Fire Station=, VA_Property Fenced=, Fire Hydrant=, Electric Type Year Of Update=, Lapse in Coverage=, Cancel Type=, DOB=, Cladding Type=, Heating Type=, Secondary Water Resistance(SWR)=, Insured Employ Any Employees=, Cancel Effective Date=, Principal First Name=, Type of Endorsement=, Green Upgrade=, Cancel Reason=, Special Cov A=, Special Cov C=, Amount Paid=, High Profile=, Quote Type=, Identity Fraud=, Endorsement Notes=, BRPurchasePrice=, Electric Type=, Expected UMR No=C0702BB304150r, Floor in which the condo unit is Present=, Insured Type=, VA_Property to be sold in next 12 months=, VA_Vacant Date=, Expected Result=, Extended Replacement Cost=, Gutters Present=, RC on Contents=, Contact First Name=, Loss Settlement Contents=, Last Name=UK_04, Square Feet=, Heating Update Type=, Insurer=, Premises Coverages for Owners=, License No=, BRPurchaseDate=, VA_Purchase Price=, Multi-location count=, Roof Covering Update Type=, Swimming Pool=, VA_RenovationCompleted=, Roof Covering=, AI Name=, RCV/ACV=, Trust Name=, Knob/Aluminium/ClothWiring=, Type of Loss=, All Business Activities=, RenovationBegun=, VA_Date of Purchase=, Quote Number=, CompletionDate=, Policy Term=, Water Damage Sublimit=, Total Stories of Condo Building=, Plumbing Type Year Of Update=, Animal Attack History=, Primary Flood Cov=, OL Liability=, Carrier Representative=, No. of Stories=, Loss Assessment=, Test Data No=, Historic Place=, Greater than 10 acres=, Do any of the following apply?=, RenovationType=, Declined by Prior Carrier=, Principal DOB=, Vandalism or Malicious Mischief=, Phone Number=, Full Interior Sprinkler System=, Result in UI=, Personal Liability=, Beach Territory=, Personal Injury Cov=, LLC Name=, First Name=Canopius_04, Number of claims=, Reinstate Reason=, Developer's spec home=, Risk address same as Mailing address?=, Declined by QuickHome Carrier=, Cheque Number=1234, Date of Loss=, Carrier=, Date Declined=, Braced/Unbraced=, Slope of Roof=, Schedule of forms=, AI Type=, Limited Mold Coverage=, Billing type=, Wind Deductible=, RenovationCompleted=, Description of Loss=, Water Backup=, VA_Purchasedin12months=, Protection Class=, Fasterners=, DTC=, Trustee DOB=, BR_PropertyIntention=, Other Structure=, Roof Shape=, Coverage D=, Coverage A=, Coverage B=, RenovationDoneByLicensedInsured=, Does the roof have parapets?=, Coverage C=, Water Damage Deductible=, Wind Rating=, Childcare or Other=, AI Address=, Number of Units=, RenovationCompletesIn3Months=, Payee Name=Alex, Location Type=, Last Date of Coverage=, Trustee First Name=, Mailing Address=, Extended Coverage=, BRLocationPurchasedIn12Months=, Water Heater Year Of Update=, Return Policy Fee=, Roof Covering Year Of Update=, Principal Last Name=, Override DTC=, Ordinance or Law Coverage=, Golf Cart Collision=, Plumbing Type=, BR_PropertyFLB=, Password=, Risk Address=, AOP=, Medical Payments=, Diligent Name=, Purpose=, Quote Note=, Roof Anchor=, Number of Children=, Diligent Title=, Trustee Last Name=, RenovationGoingOn=, Condo Unit Number=, UOM=, Username=, Fully Fenced=, Alarm=, Earthquake Coverage=, Occupancy Type=, Electric Type Update Type=, Construction Type=, Protection Size=}]]>
              </value>
            </param>
          </params>
          <exception class="org.openqa.selenium.NoSuchElementException">
            <message>
              <![CDATA[no such element: Unable to locate element: {"method":"xpath","selector":"//img[@id="PlForms:find_expand_display"]"}
  (Session info: chrome=118.0.5993.118)
[...]
              </value>
            </param>
          </params>
          <exception class="org.openqa.selenium.NoSuchElementException">
            <message>
              <![CDATA[no such element: Unable to locate element: {"method":"xpath","selector":"//img[@id="PlForms:find_expand_display"]"}
  (Session info: chrome=118.0.5993.118)
For documentation on this error, please visit: https://selenium.dev/exceptions/#no_such_element
Build info: version: '4.4.0', revision: 'e5c75ed026a'
System info: host: 'LT2566', ip: '10.200.15.16', os.name: 'Windows 11', os.arch: 'amd64', os.version: '10.0', java.version: '17.0.4.1'
Driver info: org.openqa.selenium.chrome.ChromeDriver
Command: [137872f7ab1a1c4aac3b996667703c02, findElement {using=xpath, value=//img[@id="PlForms:find_expand_display"]}]
Capabilities {acceptInsecureCerts: false, browserName: chrome, browserVersion: 118.0.5993.118, chrome: {chromedriverVersion: 118.0.5993.70 (e52f33f30b91..., userDataDir: C:\Users\PADREA~1\AppData\L...}, fedcm:accounts: true, goog:chromeOptions: {debuggerAddress: localhost:51904}, networkConnectionEnabled: false, pageLoadStrategy: normal, platformName: WINDOWS, proxy: Proxy(), se:cdp: ws://localhost:51904/devtoo..., se:cdpVersion: 118.0.5993.118, setWindowRect: true, strictFileInteractability: false, timeouts: {implicit: 0, pageLoad: 300000, script: 30000}, unhandledPromptBehavior: dismiss and notify, webauthn:extension:credBlob: true, webauthn:extension:largeBlob: true, webauthn:extension:minPinLength: true, webauthn:extension:prf: true, webauthn:virtualAuthenticators: true}
Session ID: 137872f7ab1a1c4aac3b996667703c02]]>
            </message>
            <full-stacktrace>
              <![CDATA[org.openqa.selenium.NoSuchElementException: no such element: Unable to locate element: {"method":"xpath","selector":"//img[@id="PlForms:find_expand_display"]"}
  (Session info: chrome=118.0.5993.118)
For documentation on this error, please visit: https://selenium.dev/exceptions/#no_such_element
Build info: version: '4.4.0', revision: 'e5c75ed026a'
System info: host: 'LT2566', ip: '10.200.15.16', os.name: 'Windows 11', os.arch: 'amd64', os.version: '10.0', java.version: '17.0.4.1'
Driver info: org.openqa.selenium.chrome.ChromeDriver
Command: [137872f7ab1a1c4aac3b996667703c02, findElement {using=xpath, value=//img[@id="PlForms:find_expand_display"]}]
Capabilities {acceptInsecureCerts: false, browserName: chrome, browserVersion: 118.0.5993.118, chrome: {chromedriverVersion: 118.0.5993.70 (e52f33f30b91..., userDataDir: C:\Users\PADREA~1\AppData\L...}, fedcm:accounts: true, goog:chromeOptions: {debuggerAddress: localhost:51904}, networkConnectionEnabled: false, pageLoadStrategy: normal, platformName: WINDOWS, proxy: Proxy(), se:cdp: ws://localhost:51904/devtoo..., se:cdpVersion: 118.0.5993.118, setWindowRect: true, strictFileInteractability: false, timeouts: {implicit: 0, pageLoad: 300000, script: 30000}, unhandledPromptBehavior: dismiss and notify, webauthn:extension:credBlob: true, webauthn:extension:largeBlob: true, webauthn:extension:minPinLength: true, webauthn:extension:prf: true, webauthn:virtualAuthenticators: true}
Session ID: 137872f7ab1a1c4aac3b996667703c02
at jdk.internal.reflect.GeneratedConstructorAccessor35.newInstance(Unknown Source)
at java.base/jdk.internal.reflect.DelegatingConstructorAccessorImpl.newInstance(DelegatingConstructorAccessorImpl.java:45)
at java.base/java.lang.reflect.Constructor.newInstanceWithCaller(Constructor.java:499)
at java.base/java.lang.reflect.Constructor.newInstance(Constructor.java:480)
at org.openqa.selenium.remote.codec.w3c.W3CHttpResponseCodec.createException(W3CHttpResponseCodec.java:200)
at org.openqa.selenium.remote.codec.w3c.W3CHttpResponseCodec.decode(W3CHttpResponseCodec.java:133)
at org.openqa.selenium.remote.codec.w3c.W3CHttpResponseCodec.decode(W3CHttpResponseCodec.java:53)
at org.openqa.selenium.remote.HttpCommandExecutor.execute(HttpCommandExecutor.java:184)
at org.openqa.selenium.remote.service.DriverCommandExecutor.invokeExecute(DriverCommandExecutor.java:167)
at org.openqa.selenium.remote.service.DriverCommandExecutor.execute(DriverCommandExecutor.java:142)
at org.openqa.selenium.remote.RemoteWebDriver.execute(RemoteWebDriver.java:547)
at org.openqa.selenium.remote.ElementLocation$ElementFinder$2.findElement(ElementLocation.java:162)
at org.openqa.selenium.remote.ElementLocation.findElement(ElementLocation.java:60)
at org.openqa.selenium.remote.RemoteWebDriver.findElement(RemoteWebDriver.java:365)
at org.openqa.selenium.remote.RemoteWebDriver.findElement(RemoteWebDriver.java:357)
at org.openqa.selenium.support.pagefactory.DefaultElementLocator.findElement(DefaultElementLocator.java:70)
at org.openqa.selenium.support.pagefactory.internal.LocatingElementHandler.invoke(LocatingElementHandler.java:39)
at jdk.proxy2/jdk.proxy2.$Proxy17.click(Unknown Source)
at testCases.FindQuoteTest.FindAndClickQuote(FindQuoteTest.java:23)
at testCases.LoginPageTest.runnerMethod(LoginPageTest.java:43)
at utilClass.CommonFunctions.launchBrowser(CommonFunctions.java:94)
at jdk.internal.reflect.GeneratedMethodAccessor9.invoke(Unknown Source)
at java.base/jdk.internal.reflect.DelegatingMethodAccessorImpl.invoke(DelegatingMethodAccessorImpl.java:43)
at java.base/java.lang.reflect.Method.invoke(Method.java:568)
at org.testng.internal.MethodInvocationHelper.invokeMethod(MethodInvocationHelper.java:133)
at org.testng.internal.TestInvoker.invokeMethod(TestInvoker.java:598)
at org.testng.internal.TestInvoker.retryFailed(TestInvoker.java:213)
at org.testng.internal.MethodRunner.runInSequence(MethodRunner.java:58)
at org.testng.internal.TestInvoker$MethodInvocationAgent.invoke(TestInvoker.java:824)
at org.testng.internal.TestInvoker.invokeTestMethods(TestInvoker.java:146)
at org.testng.internal.TestMethodWorker.invokeTestMethods(TestMethodWorker.java:146)
at org.testng.internal.TestMethodWorker.run(TestMethodWorker.java:128)
at java.base/java.util.ArrayList.forEach(ArrayList.java:1511)
at org.testng.TestRunner.privateRun(TestRunner.java:794)
at org.testng.TestRunner.run(TestRunner.java:596)
at org.testng.SuiteRunner.runTest(SuiteRunner.java:377)
at org.testng.SuiteRunner.runSequentially(SuiteRunner.java:371)
at org.testng.SuiteRunner.privateRun(SuiteRunner.java:332)
at org.testng.SuiteRunner.run(SuiteRunner.java:276)
at org.testng.SuiteRunnerWorker.runSuite(SuiteRunnerWorker.java:53)
at org.testng.SuiteRunnerWorker.run(SuiteRunnerWorker.java:96)
at org.testng.TestNG.runSuitesSequentially(TestNG.java:1212)
at org.testng.TestNG.runSuitesLocally(TestNG.java:1134)
at org.testng.TestNG.runSuites(TestNG.java:1063)
at org.testng.TestNG.run(TestNG.java:1031)
at org.testng.remote.AbstractRemoteTestNG.run(AbstractRemoteTestNG.java:115)
at org.testng.remote.RemoteTestNG.initAndRun(RemoteTestNG.java:251)
at org.testng.remote.RemoteTestNG.main(RemoteTestNG.java:77)
]]>
            </full-stacktrace>
          </exception> <!-- org.openqa.selenium.NoSuchElementException -->
          <reporter-output>
          </reporter-output>
        </test-method> <!-- launchBrowser -->
        <test-method signature="launchBrowser(java.util.Map)[pri:0, instance:testCases.LoginPageTest@1dd0e7c4]" started-at="2023-11-08T13:58:58 IST" name="launchBrowser" data-provider="Datafromexcel" finished-at="2023-11-08T13:59:11 IST" duration-ms="12548" status="FAIL">
          <params>
            <param index="0">
              <value>
                <![CDATA[{=, Opening Protection=, Product=, Policy Number=, Agency Name=, Heating Type Year Of Update=, Year Built=, Tours Conducted=, RenovationCost=, Fire Station=, VA_Property Fenced=, Fire Hydrant=, Electric Type Year Of Update=, Lapse in Coverage=, Cancel Type=, DOB=, Cladding Type=, Heating Type=, Secondary Water Resistance(SWR)=, Insured Employ Any Employees=, Cancel Effective Date=, Principal First Name=, Type of Endorsement=, Green Upgrade=, Cancel Reason=, Special Cov A=, Special Cov C=, Amount Paid=, High Profile=, Quote Type=, Identity Fraud=, Endorsement Notes=, BRPurchasePrice=, Electric Type=, Expected UMR No=C0702BB304150r, Floor in which the condo unit is Present=, Insured Type=, VA_Property to be sold in next 12 months=, VA_Vacant Date=, Expected Result=, Extended Replacement Cost=, Gutters Present=, RC on Contents=, Contact First Name=, Loss Settlement Contents=, Last Name=, Square Feet=, Heating Update Type=, Insurer=, Premises Coverages for Owners=, License No=, BRPurchaseDate=, VA_Purchase Price=, Multi-location count=, Roof Covering Update Type=, Swimming Pool=, VA_RenovationCompleted=, Roof Covering=, AI Name=, RCV/ACV=, Trust Name=, Knob/Aluminium/ClothWiring=, Type of Loss=, All Business Activities=, RenovationBegun=, VA_Date of Purchase=, Quote Number=, CompletionDate=, Policy Term=, Water Damage Sublimit=, Total Stories of Condo Building=, Plumbing Type Year Of Update=, Animal Attack History=, Primary Flood Cov=, OL Liability=, Carrier Representative=, No. of Stories=, Loss Assessment=, Test Data No=, Historic Place=, Greater than 10 acres=, Do any of the following apply?=, RenovationType=, Declined by Prior Carrier=, Principal DOB=, Vandalism or Malicious Mischief=, Phone Number=, Full Interior Sprinkler System=, Result in UI=, Personal Liability=, Beach Territory=, Personal Injury Cov=, LLC Name=, First Name=, Number of claims=, Reinstate Reason=, Developer's spec home=, Risk address same as Mailing address?=, Declined by QuickHome Carrier=, Cheque Number=1234, Date of Loss=, Carrier=, Date Declined=, Braced/Unbraced=, Slope of Roof=, Schedule of forms=, AI Type=, Limited Mold Coverage=, Billing type=, Wind Deductible=, RenovationCompleted=, Description of Loss=, Water Backup=, VA_Purchasedin12months=, Protection Class=, Fasterners=, DTC=, Trustee DOB=, BR_PropertyIntention=, Other Structure=, Roof Shape=, Coverage D=, Coverage A=, Coverage B=, RenovationDoneByLicensedInsured=, Does the roof have parapets?=, Coverage C=, Water Damage Deductible=, Wind Rating=, Childcare or Other=, AI Address=, Number of Units=, RenovationCompletesIn3Months=, Payee Name=Alex, Location Type=, Last Date of Coverage=, Trustee First Name=, Mailing Address=, Extended Coverage=, BRLocationPurchasedIn12Months=, Water Heater Year Of Update=, Return Policy Fee=, Roof Covering Year Of Update=, Principal Last Name=, Override DTC=, Ordinance or Law Coverage=, Golf Cart Collision=, Plumbing Type=, BR_PropertyFLB=, Password=, Risk Address=, AOP=, Medical Payments=, Diligent Name=, Purpose=, Quote Note=, Roof Anchor=, Number of Children=, Diligent Title=, Trustee Last Name=, RenovationGoingOn=, Condo Unit Number=, UOM=, Username=, Fully Fenced=, Alarm=, Earthquake Coverage=, Occupancy Type=, Electric Type Update Type=, Construction Type=, Protection Size=}]]>
              </value>
            </param>
          </params>
          <exception class="org.openqa.selenium.NoSuchElementException">
            <message>
              <![CDATA[no such element: Unable to locate element: {"method":"xpath","selector":"//img[@id="PlForms:find_expand_display"]"}
  (Session info: chrome=118.0.5993.118)
For documentation on this error, please visit: https://selenium.dev/exceptions/#no_such_element
Build info: version: '4.4.0', revision: 'e5c75ed026a'
System info: host: 'LT2566', ip: '10.200.15.16', os.name: 'Windows 11', os.arch: 'amd64', os.version: '10.0', java.version: '17.0.4.1'
Driver info: org.openqa.selenium.chrome.ChromeDriver
Command: [d4e3273b010f43b4731e724e3aba4ba1, findElement {using=xpath, value=//img[@id="PlForms:find_expand_display"]}]
Capabilities {acceptInsecureCerts: false, browserName: chrome, browserVersion: 118.0.5993.118, chrome: {chromedriverVersion: 118.0.5993.70 (e52f33f30b91..., userDataDir: C:\Users\PADREA~1\AppData\L...}, fedcm:accounts: true, goog:chromeOptions: {debuggerAddress: localhost:51927}, networkConnectionEnabled: false, pageLoadStrategy: normal, platformName: WINDOWS, proxy: Proxy(), se:cdp: ws://localhost:51927/devtoo..., se:cdpVersion: 118.0.5993.118, setWindowRect: true, strictFileInteractability: false, timeouts: {implicit: 0, pageLoad: 300000, script: 30000}, unhandledPromptBehavior: dismiss and notify, webauthn:extension:credBlob: true, webauthn:extension:largeBlob: true, webauthn:extension:minPinLength: true, webauthn:extension:prf: true, webauthn:virtualAuthenticators: true}
Session ID: d4e3273b010f43b4731e724e3aba4ba1]]>
            </message>
            <full-stacktrace>
              <![CDATA[org.openqa.selenium.NoSuchElementException: no such element: Unable to locate element: {"method":"xpath","selector":"//img[@id="PlForms:find_expand_display"]"}
  (Session info: chrome=118.0.5993.118)
For documentation on this error, please visit: https://selenium.dev/exceptions/#no_such_element
Build info: version: '4.4.0', revision: 'e5c75ed026a'
System info: host: 'LT2566', ip: '10.200.15.16', os.name: 'Windows 11', os.arch: 'amd64', os.version: '10.0', java.version: '17.0.4.1'
Driver info: org.openqa.selenium.chrome.ChromeDriver
Command: [d4e3273b010f43b4731e724e3aba4ba1, findElement {using=xpath, value=//img[@id="PlForms:find_expand_display"]}]
Capabilities {acceptInsecureCerts: false, browserName: chrome, browserVersion: 118.0.5993.118, chrome: {chromedriverVersion: 118.0.5993.70 (e52f33f30b91..., userDataDir: C:\Users\PADREA~1\AppData\L...}, fedcm:accounts: true, goog:chromeOptions: {debuggerAddress: localhost:51927}, networkConnectionEnabled: false, pageLoadStrategy: normal, platformName: WINDOWS, proxy: Proxy(), se:cdp: ws://localhost:51927/devtoo..., se:cdpVersion: 118.0.5993.118, setWindowRect: true, strictFileInteractability: false, timeouts: {implicit: 0, pageLoad: 300000, script: 30000}, unhandledPromptBehavior: dismiss and notify, webauthn:extension:credBlob: true, webauthn:extension:largeBlob: true, webauthn:extension:minPinLength: true, webauthn:extension:prf: true, webauthn:virtualAuthenticators: true}
Session ID: d4e3273b010f43b4731e724e3aba4ba1
at jdk.internal.reflect.GeneratedConstructorAccessor35.newInstance(Unknown Source)
at java.base/jdk.internal.reflect.DelegatingConstructorAccessorImpl.newInstance(DelegatingConstructorAccessorImpl.java:45)
at java.base/java.lang.reflect.Constructor.newInstanceWithCaller(Constructor.java:499)
at java.base/java.lang.reflect.Constructor.newInstance(Constructor.java:480)
at org.openqa.selenium.remote.codec.w3c.W3CHttpResponseCodec.createException(W3CHttpResponseCodec.java:200)
at org.openqa.selenium.remote.codec.w3c.W3CHttpResponseCodec.decode(W3CHttpResponseCodec.java:133)
at org.openqa.selenium.remote.codec.w3c.W3CHttpResponseCodec.decode(W3CHttpResponseCodec.java:53)
at org.openqa.selenium.remote.HttpCommandExecutor.execute(HttpCommandExecutor.java:184)
at org.openqa.selenium.remote.service.DriverCommandExecutor.invokeExecute(DriverCommandExecutor.java:167)
at org.openqa.selenium.remote.service.DriverCommandExecutor.execute(DriverCommandExecutor.java:142)
at org.openqa.selenium.remote.RemoteWebDriver.execute(RemoteWebDriver.java:547)
at org.openqa.selenium.remote.ElementLocation$ElementFinder$2.findElement(ElementLocation.java:162)
at org.openqa.selenium.remote.ElementLocation.findElement(ElementLocation.java:60)
at org.openqa.selenium.remote.RemoteWebDriver.findElement(RemoteWebDriver.java:365)
at org.openqa.selenium.remote.RemoteWebDriver.findElement(RemoteWebDriver.java:357)
at org.openqa.selenium.support.pagefactory.DefaultElementLocator.findElement(DefaultElementLocator.java:70)
at org.openqa.selenium.support.pagefactory.internal.LocatingElementHandler.invoke(LocatingElementHandler.java:39)
at jdk.proxy2/jdk.proxy2.$Proxy17.click(Unknown Source)
at testCases.FindQuoteTest.FindAndClickQuote(FindQuoteTest.java:23)
at testCases.LoginPageTest.runnerMethod(LoginPageTest.java:43)
at utilClass.CommonFunctions.launchBrowser(CommonFunctions.java:94)
at jdk.internal.reflect.GeneratedMethodAccessor9.invoke(Unknown Source)
at java.base/jdk.internal.reflect.DelegatingMethodAccessorImpl.invoke(DelegatingMethodAccessorImpl.java:43)
at java.base/java.lang.reflect.Method.invoke(Method.java:568)
at org.testng.internal.MethodInvocationHelper.invokeMethod(MethodInvocationHelper.java:133)
at org.testng.internal.TestInvoker.invokeMethod(TestInvoker.java:598)
at org.testng.internal.TestInvoker.retryFailed(TestInvoker.java:213)
at org.testng.internal.MethodRunner.runInSequence(MethodRunner.java:58)
at org.testng.internal.TestInvoker$MethodInvocationAgent.invoke(TestInvoker.java:824)
at org.testng.internal.TestInvoker.invokeTestMethods(TestInvoker.java:146)
at org.testng.internal.TestMethodWorker.invokeTestMethods(TestMethodWorker.java:146)
at org.testng.internal.TestMethodWorker.run(TestMethodWorker.java:128)
at java.base/java.util.ArrayList.forEach(ArrayList.java:1511)
at org.testng.TestRunner.privateRun(TestRunner.java:794)
at org.testng.TestRunner.run(TestRunner.java:596)
at org.testng.SuiteRunner.runTest(SuiteRunner.java:377)
at org.testng.SuiteRunner.runSequentially(SuiteRunner.java:371)
at org.testng.SuiteRunner.privateRun(SuiteRunner.java:332)
at org.testng.SuiteRunner.run(SuiteRunner.java:276)
at org.testng.SuiteRunnerWorker.runSuite(SuiteRunnerWorker.java:53)
at org.testng.SuiteRunnerWorker.run(SuiteRunnerWorker.java:96)
at org.testng.TestNG.runSuitesSequentially(TestNG.java:1212)
at org.testng.TestNG.runSuitesLocally(TestNG.java:1134)
at org.testng.TestNG.runSuites(TestNG.java:1063)
at org.testng.TestNG.run(TestNG.java:1031)
at org.testng.remote.AbstractRemoteTestNG.run(AbstractRemoteTestNG.java:115)
at org.testng.remote.RemoteTestNG.initAndRun(RemoteTestNG.java:251)
at org.testng.remote.RemoteTestNG.main(RemoteTestNG.java:77)
]]>
            </full-stacktrace>
          </exception> <!-- org.openqa.selenium.NoSuchElementException -->
          <reporter-output>
          </reporter-output>
        </test-method> <!-- launchBrowser -->
      </class> <!-- testCases.LoginPageTest -->
    </test> <!-- Regression Test -->
  </suite> <!-- RSG Suite -->
</testng-results>
