<?xml version="1.0" encoding="UTF-8"?>
<testng-results retried="32" ignored="0" total="98" passed="51" failed="15" skipped="0">
  <reporter-output>
  </reporter-output>
  <suite started-at="2023-12-11T18:30:31 IST" name="RSG Suite" finished-at="2023-12-12T01:40:17 IST" duration-ms="25785890">
    <groups>
    </groups>
    <test started-at="2023-12-11T18:30:31 IST" name="Existing Scenarios Test" finished-at="2023-12-12T01:40:17 IST" duration-ms="25785890">
      <class name="testCases.LoginPageTest">
        <test-method is-config="true" signature="loadPropertyFile()[pri:0, instance:testCases.LoginPageTest@1dd0e7c4]" started-at="2023-12-11T18:30:31 IST" name="loadPropertyFile" finished-at="2023-12-11T18:30:31 IST" duration-ms="17" status="PASS">
          <reporter-output>
          </reporter-output>
        </test-method> <!-- loadPropertyFile -->
        <test-method signature="launchBrowser(java.util.Map)[pri:0, instance:testCases.LoginPageTest@1dd0e7c4]" started-at="2023-12-11T18:30:32 IST" name="launchBrowser" data-provider="Datafromexcel" finished-at="2023-12-11T18:35:02 IST" duration-ms="269588" status="PASS">
          <params>
            <param index="0">
              <value>
                <![CDATA[{=, Opening Protection=Only glass opening are protected, Product=DP3, Policy Number=, Agency Name=Dickens Vanessa, Heating Type Year Of Update=2011, Year Built=1990, Tours Conducted=No, RenovationCost=, Fire Station=Less than 5 Miles, VA_Property Fenced=, Fire Hydrant=Less than 1000 feet, Electric Type Year Of Update=2012, Lapse in Coverage=No, Cancel Type=Prorata, DOB=01/06/1989, Cladding Type=Stucco, Heating Type=Natural Gas, Secondary Water Resistance(SWR)=, Insured Employ Any Employees=No, Cancel Effective Date=12/10/2023, Principal First Name=, Type of Endorsement=Insured Details Change, Green Upgrade=Yes, Cancel Reason=Non-Payment, Special Cov A=No, Special Cov C=Yes, Amount Paid=, High Profile=No, Quote Type=, Identity Fraud=No, Endorsement Notes=test, BRPurchasePrice=, Electric Type=Circuit Breaker (Greater than 100 amp), Expected UMR No=, Floor in which the condo unit is Present=, Insured Type=Individual, VA_Property to be sold in next 12 months=, VA_Vacant Date=, Expected Result=, Extended Replacement Cost=Yes, Gutters Present=, RC on Contents=No, Contact First Name=, Loss Settlement Contents=Replacement Cost, Last Name=01, Square Feet=1200, Heating Update Type=, Insurer=, Premises Coverages for Owners=, License No=, BRPurchaseDate=, VA_Purchase Price=, Multi-location count=, Change Bill Type to Agency Bill?=, Roof Covering Update Type=, Swimming Pool=Yes, VA_RenovationCompleted=, Roof Covering=Unknown, AI Name=, RCV/ACV=RCV, Trust Name=, Knob/Aluminium/ClothWiring=, Type of Loss=, All Business Activities=No, RenovationBegun=, VA_Date of Purchase=, Quote Number=2375583, CompletionDate=, Policy Term=, Water Damage Sublimit=None, Total Stories of Condo Building=, Plumbing Type Year Of Update=2003, Animal Attack History=No, Primary Flood Cov=$25,000 Sub-limit, OL Liability=, Carrier Representative=, No. of Stories=1, Loss Assessment=$9,000, Test Data No=1, Historic Place=No, Greater than 10 acres=No, Do any of the following apply?=, RenovationType=, Declined by Prior Carrier=No, Principal DOB=, Vandalism or Malicious Mischief=No, Phone Number=8154233716, Full Interior Sprinkler System=Yes, Result in UI=, Personal Liability=$500,000, Beach Territory=No, Personal Injury Cov=Yes, LLC Name=0, First Name=branding, Number of claims=0, Reinstate Reason=Payment Received, Developer's spec home=No, Risk address same as Mailing address?=N, Declined by QuickHome Carrier=No, Cheque Number=1234, Date of Loss=, Carrier=1153 One London, Date Declined=, Braced/Unbraced=, Slope of Roof=, Schedule of forms=, AI Type=, Limited Mold Coverage=None, Billing type=Agency Bill, Wind Deductible=15%, RenovationCompleted=, Description of Loss=, Water Backup=$25,000, VA_Purchasedin12months=, Protection Class=5, Fasterners=, DTC=508.41, Trustee DOB=, BR_PropertyIntention=, Other Structure=N, Roof Shape=Flat Roof, Coverage D=28376, Coverage A=400000, Coverage B=400000, RenovationDoneByLicensedInsured=, Does the roof have parapets?=, Coverage C=70945, Water Damage Deductible=None, Wind Rating=, Childcare or Other=No, AI Address=, Number of Units=Fourplex, RenovationCompletesIn3Months=, Payee Name=john, Location Type=, Last Date of Coverage=, Trustee First Name=, Mailing Address=30 Adriatic Dr, Hampton, VA 23664, USA, Extended Coverage=, BRLocationPurchasedIn12Months=, Water Heater Year Of Update=2008, Return Policy Fee=No, Roof Covering Year Of Update=2002, Principal Last Name=, Override DTC=Yes, Ordinance or Law Coverage=, Golf Cart Collision=$5,000, Plumbing Type=Copper, BR_PropertyFLB=, Password=Welcome*1, Risk Address=30 Adriatic Dr, Hampton, VA 23664, USA, AOP=$2,500, Medical Payments=$2,000, Diligent Name=, Purpose=, Quote Note=, Roof Anchor=Single Wraps, Number of Children=, Diligent Title=, Trustee Last Name=, RenovationGoingOn=, Condo Unit Number=2, UOM=Miles, Username=lsingleton, Fully Fenced=No, Alarm=Local Fire/Smoke & Burglar Alarm, Earthquake Coverage=0, Occupancy Type=Rental - Short Term/Seasonal, Electric Type Update Type=, Construction Type=Superior, Protection Size=}]]>
              </value>
            </param>
          </params>
          <reporter-output>
          </reporter-output>
        </test-method> <!-- launchBrowser -->
        <test-method signature="launchBrowser(java.util.Map)[pri:0, instance:testCases.LoginPageTest@1dd0e7c4]" started-at="2023-12-11T18:35:02 IST" name="launchBrowser" data-provider="Datafromexcel" finished-at="2023-12-11T18:39:15 IST" duration-ms="252325" status="PASS">
          <params>
            <param index="0">
              <value>
                <![CDATA[{=, Opening Protection=Only glass opening are protected, Product=DP3, Policy Number=, Agency Name=Dickens Vanessa, Heating Type Year Of Update=2011, Year Built=1990, Tours Conducted=No, RenovationCost=, Fire Station=Less than 5 Miles, VA_Property Fenced=, Fire Hydrant=Less than 1000 feet, Electric Type Year Of Update=2012, Lapse in Coverage=No, Cancel Type=Prorata, DOB=01/06/1989, Cladding Type=Stucco, Heating Type=Natural Gas, Secondary Water Resistance(SWR)=, Insured Employ Any Employees=No, Cancel Effective Date=12/10/2023, Principal First Name=, Type of Endorsement=Insured Details Change, Green Upgrade=Yes, Cancel Reason=Non-Payment, Special Cov A=No, Special Cov C=Yes, Amount Paid=, High Profile=No, Quote Type=, Identity Fraud=No, Endorsement Notes=test, BRPurchasePrice=, Electric Type=Circuit Breaker (Greater than 100 amp), Expected UMR No=, Floor in which the condo unit is Present=, Insured Type=Individual, VA_Property to be sold in next 12 months=, VA_Vacant Date=, Expected Result=, Extended Replacement Cost=Yes, Gutters Present=, RC on Contents=No, Contact First Name=, Loss Settlement Contents=Replacement Cost, Last Name=02, Square Feet=1200, Heating Update Type=, Insurer=, Premises Coverages for Owners=, License No=, BRPurchaseDate=, VA_Purchase Price=, Multi-location count=, Change Bill Type to Agency Bill?=, Roof Covering Update Type=, Swimming Pool=Yes, VA_RenovationCompleted=, Roof Covering=Unknown, AI Name=, RCV/ACV=RCV, Trust Name=, Knob/Aluminium/ClothWiring=, Type of Loss=, All Business Activities=No, RenovationBegun=, VA_Date of Purchase=, Quote Number=2375533, CompletionDate=, Policy Term=, Water Damage Sublimit=None, Total Stories of Condo Building=, Plumbing Type Year Of Update=2003, Animal Attack History=No, Primary Flood Cov=$25,000 Sub-limit, OL Liability=, Carrier Representative=, No. of Stories=1, Loss Assessment=$9,000, Test Data No=2, Historic Place=No, Greater than 10 acres=No, Do any of the following apply?=, RenovationType=, Declined by Prior Carrier=No, Principal DOB=, Vandalism or Malicious Mischief=No, Phone Number=8154233716, Full Interior Sprinkler System=Yes, Result in UI=, Personal Liability=$500,000, Beach Territory=No, Personal Injury Cov=Yes, LLC Name=0, First Name=branding, Number of claims=0, Reinstate Reason=Payment Received, Developer's spec home=No, Risk address same as Mailing address?=N, Declined by QuickHome Carrier=No, Cheque Number=1234, Date of Loss=, Carrier=1153 One London, Date Declined=, Braced/Unbraced=, Slope of Roof=, Schedule of forms=, AI Type=, Limited Mold Coverage=None, Billing type=Agency Bill, Wind Deductible=15%, RenovationCompleted=, Description of Loss=, Water Backup=$25,000, VA_Purchasedin12months=, Protection Class=5, Fasterners=, DTC=508.41, Trustee DOB=, BR_PropertyIntention=, Other Structure=N, Roof Shape=Flat Roof, Coverage D=28376, Coverage A=400000, Coverage B=400000, RenovationDoneByLicensedInsured=, Does the roof have parapets?=, Coverage C=70945, Water Damage Deductible=None, Wind Rating=, Childcare or Other=No, AI Address=, Number of Units=Fourplex, RenovationCompletesIn3Months=, Payee Name=john, Location Type=, Last Date of Coverage=, Trustee First Name=, Mailing Address=30 Adriatic Dr, Hampton, VA 23664, USA, Extended Coverage=, BRLocationPurchasedIn12Months=, Water Heater Year Of Update=2008, Return Policy Fee=No, Roof Covering Year Of Update=2002, Principal Last Name=, Override DTC=Yes, Ordinance or Law Coverage=, Golf Cart Collision=$5,000, Plumbing Type=Copper, BR_PropertyFLB=, Password=Welcome*1, Risk Address=30 Adriatic Dr, Hampton, VA 23664, USA, AOP=$2,500, Medical Payments=$2,000, Diligent Name=, Purpose=, Quote Note=, Roof Anchor=Single Wraps, Number of Children=, Diligent Title=, Trustee Last Name=, RenovationGoingOn=, Condo Unit Number=2, UOM=Miles, Username=lsingleton, Fully Fenced=No, Alarm=Local Fire/Smoke & Burglar Alarm, Earthquake Coverage=0, Occupancy Type=Rental - Short Term/Seasonal, Electric Type Update Type=, Construction Type=Superior, Protection Size=}]]>
              </value>
            </param>
          </params>
          <reporter-output>
          </reporter-output>
        </test-method> <!-- launchBrowser -->
        <test-method signature="launchBrowser(java.util.Map)[pri:0, instance:testCases.LoginPageTest@1dd0e7c4]" started-at="2023-12-11T18:39:15 IST" name="launchBrowser" data-provider="Datafromexcel" finished-at="2023-12-11T18:44:39 IST" duration-ms="323083" status="PASS">
          <params>
            <param index="0">
              <value>
                <![CDATA[{=, Opening Protection=Only glass opening are protected, Product=DP3, Policy Number=, Agency Name=Dickens Vanessa, Heating Type Year Of Update=2011, Year Built=1990, Tours Conducted=No, RenovationCost=, Fire Station=Less than 5 Miles, VA_Property Fenced=, Fire Hydrant=Less than 1000 feet, Electric Type Year Of Update=2012, Lapse in Coverage=No, Cancel Type=Prorata, DOB=01/06/1989, Cladding Type=Stucco, Heating Type=Natural Gas, Secondary Water Resistance(SWR)=, Insured Employ Any Employees=No, Cancel Effective Date=12/10/2023, Principal First Name=, Type of Endorsement=Insured Details Change, Green Upgrade=Yes, Cancel Reason=Non-Payment, Special Cov A=No, Special Cov C=Yes, Amount Paid=, High Profile=No, Quote Type=, Identity Fraud=No, Endorsement Notes=test, BRPurchasePrice=, Electric Type=Circuit Breaker (Greater than 100 amp), Expected UMR No=, Floor in which the condo unit is Present=, Insured Type=Individual, VA_Property to be sold in next 12 months=, VA_Vacant Date=, Expected Result=, Extended Replacement Cost=Yes, Gutters Present=, RC on Contents=No, Contact First Name=, Loss Settlement Contents=Replacement Cost, Last Name=03, Square Feet=1200, Heating Update Type=, Insurer=, Premises Coverages for Owners=, License No=, BRPurchaseDate=, VA_Purchase Price=, Multi-location count=, Change Bill Type to Agency Bill?=, Roof Covering Update Type=, Swimming Pool=Yes, VA_RenovationCompleted=, Roof Covering=Unknown, AI Name=, RCV/ACV=RCV, Trust Name=, Knob/Aluminium/ClothWiring=, Type of Loss=, All Business Activities=No, RenovationBegun=, VA_Date of Purchase=, Quote Number=2375481, CompletionDate=, Policy Term=, Water Damage Sublimit=None, Total Stories of Condo Building=, Plumbing Type Year Of Update=2003, Animal Attack History=No, Primary Flood Cov=$25,000 Sub-limit, OL Liability=, Carrier Representative=, No. of Stories=1, Loss Assessment=$9,000, Test Data No=3, Historic Place=No, Greater than 10 acres=No, Do any of the following apply?=, RenovationType=, Declined by Prior Carrier=No, Principal DOB=, Vandalism or Malicious Mischief=No, Phone Number=8154233716, Full Interior Sprinkler System=Yes, Result in UI=, Personal Liability=$500,000, Beach Territory=No, Personal Injury Cov=Yes, LLC Name=0, First Name=branding, Number of claims=0, Reinstate Reason=Payment Received, Developer's spec home=No, Risk address same as Mailing address?=N, Declined by QuickHome Carrier=No, Cheque Number=1234, Date of Loss=, Carrier=1153 One London, Date Declined=, Braced/Unbraced=, Slope of Roof=, Schedule of forms=, AI Type=, Limited Mold Coverage=None, Billing type=Agency Bill, Wind Deductible=15%, RenovationCompleted=, Description of Loss=, Water Backup=$25,000, VA_Purchasedin12months=, Protection Class=5, Fasterners=, DTC=508.41, Trustee DOB=, BR_PropertyIntention=, Other Structure=N, Roof Shape=Flat Roof, Coverage D=28376, Coverage A=400000, Coverage B=400000, RenovationDoneByLicensedInsured=, Does the roof have parapets?=, Coverage C=70945, Water Damage Deductible=None, Wind Rating=, Childcare or Other=No, AI Address=, Number of Units=Fourplex, RenovationCompletesIn3Months=, Payee Name=john, Location Type=, Last Date of Coverage=, Trustee First Name=, Mailing Address=30 Adriatic Dr, Hampton, VA 23664, USA, Extended Coverage=, BRLocationPurchasedIn12Months=, Water Heater Year Of Update=2008, Return Policy Fee=No, Roof Covering Year Of Update=2002, Principal Last Name=, Override DTC=Yes, Ordinance or Law Coverage=, Golf Cart Collision=$5,000, Plumbing Type=Copper, BR_PropertyFLB=, Password=Welcome*1, Risk Address=30 Adriatic Dr, Hampton, VA 23664, USA, AOP=$2,500, Medical Payments=$2,000, Diligent Name=, Purpose=, Quote Note=, Roof Anchor=Single Wraps, Number of Children=, Diligent Title=, Trustee Last Name=, RenovationGoingOn=, Condo Unit Number=2, UOM=Miles, Username=lsingleton, Fully Fenced=No, Alarm=Local Fire/Smoke & Burglar Alarm, Earthquake Coverage=0, Occupancy Type=Rental - Short Term/Seasonal, Electric Type Update Type=, Construction Type=Superior, Protection Size=}]]>
              </value>
            </param>
          </params>
          <reporter-output>
          </reporter-output>
        </test-method> <!-- launchBrowser -->
        <test-method signature="launchBrowser(java.util.Map)[pri:0, instance:testCases.LoginPageTest@1dd0e7c4]" started-at="2023-12-11T18:44:39 IST" name="launchBrowser" data-provider="Datafromexcel" finished-at="2023-12-11T18:49:58 IST" duration-ms="318967" status="PASS">
          <params>
            <param index="0">
              <value>
                <![CDATA[{=, Opening Protection=Only glass opening are protected, Product=DP3, Policy Number=, Agency Name=Dickens Vanessa, Heating Type Year Of Update=2011, Year Built=1990, Tours Conducted=No, RenovationCost=, Fire Station=Less than 5 Miles, VA_Property Fenced=, Fire Hydrant=Less than 1000 feet, Electric Type Year Of Update=2012, Lapse in Coverage=No, Cancel Type=Prorata, DOB=01/06/1989, Cladding Type=Stucco, Heating Type=Natural Gas, Secondary Water Resistance(SWR)=, Insured Employ Any Employees=No, Cancel Effective Date=12/10/2023, Principal First Name=, Type of Endorsement=Insured Details Change, Green Upgrade=Yes, Cancel Reason=Non-Payment, Special Cov A=No, Special Cov C=Yes, Amount Paid=, High Profile=No, Quote Type=, Identity Fraud=No, Endorsement Notes=test, BRPurchasePrice=, Electric Type=Circuit Breaker (Greater than 100 amp), Expected UMR No=, Floor in which the condo unit is Present=, Insured Type=Individual, VA_Property to be sold in next 12 months=, VA_Vacant Date=, Expected Result=, Extended Replacement Cost=Yes, Gutters Present=, RC on Contents=No, Contact First Name=, Loss Settlement Contents=Replacement Cost, Last Name=04, Square Feet=1200, Heating Update Type=, Insurer=, Premises Coverages for Owners=, License No=, BRPurchaseDate=, VA_Purchase Price=, Multi-location count=, Change Bill Type to Agency Bill?=, Roof Covering Update Type=, Swimming Pool=Yes, VA_RenovationCompleted=, Roof Covering=Unknown, AI Name=, RCV/ACV=RCV, Trust Name=, Knob/Aluminium/ClothWiring=, Type of Loss=, All Business Activities=No, RenovationBegun=, VA_Date of Purchase=, Quote Number=2375605, CompletionDate=, Policy Term=, Water Damage Sublimit=None, Total Stories of Condo Building=, Plumbing Type Year Of Update=2003, Animal Attack History=No, Primary Flood Cov=$25,000 Sub-limit, OL Liability=, Carrier Representative=, No. of Stories=1, Loss Assessment=$9,000, Test Data No=4, Historic Place=No, Greater than 10 acres=No, Do any of the following apply?=, RenovationType=, Declined by Prior Carrier=No, Principal DOB=, Vandalism or Malicious Mischief=No, Phone Number=8154233716, Full Interior Sprinkler System=Yes, Result in UI=, Personal Liability=$500,000, Beach Territory=No, Personal Injury Cov=Yes, LLC Name=0, First Name=branding, Number of claims=0, Reinstate Reason=Payment Received, Developer's spec home=No, Risk address same as Mailing address?=N, Declined by QuickHome Carrier=No, Cheque Number=1234, Date of Loss=, Carrier=1153 One London, Date Declined=, Braced/Unbraced=, Slope of Roof=, Schedule of forms=, AI Type=, Limited Mold Coverage=None, Billing type=Agency Bill, Wind Deductible=15%, RenovationCompleted=, Description of Loss=, Water Backup=$25,000, VA_Purchasedin12months=, Protection Class=5, Fasterners=, DTC=508.41, Trustee DOB=, BR_PropertyIntention=, Other Structure=N, Roof Shape=Flat Roof, Coverage D=28376, Coverage A=400000, Coverage B=400000, RenovationDoneByLicensedInsured=, Does the roof have parapets?=, Coverage C=70945, Water Damage Deductible=None, Wind Rating=, Childcare or Other=No, AI Address=, Number of Units=Fourplex, RenovationCompletesIn3Months=, Payee Name=john, Location Type=, Last Date of Coverage=, Trustee First Name=, Mailing Address=30 Adriatic Dr, Hampton, VA 23664, USA, Extended Coverage=, BRLocationPurchasedIn12Months=, Water Heater Year Of Update=2008, Return Policy Fee=No, Roof Covering Year Of Update=2002, Principal Last Name=, Override DTC=Yes, Ordinance or Law Coverage=, Golf Cart Collision=$5,000, Plumbing Type=Copper, BR_PropertyFLB=, Password=Welcome*1, Risk Address=30 Adriatic Dr, Hampton, VA 23664, USA, AOP=$2,500, Medical Payments=$2,000, Diligent Name=, Purpose=, Quote Note=, Roof Anchor=Single Wraps, Number of Children=, Diligent Title=, Trustee Last Name=, RenovationGoingOn=, Condo Unit Number=2, UOM=Miles, Username=lsingleton, Fully Fenced=No, Alarm=Local Fire/Smoke & Burglar Alarm, Earthquake Coverage=0, Occupancy Type=Rental - Short Term/Seasonal, Electric Type Update Type=, Construction Type=Superior, Protection Size=}]]>
              </value>
            </param>
          </params>
          <reporter-output>
          </reporter-output>
        </test-method> <!-- launchBrowser -->
        <test-method signature="launchBrowser(java.util.Map)[pri:0, instance:testCases.LoginPageTest@1dd0e7c4]" started-at="2023-12-11T18:49:59 IST" name="launchBrowser" data-provider="Datafromexcel" finished-at="2023-12-11T18:55:09 IST" duration-ms="309947" status="PASS">
          <params>
            <param index="0">
              <value>
                <![CDATA[{=, Opening Protection=Only glass opening are protected, Product=DP3, Policy Number=, Agency Name=Dickens Vanessa, Heating Type Year Of Update=2011, Year Built=1990, Tours Conducted=No, RenovationCost=, Fire Station=Less than 5 Miles, VA_Property Fenced=, Fire Hydrant=Less than 1000 feet, Electric Type Year Of Update=2012, Lapse in Coverage=No, Cancel Type=Prorata, DOB=01/06/1989, Cladding Type=Stucco, Heating Type=Natural Gas, Secondary Water Resistance(SWR)=, Insured Employ Any Employees=No, Cancel Effective Date=12/10/2023, Principal First Name=, Type of Endorsement=Insured Details Change, Green Upgrade=Yes, Cancel Reason=Non-Payment, Special Cov A=No, Special Cov C=Yes, Amount Paid=, High Profile=No, Quote Type=, Identity Fraud=No, Endorsement Notes=test, BRPurchasePrice=, Electric Type=Circuit Breaker (Greater than 100 amp), Expected UMR No=, Floor in which the condo unit is Present=, Insured Type=Individual, VA_Property to be sold in next 12 months=, VA_Vacant Date=, Expected Result=, Extended Replacement Cost=Yes, Gutters Present=, RC on Contents=No, Contact First Name=, Loss Settlement Contents=Replacement Cost, Last Name=05, Square Feet=1200, Heating Update Type=, Insurer=, Premises Coverages for Owners=, License No=, BRPurchaseDate=, VA_Purchase Price=, Multi-location count=, Change Bill Type to Agency Bill?=, Roof Covering Update Type=, Swimming Pool=Yes, VA_RenovationCompleted=, Roof Covering=Unknown, AI Name=, RCV/ACV=RCV, Trust Name=, Knob/Aluminium/ClothWiring=, Type of Loss=, All Business Activities=No, RenovationBegun=, VA_Date of Purchase=, Quote Number=2375615, CompletionDate=, Policy Term=, Water Damage Sublimit=None, Total Stories of Condo Building=, Plumbing Type Year Of Update=2003, Animal Attack History=No, Primary Flood Cov=$25,000 Sub-limit, OL Liability=, Carrier Representative=, No. of Stories=1, Loss Assessment=$9,000, Test Data No=5, Historic Place=No, Greater than 10 acres=No, Do any of the following apply?=, RenovationType=, Declined by Prior Carrier=No, Principal DOB=, Vandalism or Malicious Mischief=No, Phone Number=8154233716, Full Interior Sprinkler System=Yes, Result in UI=, Personal Liability=$500,000, Beach Territory=No, Personal Injury Cov=Yes, LLC Name=0, First Name=branding, Number of claims=0, Reinstate Reason=Payment Received, Developer's spec home=No, Risk address same as Mailing address?=N, Declined by QuickHome Carrier=No, Cheque Number=1234, Date of Loss=, Carrier=1153 One London, Date Declined=, Braced/Unbraced=, Slope of Roof=, Schedule of forms=, AI Type=, Limited Mold Coverage=None, Billing type=Agency Bill, Wind Deductible=15%, RenovationCompleted=, Description of Loss=, Water Backup=$25,000, VA_Purchasedin12months=, Protection Class=5, Fasterners=, DTC=508.41, Trustee DOB=, BR_PropertyIntention=, Other Structure=N, Roof Shape=Flat Roof, Coverage D=28376, Coverage A=400000, Coverage B=400000, RenovationDoneByLicensedInsured=, Does the roof have parapets?=, Coverage C=70945, Water Damage Deductible=None, Wind Rating=, Childcare or Other=No, AI Address=, Number of Units=Fourplex, RenovationCompletesIn3Months=, Payee Name=john, Location Type=, Last Date of Coverage=, Trustee First Name=, Mailing Address=30 Adriatic Dr, Hampton, VA 23664, USA, Extended Coverage=, BRLocationPurchasedIn12Months=, Water Heater Year Of Update=2008, Return Policy Fee=No, Roof Covering Year Of Update=2002, Principal Last Name=, Override DTC=Yes, Ordinance or Law Coverage=, Golf Cart Collision=$5,000, Plumbing Type=Copper, BR_PropertyFLB=, Password=Welcome*1, Risk Address=30 Adriatic Dr, Hampton, VA 23664, USA, AOP=$2,500, Medical Payments=$2,000, Diligent Name=, Purpose=, Quote Note=, Roof Anchor=Single Wraps, Number of Children=, Diligent Title=, Trustee Last Name=, RenovationGoingOn=, Condo Unit Number=2, UOM=Miles, Username=lsingleton, Fully Fenced=No, Alarm=Local Fire/Smoke & Burglar Alarm, Earthquake Coverage=0, Occupancy Type=Rental - Short Term/Seasonal, Electric Type Update Type=, Construction Type=Superior, Protection Size=}]]>
              </value>
            </param>
          </params>
          <reporter-output>
          </reporter-output>
        </test-method> <!-- launchBrowser -->
        <test-method signature="launchBrowser(java.util.Map)[pri:0, instance:testCases.LoginPageTest@1dd0e7c4]" started-at="2023-12-11T18:55:10 IST" name="launchBrowser" data-provider="Datafromexcel" finished-at="2023-12-11T19:00:32 IST" duration-ms="322346" status="PASS">
          <params>
            <param index="0">
              <value>
                <![CDATA[{=, Opening Protection=Only glass opening are protected, Product=DP3, Policy Number=, Agency Name=Dickens Vanessa, Heating Type Year Of Update=2011, Year Built=1990, Tours Conducted=No, RenovationCost=, Fire Station=Less than 5 Miles, VA_Property Fenced=, Fire Hydrant=Less than 1000 feet, Electric Type Year Of Update=2012, Lapse in Coverage=No, Cancel Type=Prorata, DOB=01/06/1989, Cladding Type=Stucco, Heating Type=Natural Gas, Secondary Water Resistance(SWR)=, Insured Employ Any Employees=No, Cancel Effective Date=12/10/2023, Principal First Name=, Type of Endorsement=Insured Details Change, Green Upgrade=Yes, Cancel Reason=Non-Payment, Special Cov A=No, Special Cov C=Yes, Amount Paid=, High Profile=No, Quote Type=, Identity Fraud=No, Endorsement Notes=test, BRPurchasePrice=, Electric Type=Circuit Breaker (Greater than 100 amp), Expected UMR No=, Floor in which the condo unit is Present=, Insured Type=Individual, VA_Property to be sold in next 12 months=, VA_Vacant Date=, Expected Result=, Extended Replacement Cost=Yes, Gutters Present=, RC on Contents=No, Contact First Name=, Loss Settlement Contents=Replacement Cost, Last Name=06, Square Feet=1200, Heating Update Type=, Insurer=, Premises Coverages for Owners=, License No=, BRPurchaseDate=, VA_Purchase Price=, Multi-location count=, Change Bill Type to Agency Bill?=, Roof Covering Update Type=, Swimming Pool=Yes, VA_RenovationCompleted=, Roof Covering=Unknown, AI Name=, RCV/ACV=RCV, Trust Name=, Knob/Aluminium/ClothWiring=, Type of Loss=, All Business Activities=No, RenovationBegun=, VA_Date of Purchase=, Quote Number=2375619, CompletionDate=, Policy Term=, Water Damage Sublimit=None, Total Stories of Condo Building=, Plumbing Type Year Of Update=2003, Animal Attack History=No, Primary Flood Cov=$25,000 Sub-limit, OL Liability=, Carrier Representative=, No. of Stories=1, Loss Assessment=$9,000, Test Data No=6, Historic Place=No, Greater than 10 acres=No, Do any of the following apply?=, RenovationType=, Declined by Prior Carrier=No, Principal DOB=, Vandalism or Malicious Mischief=No, Phone Number=8154233716, Full Interior Sprinkler System=Yes, Result in UI=, Personal Liability=$500,000, Beach Territory=No, Personal Injury Cov=Yes, LLC Name=0, First Name=branding, Number of claims=0, Reinstate Reason=Payment Received, Developer's spec home=No, Risk address same as Mailing address?=N, Declined by QuickHome Carrier=No, Cheque Number=1234, Date of Loss=, Carrier=1153 One London, Date Declined=, Braced/Unbraced=, Slope of Roof=, Schedule of forms=, AI Type=, Limited Mold Coverage=None, Billing type=Agency Bill, Wind Deductible=15%, RenovationCompleted=, Description of Loss=, Water Backup=$25,000, VA_Purchasedin12months=, Protection Class=5, Fasterners=, DTC=508.41, Trustee DOB=, BR_PropertyIntention=, Other Structure=N, Roof Shape=Flat Roof, Coverage D=28376, Coverage A=400000, Coverage B=400000, RenovationDoneByLicensedInsured=, Does the roof have parapets?=, Coverage C=70945, Water Damage Deductible=None, Wind Rating=, Childcare or Other=No, AI Address=, Number of Units=Fourplex, RenovationCompletesIn3Months=, Payee Name=john, Location Type=, Last Date of Coverage=, Trustee First Name=, Mailing Address=30 Adriatic Dr, Hampton, VA 23664, USA, Extended Coverage=, BRLocationPurchasedIn12Months=, Water Heater Year Of Update=2008, Return Policy Fee=No, Roof Covering Year Of Update=2002, Principal Last Name=, Override DTC=Yes, Ordinance or Law Coverage=, Golf Cart Collision=$5,000, Plumbing Type=Copper, BR_PropertyFLB=, Password=Welcome*1, Risk Address=30 Adriatic Dr, Hampton, VA 23664, USA, AOP=$2,500, Medical Payments=$2,000, Diligent Name=, Purpose=, Quote Note=, Roof Anchor=Single Wraps, Number of Children=, Diligent Title=, Trustee Last Name=, RenovationGoingOn=, Condo Unit Number=2, UOM=Miles, Username=lsingleton, Fully Fenced=No, Alarm=Local Fire/Smoke & Burglar Alarm, Earthquake Coverage=0, Occupancy Type=Rental - Short Term/Seasonal, Electric Type Update Type=, Construction Type=Superior, Protection Size=}]]>
              </value>
            </param>
          </params>
          <reporter-output>
          </reporter-output>
        </test-method> <!-- launchBrowser -->
        <test-method signature="launchBrowser(java.util.Map)[pri:0, instance:testCases.LoginPageTest@1dd0e7c4]" started-at="2023-12-11T19:00:32 IST" name="launchBrowser" data-provider="Datafromexcel" finished-at="2023-12-11T19:06:11 IST" duration-ms="338738" status="PASS">
          <params>
            <param index="0">
              <value>
                <![CDATA[{=, Opening Protection=Only glass opening are protected, Product=DP3, Policy Number=, Agency Name=Dickens Vanessa, Heating Type Year Of Update=2011, Year Built=1990, Tours Conducted=No, RenovationCost=, Fire Station=Less than 5 Miles, VA_Property Fenced=, Fire Hydrant=Less than 1000 feet, Electric Type Year Of Update=2012, Lapse in Coverage=No, Cancel Type=Prorata, DOB=01/06/1989, Cladding Type=Stucco, Heating Type=Natural Gas, Secondary Water Resistance(SWR)=, Insured Employ Any Employees=No, Cancel Effective Date=12/10/2023, Principal First Name=, Type of Endorsement=Insured Details Change, Green Upgrade=Yes, Cancel Reason=Non-Payment, Special Cov A=No, Special Cov C=Yes, Amount Paid=, High Profile=No, Quote Type=, Identity Fraud=No, Endorsement Notes=test, BRPurchasePrice=, Electric Type=Circuit Breaker (Greater than 100 amp), Expected UMR No=, Floor in which the condo unit is Present=, Insured Type=Individual, VA_Property to be sold in next 12 months=, VA_Vacant Date=, Expected Result=, Extended Replacement Cost=Yes, Gutters Present=, RC on Contents=No, Contact First Name=, Loss Settlement Contents=Replacement Cost, Last Name=07, Square Feet=1200, Heating Update Type=, Insurer=, Premises Coverages for Owners=, License No=, BRPurchaseDate=, VA_Purchase Price=, Multi-location count=, Change Bill Type to Agency Bill?=, Roof Covering Update Type=, Swimming Pool=Yes, VA_RenovationCompleted=, Roof Covering=Unknown, AI Name=, RCV/ACV=RCV, Trust Name=, Knob/Aluminium/ClothWiring=, Type of Loss=, All Business Activities=No, RenovationBegun=, VA_Date of Purchase=, Quote Number=2375627, CompletionDate=, Policy Term=, Water Damage Sublimit=None, Total Stories of Condo Building=, Plumbing Type Year Of Update=2003, Animal Attack History=No, Primary Flood Cov=$25,000 Sub-limit, OL Liability=, Carrier Representative=, No. of Stories=1, Loss Assessment=$9,000, Test Data No=7, Historic Place=No, Greater than 10 acres=No, Do any of the following apply?=, RenovationType=, Declined by Prior Carrier=No, Principal DOB=, Vandalism or Malicious Mischief=No, Phone Number=8154233716, Full Interior Sprinkler System=Yes, Result in UI=, Personal Liability=$500,000, Beach Territory=No, Personal Injury Cov=Yes, LLC Name=0, First Name=branding, Number of claims=0, Reinstate Reason=Payment Received, Developer's spec home=No, Risk address same as Mailing address?=N, Declined by QuickHome Carrier=No, Cheque Number=1234, Date of Loss=, Carrier=1153 One London, Date Declined=, Braced/Unbraced=, Slope of Roof=, Schedule of forms=, AI Type=, Limited Mold Coverage=None, Billing type=Agency Bill, Wind Deductible=15%, RenovationCompleted=, Description of Loss=, Water Backup=$25,000, VA_Purchasedin12months=, Protection Class=5, Fasterners=, DTC=508.41, Trustee DOB=, BR_PropertyIntention=, Other Structure=N, Roof Shape=Flat Roof, Coverage D=28376, Coverage A=400000, Coverage B=400000, RenovationDoneByLicensedInsured=, Does the roof have parapets?=, Coverage C=70945, Water Damage Deductible=None, Wind Rating=, Childcare or Other=No, AI Address=, Number of Units=Fourplex, RenovationCompletesIn3Months=, Payee Name=john, Location Type=, Last Date of Coverage=, Trustee First Name=, Mailing Address=30 Adriatic Dr, Hampton, VA 23664, USA, Extended Coverage=, BRLocationPurchasedIn12Months=, Water Heater Year Of Update=2008, Return Policy Fee=No, Roof Covering Year Of Update=2002, Principal Last Name=, Override DTC=Yes, Ordinance or Law Coverage=, Golf Cart Collision=$5,000, Plumbing Type=Copper, BR_PropertyFLB=, Password=Welcome*1, Risk Address=30 Adriatic Dr, Hampton, VA 23664, USA, AOP=$2,500, Medical Payments=$2,000, Diligent Name=, Purpose=, Quote Note=, Roof Anchor=Single Wraps, Number of Children=, Diligent Title=, Trustee Last Name=, RenovationGoingOn=, Condo Unit Number=2, UOM=Miles, Username=lsingleton, Fully Fenced=No, Alarm=Local Fire/Smoke & Burglar Alarm, Earthquake Coverage=0, Occupancy Type=Rental - Short Term/Seasonal, Electric Type Update Type=, Construction Type=Superior, Protection Size=}]]>
              </value>
            </param>
          </params>
          <reporter-output>
          </reporter-output>
        </test-method> <!-- launchBrowser -->
        <test-method signature="launchBrowser(java.util.Map)[pri:0, instance:testCases.LoginPageTest@1dd0e7c4]" started-at="2023-12-11T19:06:11 IST" name="launchBrowser" data-provider="Datafromexcel" finished-at="2023-12-11T19:11:16 IST" duration-ms="304295" status="PASS">
          <params>
            <param index="0">
              <value>
                <![CDATA[{=, Opening Protection=Only glass opening are protected, Product=DP3, Policy Number=, Agency Name=Dickens Vanessa, Heating Type Year Of Update=2011, Year Built=1990, Tours Conducted=No, RenovationCost=, Fire Station=Less than 5 Miles, VA_Property Fenced=, Fire Hydrant=Less than 1000 feet, Electric Type Year Of Update=2012, Lapse in Coverage=No, Cancel Type=Prorata, DOB=01/06/1989, Cladding Type=Stucco, Heating Type=Natural Gas, Secondary Water Resistance(SWR)=, Insured Employ Any Employees=No, Cancel Effective Date=12/10/2023, Principal First Name=, Type of Endorsement=Insured Details Change, Green Upgrade=Yes, Cancel Reason=Non-Payment, Special Cov A=No, Special Cov C=Yes, Amount Paid=, High Profile=No, Quote Type=, Identity Fraud=No, Endorsement Notes=test, BRPurchasePrice=, Electric Type=Circuit Breaker (Greater than 100 amp), Expected UMR No=, Floor in which the condo unit is Present=, Insured Type=Individual, VA_Property to be sold in next 12 months=, VA_Vacant Date=, Expected Result=, Extended Replacement Cost=Yes, Gutters Present=, RC on Contents=No, Contact First Name=, Loss Settlement Contents=Replacement Cost, Last Name=08, Square Feet=1200, Heating Update Type=, Insurer=, Premises Coverages for Owners=, License No=, BRPurchaseDate=, VA_Purchase Price=, Multi-location count=, Change Bill Type to Agency Bill?=, Roof Covering Update Type=, Swimming Pool=Yes, VA_RenovationCompleted=, Roof Covering=Unknown, AI Name=, RCV/ACV=RCV, Trust Name=, Knob/Aluminium/ClothWiring=, Type of Loss=, All Business Activities=No, RenovationBegun=, VA_Date of Purchase=, Quote Number=2375631, CompletionDate=, Policy Term=, Water Damage Sublimit=None, Total Stories of Condo Building=, Plumbing Type Year Of Update=2003, Animal Attack History=No, Primary Flood Cov=$25,000 Sub-limit, OL Liability=, Carrier Representative=, No. of Stories=1, Loss Assessment=$9,000, Test Data No=8, Historic Place=No, Greater than 10 acres=No, Do any of the following apply?=, RenovationType=, Declined by Prior Carrier=No, Principal DOB=, Vandalism or Malicious Mischief=No, Phone Number=8154233716, Full Interior Sprinkler System=Yes, Result in UI=, Personal Liability=$500,000, Beach Territory=No, Personal Injury Cov=Yes, LLC Name=0, First Name=branding, Number of claims=0, Reinstate Reason=Payment Received, Developer's spec home=No, Risk address same as Mailing address?=N, Declined by QuickHome Carrier=No, Cheque Number=1234, Date of Loss=, Carrier=1153 One London, Date Declined=, Braced/Unbraced=, Slope of Roof=, Schedule of forms=, AI Type=, Limited Mold Coverage=None, Billing type=Agency Bill, Wind Deductible=15%, RenovationCompleted=, Description of Loss=, Water Backup=$25,000, VA_Purchasedin12months=, Protection Class=5, Fasterners=, DTC=508.41, Trustee DOB=, BR_PropertyIntention=, Other Structure=N, Roof Shape=Flat Roof, Coverage D=28376, Coverage A=400000, Coverage B=400000, RenovationDoneByLicensedInsured=, Does the roof have parapets?=, Coverage C=70945, Water Damage Deductible=None, Wind Rating=, Childcare or Other=No, AI Address=, Number of Units=Fourplex, RenovationCompletesIn3Months=, Payee Name=john, Location Type=, Last Date of Coverage=, Trustee First Name=, Mailing Address=30 Adriatic Dr, Hampton, VA 23664, USA, Extended Coverage=, BRLocationPurchasedIn12Months=, Water Heater Year Of Update=2008, Return Policy Fee=No, Roof Covering Year Of Update=2002, Principal Last Name=, Override DTC=Yes, Ordinance or Law Coverage=, Golf Cart Collision=$5,000, Plumbing Type=Copper, BR_PropertyFLB=, Password=Welcome*1, Risk Address=30 Adriatic Dr, Hampton, VA 23664, USA, AOP=$2,500, Medical Payments=$2,000, Diligent Name=, Purpose=, Quote Note=, Roof Anchor=Single Wraps, Number of Children=, Diligent Title=, Trustee Last Name=, RenovationGoingOn=, Condo Unit Number=2, UOM=Miles, Username=lsingleton, Fully Fenced=No, Alarm=Local Fire/Smoke & Burglar Alarm, Earthquake Coverage=0, Occupancy Type=Rental - Short Term/Seasonal, Electric Type Update Type=, Construction Type=Superior, Protection Size=}]]>
              </value>
            </param>
          </params>
          <reporter-output>
          </reporter-output>
        </test-method> <!-- launchBrowser -->
        <test-method signature="launchBrowser(java.util.Map)[pri:0, instance:testCases.LoginPageTest@1dd0e7c4]" started-at="2023-12-11T19:11:16 IST" name="launchBrowser" data-provider="Datafromexcel" finished-at="2023-12-11T19:16:08 IST" duration-ms="291836" status="PASS">
          <params>
            <param index="0">
              <value>
                <![CDATA[{=, Opening Protection=Only glass opening are protected, Product=DP3, Policy Number=, Agency Name=Dickens Vanessa, Heating Type Year Of Update=2011, Year Built=1990, Tours Conducted=No, RenovationCost=, Fire Station=Less than 5 Miles, VA_Property Fenced=, Fire Hydrant=Less than 1000 feet, Electric Type Year Of Update=2012, Lapse in Coverage=No, Cancel Type=Prorata, DOB=01/06/1989, Cladding Type=Stucco, Heating Type=Natural Gas, Secondary Water Resistance(SWR)=, Insured Employ Any Employees=No, Cancel Effective Date=12/10/2023, Principal First Name=, Type of Endorsement=Insured Details Change, Green Upgrade=Yes, Cancel Reason=Non-Payment, Special Cov A=No, Special Cov C=Yes, Amount Paid=, High Profile=No, Quote Type=, Identity Fraud=No, Endorsement Notes=test, BRPurchasePrice=, Electric Type=Circuit Breaker (Greater than 100 amp), Expected UMR No=, Floor in which the condo unit is Present=, Insured Type=Individual, VA_Property to be sold in next 12 months=, VA_Vacant Date=, Expected Result=, Extended Replacement Cost=Yes, Gutters Present=, RC on Contents=No, Contact First Name=, Loss Settlement Contents=Replacement Cost, Last Name=09, Square Feet=1200, Heating Update Type=, Insurer=, Premises Coverages for Owners=, License No=, BRPurchaseDate=, VA_Purchase Price=, Multi-location count=, Change Bill Type to Agency Bill?=, Roof Covering Update Type=, Swimming Pool=Yes, VA_RenovationCompleted=, Roof Covering=Unknown, AI Name=, RCV/ACV=RCV, Trust Name=, Knob/Aluminium/ClothWiring=, Type of Loss=, All Business Activities=No, RenovationBegun=, VA_Date of Purchase=, Quote Number=2375633, CompletionDate=, Policy Term=, Water Damage Sublimit=None, Total Stories of Condo Building=, Plumbing Type Year Of Update=2003, Animal Attack History=No, Primary Flood Cov=$25,000 Sub-limit, OL Liability=, Carrier Representative=, No. of Stories=1, Loss Assessment=$9,000, Test Data No=9, Historic Place=No, Greater than 10 acres=No, Do any of the following apply?=, RenovationType=, Declined by Prior Carrier=No, Principal DOB=, Vandalism or Malicious Mischief=No, Phone Number=8154233716, Full Interior Sprinkler System=Yes, Result in UI=, Personal Liability=$500,000, Beach Territory=No, Personal Injury Cov=Yes, LLC Name=0, First Name=branding, Number of claims=0, Reinstate Reason=Payment Received, Developer's spec home=No, Risk address same as Mailing address?=N, Declined by QuickHome Carrier=No, Cheque Number=1234, Date of Loss=, Carrier=1153 One London, Date Declined=, Braced/Unbraced=, Slope of Roof=, Schedule of forms=, AI Type=, Limited Mold Coverage=None, Billing type=Agency Bill, Wind Deductible=15%, RenovationCompleted=, Description of Loss=, Water Backup=$25,000, VA_Purchasedin12months=, Protection Class=5, Fasterners=, DTC=508.41, Trustee DOB=, BR_PropertyIntention=, Other Structure=N, Roof Shape=Flat Roof, Coverage D=28376, Coverage A=400000, Coverage B=400000, RenovationDoneByLicensedInsured=, Does the roof have parapets?=, Coverage C=70945, Water Damage Deductible=None, Wind Rating=, Childcare or Other=No, AI Address=, Number of Units=Fourplex, RenovationCompletesIn3Months=, Payee Name=john, Location Type=, Last Date of Coverage=, Trustee First Name=, Mailing Address=30 Adriatic Dr, Hampton, VA 23664, USA, Extended Coverage=, BRLocationPurchasedIn12Months=, Water Heater Year Of Update=2008, Return Policy Fee=No, Roof Covering Year Of Update=2002, Principal Last Name=, Override DTC=Yes, Ordinance or Law Coverage=, Golf Cart Collision=$5,000, Plumbing Type=Copper, BR_PropertyFLB=, Password=Welcome*1, Risk Address=30 Adriatic Dr, Hampton, VA 23664, USA, AOP=$2,500, Medical Payments=$2,000, Diligent Name=, Purpose=, Quote Note=, Roof Anchor=Single Wraps, Number of Children=, Diligent Title=, Trustee Last Name=, RenovationGoingOn=, Condo Unit Number=2, UOM=Miles, Username=lsingleton, Fully Fenced=No, Alarm=Local Fire/Smoke & Burglar Alarm, Earthquake Coverage=0, Occupancy Type=Rental - Short Term/Seasonal, Electric Type Update Type=, Construction Type=Superior, Protection Size=}]]>
              </value>
            </param>
          </params>
          <reporter-output>
          </reporter-output>
        </test-method> <!-- launchBrowser -->
        <test-method signature="launchBrowser(java.util.Map)[pri:0, instance:testCases.LoginPageTest@1dd0e7c4]" started-at="2023-12-11T19:16:08 IST" name="launchBrowser" data-provider="Datafromexcel" finished-at="2023-12-11T19:21:02 IST" duration-ms="294116" status="PASS">
          <params>
            <param index="0">
              <value>
                <![CDATA[{=, Opening Protection=Only glass opening are protected, Product=DP3, Policy Number=, Agency Name=Dickens Vanessa, Heating Type Year Of Update=2011, Year Built=1990, Tours Conducted=No, RenovationCost=, Fire Station=Less than 5 Miles, VA_Property Fenced=, Fire Hydrant=Less than 1000 feet, Electric Type Year Of Update=2012, Lapse in Coverage=No, Cancel Type=Prorata, DOB=01/06/1989, Cladding Type=Stucco, Heating Type=Natural Gas, Secondary Water Resistance(SWR)=, Insured Employ Any Employees=No, Cancel Effective Date=12/10/2023, Principal First Name=, Type of Endorsement=Insured Details Change, Green Upgrade=Yes, Cancel Reason=Non-Payment, Special Cov A=No, Special Cov C=Yes, Amount Paid=, High Profile=No, Quote Type=, Identity Fraud=No, Endorsement Notes=test, BRPurchasePrice=, Electric Type=Circuit Breaker (Greater than 100 amp), Expected UMR No=, Floor in which the condo unit is Present=, Insured Type=Individual, VA_Property to be sold in next 12 months=, VA_Vacant Date=, Expected Result=, Extended Replacement Cost=Yes, Gutters Present=, RC on Contents=No, Contact First Name=, Loss Settlement Contents=Replacement Cost, Last Name=10, Square Feet=1200, Heating Update Type=, Insurer=, Premises Coverages for Owners=, License No=, BRPurchaseDate=, VA_Purchase Price=, Multi-location count=, Change Bill Type to Agency Bill?=, Roof Covering Update Type=, Swimming Pool=Yes, VA_RenovationCompleted=, Roof Covering=Unknown, AI Name=, RCV/ACV=RCV, Trust Name=, Knob/Aluminium/ClothWiring=, Type of Loss=, All Business Activities=No, RenovationBegun=, VA_Date of Purchase=, Quote Number=2375647, CompletionDate=, Policy Term=, Water Damage Sublimit=None, Total Stories of Condo Building=, Plumbing Type Year Of Update=2003, Animal Attack History=No, Primary Flood Cov=$25,000 Sub-limit, OL Liability=, Carrier Representative=, No. of Stories=1, Loss Assessment=$9,000, Test Data No=10, Historic Place=No, Greater than 10 acres=No, Do any of the following apply?=, RenovationType=, Declined by Prior Carrier=No, Principal DOB=, Vandalism or Malicious Mischief=No, Phone Number=8154233716, Full Interior Sprinkler System=Yes, Result in UI=, Personal Liability=$500,000, Beach Territory=No, Personal Injury Cov=Yes, LLC Name=0, First Name=branding, Number of claims=0, Reinstate Reason=Payment Received, Developer's spec home=No, Risk address same as Mailing address?=N, Declined by QuickHome Carrier=No, Cheque Number=1234, Date of Loss=, Carrier=1153 One London, Date Declined=, Braced/Unbraced=, Slope of Roof=, Schedule of forms=, AI Type=, Limited Mold Coverage=None, Billing type=Agency Bill, Wind Deductible=15%, RenovationCompleted=, Description of Loss=, Water Backup=$25,000, VA_Purchasedin12months=, Protection Class=5, Fasterners=, DTC=508.41, Trustee DOB=, BR_PropertyIntention=, Other Structure=N, Roof Shape=Flat Roof, Coverage D=28376, Coverage A=400000, Coverage B=400000, RenovationDoneByLicensedInsured=, Does the roof have parapets?=, Coverage C=70945, Water Damage Deductible=None, Wind Rating=, Childcare or Other=No, AI Address=, Number of Units=Fourplex, RenovationCompletesIn3Months=, Payee Name=john, Location Type=, Last Date of Coverage=, Trustee First Name=, Mailing Address=30 Adriatic Dr, Hampton, VA 23664, USA, Extended Coverage=, BRLocationPurchasedIn12Months=, Water Heater Year Of Update=2008, Return Policy Fee=No, Roof Covering Year Of Update=2002, Principal Last Name=, Override DTC=Yes, Ordinance or Law Coverage=, Golf Cart Collision=$5,000, Plumbing Type=Copper, BR_PropertyFLB=, Password=Welcome*1, Risk Address=30 Adriatic Dr, Hampton, VA 23664, USA, AOP=$2,500, Medical Payments=$2,000, Diligent Name=, Purpose=, Quote Note=, Roof Anchor=Single Wraps, Number of Children=, Diligent Title=, Trustee Last Name=, RenovationGoingOn=, Condo Unit Number=2, UOM=Miles, Username=lsingleton, Fully Fenced=No, Alarm=Local Fire/Smoke & Burglar Alarm, Earthquake Coverage=0, Occupancy Type=Rental - Short Term/Seasonal, Electric Type Update Type=, Construction Type=Superior, Protection Size=}]]>
              </value>
            </param>
          </params>
          <reporter-output>
          </reporter-output>
        </test-method> <!-- launchBrowser -->
        <test-method signature="launchBrowser(java.util.Map)[pri:0, instance:testCases.LoginPageTest@1dd0e7c4]" started-at="2023-12-11T19:21:03 IST" name="launchBrowser" data-provider="Datafromexcel" finished-at="2023-12-11T19:26:10 IST" duration-ms="306788" status="PASS">
          <params>
            <param index="0">
              <value>
                <![CDATA[{=, Opening Protection=Only glass opening are protected, Product=DP3, Policy Number=, Agency Name=Dickens Vanessa, Heating Type Year Of Update=2011, Year Built=1990, Tours Conducted=No, RenovationCost=, Fire Station=Less than 5 Miles, VA_Property Fenced=, Fire Hydrant=Less than 1000 feet, Electric Type Year Of Update=2012, Lapse in Coverage=No, Cancel Type=Prorata, DOB=01/06/1989, Cladding Type=Stucco, Heating Type=Natural Gas, Secondary Water Resistance(SWR)=, Insured Employ Any Employees=No, Cancel Effective Date=12/10/2023, Principal First Name=, Type of Endorsement=Insured Details Change, Green Upgrade=Yes, Cancel Reason=Non-Payment, Special Cov A=No, Special Cov C=Yes, Amount Paid=, High Profile=No, Quote Type=, Identity Fraud=No, Endorsement Notes=test, BRPurchasePrice=, Electric Type=Circuit Breaker (Greater than 100 amp), Expected UMR No=, Floor in which the condo unit is Present=, Insured Type=Individual, VA_Property to be sold in next 12 months=, VA_Vacant Date=, Expected Result=, Extended Replacement Cost=Yes, Gutters Present=, RC on Contents=No, Contact First Name=, Loss Settlement Contents=Replacement Cost, Last Name=11, Square Feet=1200, Heating Update Type=, Insurer=, Premises Coverages for Owners=, License No=, BRPurchaseDate=, VA_Purchase Price=, Multi-location count=, Change Bill Type to Agency Bill?=, Roof Covering Update Type=, Swimming Pool=Yes, VA_RenovationCompleted=, Roof Covering=Unknown, AI Name=, RCV/ACV=RCV, Trust Name=, Knob/Aluminium/ClothWiring=, Type of Loss=, All Business Activities=No, RenovationBegun=, VA_Date of Purchase=, Quote Number=2375649, CompletionDate=, Policy Term=, Water Damage Sublimit=None, Total Stories of Condo Building=, Plumbing Type Year Of Update=2003, Animal Attack History=No, Primary Flood Cov=$25,000 Sub-limit, OL Liability=, Carrier Representative=, No. of Stories=1, Loss Assessment=$9,000, Test Data No=11, Historic Place=No, Greater than 10 acres=No, Do any of the following apply?=, RenovationType=, Declined by Prior Carrier=No, Principal DOB=, Vandalism or Malicious Mischief=No, Phone Number=8154233716, Full Interior Sprinkler System=Yes, Result in UI=, Personal Liability=$500,000, Beach Territory=No, Personal Injury Cov=Yes, LLC Name=0, First Name=branding, Number of claims=0, Reinstate Reason=Payment Received, Developer's spec home=No, Risk address same as Mailing address?=N, Declined by QuickHome Carrier=No, Cheque Number=1234, Date of Loss=, Carrier=1153 One London, Date Declined=, Braced/Unbraced=, Slope of Roof=, Schedule of forms=, AI Type=, Limited Mold Coverage=None, Billing type=Agency Bill, Wind Deductible=15%, RenovationCompleted=, Description of Loss=, Water Backup=$25,000, VA_Purchasedin12months=, Protection Class=5, Fasterners=, DTC=508.41, Trustee DOB=, BR_PropertyIntention=, Other Structure=N, Roof Shape=Flat Roof, Coverage D=28376, Coverage A=400000, Coverage B=400000, RenovationDoneByLicensedInsured=, Does the roof have parapets?=, Coverage C=70945, Water Damage Deductible=None, Wind Rating=, Childcare or Other=No, AI Address=, Number of Units=Fourplex, RenovationCompletesIn3Months=, Payee Name=john, Location Type=, Last Date of Coverage=, Trustee First Name=, Mailing Address=30 Adriatic Dr, Hampton, VA 23664, USA, Extended Coverage=, BRLocationPurchasedIn12Months=, Water Heater Year Of Update=2008, Return Policy Fee=No, Roof Covering Year Of Update=2002, Principal Last Name=, Override DTC=Yes, Ordinance or Law Coverage=, Golf Cart Collision=$5,000, Plumbing Type=Copper, BR_PropertyFLB=, Password=Welcome*1, Risk Address=30 Adriatic Dr, Hampton, VA 23664, USA, AOP=$2,500, Medical Payments=$2,000, Diligent Name=, Purpose=, Quote Note=, Roof Anchor=Single Wraps, Number of Children=, Diligent Title=, Trustee Last Name=, RenovationGoingOn=, Condo Unit Number=2, UOM=Miles, Username=lsingleton, Fully Fenced=No, Alarm=Local Fire/Smoke & Burglar Alarm, Earthquake Coverage=0, Occupancy Type=Rental - Short Term/Seasonal, Electric Type Update Type=, Construction Type=Superior, Protection Size=}]]>
              </value>
            </param>
          </params>
          <reporter-output>
          </reporter-output>
        </test-method> <!-- launchBrowser -->
        <test-method signature="launchBrowser(java.util.Map)[pri:0, instance:testCases.LoginPageTest@1dd0e7c4]" started-at="2023-12-11T19:26:10 IST" name="launchBrowser" data-provider="Datafromexcel" finished-at="2023-12-11T19:30:36 IST" duration-ms="266098" status="PASS">
          <params>
            <param index="0">
              <value>
                <![CDATA[{=, Opening Protection=Only glass opening are protected, Product=DP3, Policy Number=, Agency Name=Dickens Vanessa, Heating Type Year Of Update=2011, Year Built=1990, Tours Conducted=No, RenovationCost=, Fire Station=Less than 5 Miles, VA_Property Fenced=, Fire Hydrant=Less than 1000 feet, Electric Type Year Of Update=2012, Lapse in Coverage=No, Cancel Type=Prorata, DOB=01/06/1989, Cladding Type=Stucco, Heating Type=Natural Gas, Secondary Water Resistance(SWR)=, Insured Employ Any Employees=No, Cancel Effective Date=12/10/2023, Principal First Name=, Type of Endorsement=Insured Details Change, Green Upgrade=Yes, Cancel Reason=Non-Payment, Special Cov A=No, Special Cov C=Yes, Amount Paid=, High Profile=No, Quote Type=, Identity Fraud=No, Endorsement Notes=test, BRPurchasePrice=, Electric Type=Circuit Breaker (Greater than 100 amp), Expected UMR No=, Floor in which the condo unit is Present=, Insured Type=Individual, VA_Property to be sold in next 12 months=, VA_Vacant Date=, Expected Result=, Extended Replacement Cost=Yes, Gutters Present=, RC on Contents=No, Contact First Name=, Loss Settlement Contents=Replacement Cost, Last Name=12, Square Feet=1200, Heating Update Type=, Insurer=, Premises Coverages for Owners=, License No=, BRPurchaseDate=, VA_Purchase Price=, Multi-location count=, Change Bill Type to Agency Bill?=, Roof Covering Update Type=, Swimming Pool=Yes, VA_RenovationCompleted=, Roof Covering=Unknown, AI Name=, RCV/ACV=RCV, Trust Name=, Knob/Aluminium/ClothWiring=, Type of Loss=, All Business Activities=No, RenovationBegun=, VA_Date of Purchase=, Quote Number=2375743, CompletionDate=, Policy Term=, Water Damage Sublimit=None, Total Stories of Condo Building=, Plumbing Type Year Of Update=2003, Animal Attack History=No, Primary Flood Cov=$25,000 Sub-limit, OL Liability=, Carrier Representative=, No. of Stories=1, Loss Assessment=$9,000, Test Data No=12, Historic Place=No, Greater than 10 acres=No, Do any of the following apply?=, RenovationType=, Declined by Prior Carrier=No, Principal DOB=, Vandalism or Malicious Mischief=No, Phone Number=8154233716, Full Interior Sprinkler System=Yes, Result in UI=, Personal Liability=$500,000, Beach Territory=No, Personal Injury Cov=Yes, LLC Name=0, First Name=branding, Number of claims=0, Reinstate Reason=Payment Received, Developer's spec home=No, Risk address same as Mailing address?=N, Declined by QuickHome Carrier=No, Cheque Number=1234, Date of Loss=, Carrier=1153 One London, Date Declined=, Braced/Unbraced=, Slope of Roof=, Schedule of forms=, AI Type=, Limited Mold Coverage=None, Billing type=Agency Bill, Wind Deductible=15%, RenovationCompleted=, Description of Loss=, Water Backup=$25,000, VA_Purchasedin12months=, Protection Class=5, Fasterners=, DTC=508.41, Trustee DOB=, BR_PropertyIntention=, Other Structure=N, Roof Shape=Flat Roof, Coverage D=28376, Coverage A=400000, Coverage B=400000, RenovationDoneByLicensedInsured=, Does the roof have parapets?=, Coverage C=70945, Water Damage Deductible=None, Wind Rating=, Childcare or Other=No, AI Address=, Number of Units=Fourplex, RenovationCompletesIn3Months=, Payee Name=john, Location Type=, Last Date of Coverage=, Trustee First Name=, Mailing Address=30 Adriatic Dr, Hampton, VA 23664, USA, Extended Coverage=, BRLocationPurchasedIn12Months=, Water Heater Year Of Update=2008, Return Policy Fee=No, Roof Covering Year Of Update=2002, Principal Last Name=, Override DTC=Yes, Ordinance or Law Coverage=, Golf Cart Collision=$5,000, Plumbing Type=Copper, BR_PropertyFLB=, Password=Welcome*1, Risk Address=30 Adriatic Dr, Hampton, VA 23664, USA, AOP=$2,500, Medical Payments=$2,000, Diligent Name=, Purpose=, Quote Note=, Roof Anchor=Single Wraps, Number of Children=, Diligent Title=, Trustee Last Name=, RenovationGoingOn=, Condo Unit Number=2, UOM=Miles, Username=lsingleton, Fully Fenced=No, Alarm=Local Fire/Smoke & Burglar Alarm, Earthquake Coverage=0, Occupancy Type=Rental - Short Term/Seasonal, Electric Type Update Type=, Construction Type=Superior, Protection Size=}]]>
              </value>
            </param>
          </params>
          <reporter-output>
          </reporter-output>
        </test-method> <!-- launchBrowser -->
        <test-method signature="launchBrowser(java.util.Map)[pri:0, instance:testCases.LoginPageTest@1dd0e7c4]" started-at="2023-12-11T19:30:37 IST" name="launchBrowser" data-provider="Datafromexcel" finished-at="2023-12-11T19:35:05 IST" duration-ms="268455" status="PASS">
          <params>
            <param index="0">
              <value>
                <![CDATA[{=, Opening Protection=Only glass opening are protected, Product=DP3, Policy Number=, Agency Name=Dickens Vanessa, Heating Type Year Of Update=2011, Year Built=1990, Tours Conducted=No, RenovationCost=, Fire Station=Less than 5 Miles, VA_Property Fenced=, Fire Hydrant=Less than 1000 feet, Electric Type Year Of Update=2012, Lapse in Coverage=No, Cancel Type=Prorata, DOB=01/06/1989, Cladding Type=Stucco, Heating Type=Natural Gas, Secondary Water Resistance(SWR)=, Insured Employ Any Employees=No, Cancel Effective Date=12/10/2023, Principal First Name=, Type of Endorsement=Insured Details Change, Green Upgrade=Yes, Cancel Reason=Non-Payment, Special Cov A=No, Special Cov C=Yes, Amount Paid=, High Profile=No, Quote Type=, Identity Fraud=No, Endorsement Notes=test, BRPurchasePrice=, Electric Type=Circuit Breaker (Greater than 100 amp), Expected UMR No=, Floor in which the condo unit is Present=, Insured Type=Individual, VA_Property to be sold in next 12 months=, VA_Vacant Date=, Expected Result=, Extended Replacement Cost=Yes, Gutters Present=, RC on Contents=No, Contact First Name=, Loss Settlement Contents=Replacement Cost, Last Name=13, Square Feet=1200, Heating Update Type=, Insurer=, Premises Coverages for Owners=, License No=, BRPurchaseDate=, VA_Purchase Price=, Multi-location count=, Change Bill Type to Agency Bill?=, Roof Covering Update Type=, Swimming Pool=Yes, VA_RenovationCompleted=, Roof Covering=Unknown, AI Name=, RCV/ACV=RCV, Trust Name=, Knob/Aluminium/ClothWiring=, Type of Loss=, All Business Activities=No, RenovationBegun=, VA_Date of Purchase=, Quote Number=2375783, CompletionDate=, Policy Term=, Water Damage Sublimit=None, Total Stories of Condo Building=, Plumbing Type Year Of Update=2003, Animal Attack History=No, Primary Flood Cov=$25,000 Sub-limit, OL Liability=, Carrier Representative=, No. of Stories=1, Loss Assessment=$9,000, Test Data No=13, Historic Place=No, Greater than 10 acres=No, Do any of the following apply?=, RenovationType=, Declined by Prior Carrier=No, Principal DOB=, Vandalism or Malicious Mischief=No, Phone Number=8154233716, Full Interior Sprinkler System=Yes, Result in UI=, Personal Liability=$500,000, Beach Territory=No, Personal Injury Cov=Yes, LLC Name=0, First Name=branding, Number of claims=0, Reinstate Reason=Payment Received, Developer's spec home=No, Risk address same as Mailing address?=N, Declined by QuickHome Carrier=No, Cheque Number=1234, Date of Loss=, Carrier=1153 One London, Date Declined=, Braced/Unbraced=, Slope of Roof=, Schedule of forms=, AI Type=, Limited Mold Coverage=None, Billing type=Agency Bill, Wind Deductible=15%, RenovationCompleted=, Description of Loss=, Water Backup=$25,000, VA_Purchasedin12months=, Protection Class=5, Fasterners=, DTC=508.41, Trustee DOB=, BR_PropertyIntention=, Other Structure=N, Roof Shape=Flat Roof, Coverage D=28376, Coverage A=400000, Coverage B=400000, RenovationDoneByLicensedInsured=, Does the roof have parapets?=, Coverage C=70945, Water Damage Deductible=None, Wind Rating=, Childcare or Other=No, AI Address=, Number of Units=Fourplex, RenovationCompletesIn3Months=, Payee Name=john, Location Type=, Last Date of Coverage=, Trustee First Name=, Mailing Address=30 Adriatic Dr, Hampton, VA 23664, USA, Extended Coverage=, BRLocationPurchasedIn12Months=, Water Heater Year Of Update=2008, Return Policy Fee=No, Roof Covering Year Of Update=2002, Principal Last Name=, Override DTC=Yes, Ordinance or Law Coverage=, Golf Cart Collision=$5,000, Plumbing Type=Copper, BR_PropertyFLB=, Password=Welcome*1, Risk Address=30 Adriatic Dr, Hampton, VA 23664, USA, AOP=$2,500, Medical Payments=$2,000, Diligent Name=, Purpose=, Quote Note=, Roof Anchor=Single Wraps, Number of Children=, Diligent Title=, Trustee Last Name=, RenovationGoingOn=, Condo Unit Number=2, UOM=Miles, Username=lsingleton, Fully Fenced=No, Alarm=Local Fire/Smoke & Burglar Alarm, Earthquake Coverage=0, Occupancy Type=Rental - Short Term/Seasonal, Electric Type Update Type=, Construction Type=Superior, Protection Size=}]]>
              </value>
            </param>
          </params>
          <reporter-output>
          </reporter-output>
        </test-method> <!-- launchBrowser -->
        <test-method signature="launchBrowser(java.util.Map)[pri:0, instance:testCases.LoginPageTest@1dd0e7c4]" started-at="2023-12-11T19:35:06 IST" name="launchBrowser" data-provider="Datafromexcel" finished-at="2023-12-11T19:39:25 IST" duration-ms="259650" status="PASS">
          <params>
            <param index="0">
              <value>
                <![CDATA[{=, Opening Protection=Only glass opening are protected, Product=DP3, Policy Number=, Agency Name=Dickens Vanessa, Heating Type Year Of Update=2011, Year Built=1990, Tours Conducted=No, RenovationCost=, Fire Station=Less than 5 Miles, VA_Property Fenced=, Fire Hydrant=Less than 1000 feet, Electric Type Year Of Update=2012, Lapse in Coverage=No, Cancel Type=Prorata, DOB=01/06/1989, Cladding Type=Stucco, Heating Type=Natural Gas, Secondary Water Resistance(SWR)=, Insured Employ Any Employees=No, Cancel Effective Date=12/10/2023, Principal First Name=, Type of Endorsement=Insured Details Change, Green Upgrade=Yes, Cancel Reason=Non-Payment, Special Cov A=No, Special Cov C=Yes, Amount Paid=, High Profile=No, Quote Type=, Identity Fraud=No, Endorsement Notes=test, BRPurchasePrice=, Electric Type=Circuit Breaker (Greater than 100 amp), Expected UMR No=, Floor in which the condo unit is Present=, Insured Type=Individual, VA_Property to be sold in next 12 months=, VA_Vacant Date=, Expected Result=, Extended Replacement Cost=Yes, Gutters Present=, RC on Contents=No, Contact First Name=, Loss Settlement Contents=Replacement Cost, Last Name=14, Square Feet=1200, Heating Update Type=, Insurer=, Premises Coverages for Owners=, License No=, BRPurchaseDate=, VA_Purchase Price=, Multi-location count=, Change Bill Type to Agency Bill?=, Roof Covering Update Type=, Swimming Pool=Yes, VA_RenovationCompleted=, Roof Covering=Unknown, AI Name=, RCV/ACV=RCV, Trust Name=, Knob/Aluminium/ClothWiring=, Type of Loss=, All Business Activities=No, RenovationBegun=, VA_Date of Purchase=, Quote Number=2375785, CompletionDate=, Policy Term=, Water Damage Sublimit=None, Total Stories of Condo Building=, Plumbing Type Year Of Update=2003, Animal Attack History=No, Primary Flood Cov=$25,000 Sub-limit, OL Liability=, Carrier Representative=, No. of Stories=1, Loss Assessment=$9,000, Test Data No=14, Historic Place=No, Greater than 10 acres=No, Do any of the following apply?=, RenovationType=, Declined by Prior Carrier=No, Principal DOB=, Vandalism or Malicious Mischief=No, Phone Number=8154233716, Full Interior Sprinkler System=Yes, Result in UI=, Personal Liability=$500,000, Beach Territory=No, Personal Injury Cov=Yes, LLC Name=0, First Name=branding, Number of claims=0, Reinstate Reason=Payment Received, Developer's spec home=No, Risk address same as Mailing address?=N, Declined by QuickHome Carrier=No, Cheque Number=1234, Date of Loss=, Carrier=1153 One London, Date Declined=, Braced/Unbraced=, Slope of Roof=, Schedule of forms=, AI Type=, Limited Mold Coverage=None, Billing type=Agency Bill, Wind Deductible=15%, RenovationCompleted=, Description of Loss=, Water Backup=$25,000, VA_Purchasedin12months=, Protection Class=5, Fasterners=, DTC=508.41, Trustee DOB=, BR_PropertyIntention=, Other Structure=N, Roof Shape=Flat Roof, Coverage D=28376, Coverage A=400000, Coverage B=400000, RenovationDoneByLicensedInsured=, Does the roof have parapets?=, Coverage C=70945, Water Damage Deductible=None, Wind Rating=, Childcare or Other=No, AI Address=, Number of Units=Fourplex, RenovationCompletesIn3Months=, Payee Name=john, Location Type=, Last Date of Coverage=, Trustee First Name=, Mailing Address=30 Adriatic Dr, Hampton, VA 23664, USA, Extended Coverage=, BRLocationPurchasedIn12Months=, Water Heater Year Of Update=2008, Return Policy Fee=No, Roof Covering Year Of Update=2002, Principal Last Name=, Override DTC=Yes, Ordinance or Law Coverage=, Golf Cart Collision=$5,000, Plumbing Type=Copper, BR_PropertyFLB=, Password=Welcome*1, Risk Address=30 Adriatic Dr, Hampton, VA 23664, USA, AOP=$2,500, Medical Payments=$2,000, Diligent Name=, Purpose=, Quote Note=, Roof Anchor=Single Wraps, Number of Children=, Diligent Title=, Trustee Last Name=, RenovationGoingOn=, Condo Unit Number=2, UOM=Miles, Username=lsingleton, Fully Fenced=No, Alarm=Local Fire/Smoke & Burglar Alarm, Earthquake Coverage=0, Occupancy Type=Rental - Short Term/Seasonal, Electric Type Update Type=, Construction Type=Superior, Protection Size=}]]>
              </value>
            </param>
          </params>
          <reporter-output>
          </reporter-output>
        </test-method> <!-- launchBrowser -->
        <test-method signature="launchBrowser(java.util.Map)[pri:0, instance:testCases.LoginPageTest@1dd0e7c4]" started-at="2023-12-11T19:39:26 IST" name="launchBrowser" data-provider="Datafromexcel" finished-at="2023-12-11T19:44:46 IST" duration-ms="319812" status="PASS">
          <params>
            <param index="0">
              <value>
                <![CDATA[{=, Opening Protection=Only glass opening are protected, Product=DP3, Policy Number=, Agency Name=Dickens Vanessa, Heating Type Year Of Update=2011, Year Built=1990, Tours Conducted=No, RenovationCost=, Fire Station=Less than 5 Miles, VA_Property Fenced=, Fire Hydrant=Less than 1000 feet, Electric Type Year Of Update=2012, Lapse in Coverage=No, Cancel Type=Prorata, DOB=01/06/1989, Cladding Type=Stucco, Heating Type=Natural Gas, Secondary Water Resistance(SWR)=, Insured Employ Any Employees=No, Cancel Effective Date=12/10/2023, Principal First Name=, Type of Endorsement=Insured Details Change, Green Upgrade=Yes, Cancel Reason=Non-Payment, Special Cov A=No, Special Cov C=Yes, Amount Paid=, High Profile=No, Quote Type=, Identity Fraud=No, Endorsement Notes=test, BRPurchasePrice=, Electric Type=Circuit Breaker (Greater than 100 amp), Expected UMR No=, Floor in which the condo unit is Present=, Insured Type=Individual, VA_Property to be sold in next 12 months=, VA_Vacant Date=, Expected Result=, Extended Replacement Cost=Yes, Gutters Present=, RC on Contents=No, Contact First Name=, Loss Settlement Contents=Replacement Cost, Last Name=15, Square Feet=1200, Heating Update Type=, Insurer=, Premises Coverages for Owners=, License No=, BRPurchaseDate=, VA_Purchase Price=, Multi-location count=, Change Bill Type to Agency Bill?=, Roof Covering Update Type=, Swimming Pool=Yes, VA_RenovationCompleted=, Roof Covering=Unknown, AI Name=, RCV/ACV=RCV, Trust Name=, Knob/Aluminium/ClothWiring=, Type of Loss=, All Business Activities=No, RenovationBegun=, VA_Date of Purchase=, Quote Number=2375725, CompletionDate=, Policy Term=, Water Damage Sublimit=None, Total Stories of Condo Building=, Plumbing Type Year Of Update=2003, Animal Attack History=No, Primary Flood Cov=$25,000 Sub-limit, OL Liability=, Carrier Representative=, No. of Stories=1, Loss Assessment=$9,000, Test Data No=15, Historic Place=No, Greater than 10 acres=No, Do any of the following apply?=, RenovationType=, Declined by Prior Carrier=No, Principal DOB=, Vandalism or Malicious Mischief=No, Phone Number=8154233716, Full Interior Sprinkler System=Yes, Result in UI=, Personal Liability=$500,000, Beach Territory=No, Personal Injury Cov=Yes, LLC Name=0, First Name=branding, Number of claims=0, Reinstate Reason=Payment Received, Developer's spec home=No, Risk address same as Mailing address?=N, Declined by QuickHome Carrier=No, Cheque Number=1234, Date of Loss=, Carrier=1153 One London, Date Declined=, Braced/Unbraced=, Slope of Roof=, Schedule of forms=, AI Type=, Limited Mold Coverage=None, Billing type=Agency Bill, Wind Deductible=15%, RenovationCompleted=, Description of Loss=, Water Backup=$25,000, VA_Purchasedin12months=, Protection Class=5, Fasterners=, DTC=508.41, Trustee DOB=, BR_PropertyIntention=, Other Structure=N, Roof Shape=Flat Roof, Coverage D=28376, Coverage A=400000, Coverage B=400000, RenovationDoneByLicensedInsured=, Does the roof have parapets?=, Coverage C=70945, Water Damage Deductible=None, Wind Rating=, Childcare or Other=No, AI Address=, Number of Units=Fourplex, RenovationCompletesIn3Months=, Payee Name=john, Location Type=, Last Date of Coverage=, Trustee First Name=, Mailing Address=30 Adriatic Dr, Hampton, VA 23664, USA, Extended Coverage=, BRLocationPurchasedIn12Months=, Water Heater Year Of Update=2008, Return Policy Fee=No, Roof Covering Year Of Update=2002, Principal Last Name=, Override DTC=Yes, Ordinance or Law Coverage=, Golf Cart Collision=$5,000, Plumbing Type=Copper, BR_PropertyFLB=, Password=Welcome*1, Risk Address=30 Adriatic Dr, Hampton, VA 23664, USA, AOP=$2,500, Medical Payments=$2,000, Diligent Name=, Purpose=, Quote Note=, Roof Anchor=Single Wraps, Number of Children=, Diligent Title=, Trustee Last Name=, RenovationGoingOn=, Condo Unit Number=2, UOM=Miles, Username=lsingleton, Fully Fenced=No, Alarm=Local Fire/Smoke & Burglar Alarm, Earthquake Coverage=0, Occupancy Type=Rental - Short Term/Seasonal, Electric Type Update Type=, Construction Type=Superior, Protection Size=}]]>
              </value>
            </param>
          </params>
          <reporter-output>
          </reporter-output>
        </test-method> <!-- launchBrowser -->
        <test-method signature="launchBrowser(java.util.Map)[pri:0, instance:testCases.LoginPageTest@1dd0e7c4]" started-at="2023-12-11T19:44:46 IST" name="launchBrowser" data-provider="Datafromexcel" finished-at="2023-12-11T19:50:21 IST" duration-ms="335023" status="PASS">
          <params>
            <param index="0">
              <value>
                <![CDATA[{=, Opening Protection=Only glass opening are protected, Product=DP3, Policy Number=, Agency Name=Dickens Vanessa, Heating Type Year Of Update=2011, Year Built=1990, Tours Conducted=No, RenovationCost=, Fire Station=Less than 5 Miles, VA_Property Fenced=, Fire Hydrant=Less than 1000 feet, Electric Type Year Of Update=2012, Lapse in Coverage=No, Cancel Type=Prorata, DOB=01/06/1989, Cladding Type=Stucco, Heating Type=Natural Gas, Secondary Water Resistance(SWR)=, Insured Employ Any Employees=No, Cancel Effective Date=12/10/2023, Principal First Name=, Type of Endorsement=Insured Details Change, Green Upgrade=Yes, Cancel Reason=Non-Payment, Special Cov A=No, Special Cov C=Yes, Amount Paid=, High Profile=No, Quote Type=, Identity Fraud=No, Endorsement Notes=test, BRPurchasePrice=, Electric Type=Circuit Breaker (Greater than 100 amp), Expected UMR No=, Floor in which the condo unit is Present=, Insured Type=Individual, VA_Property to be sold in next 12 months=, VA_Vacant Date=, Expected Result=, Extended Replacement Cost=Yes, Gutters Present=, RC on Contents=No, Contact First Name=, Loss Settlement Contents=Replacement Cost, Last Name=16, Square Feet=1200, Heating Update Type=, Insurer=, Premises Coverages for Owners=, License No=, BRPurchaseDate=, VA_Purchase Price=, Multi-location count=, Change Bill Type to Agency Bill?=, Roof Covering Update Type=, Swimming Pool=Yes, VA_RenovationCompleted=, Roof Covering=Unknown, AI Name=, RCV/ACV=RCV, Trust Name=, Knob/Aluminium/ClothWiring=, Type of Loss=, All Business Activities=No, RenovationBegun=, VA_Date of Purchase=, Quote Number=2375789, CompletionDate=, Policy Term=, Water Damage Sublimit=None, Total Stories of Condo Building=, Plumbing Type Year Of Update=2003, Animal Attack History=No, Primary Flood Cov=$25,000 Sub-limit, OL Liability=, Carrier Representative=, No. of Stories=1, Loss Assessment=$9,000, Test Data No=16, Historic Place=No, Greater than 10 acres=No, Do any of the following apply?=, RenovationType=, Declined by Prior Carrier=No, Principal DOB=, Vandalism or Malicious Mischief=No, Phone Number=8154233716, Full Interior Sprinkler System=Yes, Result in UI=, Personal Liability=$500,000, Beach Territory=No, Personal Injury Cov=Yes, LLC Name=0, First Name=branding, Number of claims=0, Reinstate Reason=Payment Received, Developer's spec home=No, Risk address same as Mailing address?=N, Declined by QuickHome Carrier=No, Cheque Number=1234, Date of Loss=, Carrier=1153 One London, Date Declined=, Braced/Unbraced=, Slope of Roof=, Schedule of forms=, AI Type=, Limited Mold Coverage=None, Billing type=Agency Bill, Wind Deductible=15%, RenovationCompleted=, Description of Loss=, Water Backup=$25,000, VA_Purchasedin12months=, Protection Class=5, Fasterners=, DTC=508.41, Trustee DOB=, BR_PropertyIntention=, Other Structure=N, Roof Shape=Flat Roof, Coverage D=28376, Coverage A=400000, Coverage B=400000, RenovationDoneByLicensedInsured=, Does the roof have parapets?=, Coverage C=70945, Water Damage Deductible=None, Wind Rating=, Childcare or Other=No, AI Address=, Number of Units=Fourplex, RenovationCompletesIn3Months=, Payee Name=john, Location Type=, Last Date of Coverage=, Trustee First Name=, Mailing Address=30 Adriatic Dr, Hampton, VA 23664, USA, Extended Coverage=, BRLocationPurchasedIn12Months=, Water Heater Year Of Update=2008, Return Policy Fee=No, Roof Covering Year Of Update=2002, Principal Last Name=, Override DTC=Yes, Ordinance or Law Coverage=, Golf Cart Collision=$5,000, Plumbing Type=Copper, BR_PropertyFLB=, Password=Welcome*1, Risk Address=30 Adriatic Dr, Hampton, VA 23664, USA, AOP=$2,500, Medical Payments=$2,000, Diligent Name=, Purpose=, Quote Note=, Roof Anchor=Single Wraps, Number of Children=, Diligent Title=, Trustee Last Name=, RenovationGoingOn=, Condo Unit Number=2, UOM=Miles, Username=lsingleton, Fully Fenced=No, Alarm=Local Fire/Smoke & Burglar Alarm, Earthquake Coverage=0, Occupancy Type=Rental - Short Term/Seasonal, Electric Type Update Type=, Construction Type=Superior, Protection Size=}]]>
              </value>
            </param>
          </params>
          <reporter-output>
          </reporter-output>
        </test-method> <!-- launchBrowser -->
        <test-method signature="launchBrowser(java.util.Map)[pri:0, instance:testCases.LoginPageTest@1dd0e7c4]" started-at="2023-12-11T19:50:21 IST" name="launchBrowser" data-provider="Datafromexcel" finished-at="2023-12-11T19:55:49 IST" duration-ms="327707" status="PASS">
          <params>
            <param index="0">
              <value>
                <![CDATA[{=, Opening Protection=Only glass opening are protected, Product=DP3, Policy Number=, Agency Name=Dickens Vanessa, Heating Type Year Of Update=2011, Year Built=1990, Tours Conducted=No, RenovationCost=, Fire Station=Less than 5 Miles, VA_Property Fenced=, Fire Hydrant=Less than 1000 feet, Electric Type Year Of Update=2012, Lapse in Coverage=No, Cancel Type=Prorata, DOB=01/06/1989, Cladding Type=Stucco, Heating Type=Natural Gas, Secondary Water Resistance(SWR)=, Insured Employ Any Employees=No, Cancel Effective Date=12/10/2023, Principal First Name=, Type of Endorsement=Insured Details Change, Green Upgrade=Yes, Cancel Reason=Non-Payment, Special Cov A=No, Special Cov C=Yes, Amount Paid=, High Profile=No, Quote Type=, Identity Fraud=No, Endorsement Notes=test, BRPurchasePrice=, Electric Type=Circuit Breaker (Greater than 100 amp), Expected UMR No=, Floor in which the condo unit is Present=, Insured Type=Individual, VA_Property to be sold in next 12 months=, VA_Vacant Date=, Expected Result=, Extended Replacement Cost=Yes, Gutters Present=, RC on Contents=No, Contact First Name=, Loss Settlement Contents=Replacement Cost, Last Name=17, Square Feet=1200, Heating Update Type=, Insurer=, Premises Coverages for Owners=, License No=, BRPurchaseDate=, VA_Purchase Price=, Multi-location count=, Change Bill Type to Agency Bill?=, Roof Covering Update Type=, Swimming Pool=Yes, VA_RenovationCompleted=, Roof Covering=Unknown, AI Name=, RCV/ACV=RCV, Trust Name=, Knob/Aluminium/ClothWiring=, Type of Loss=, All Business Activities=No, RenovationBegun=, VA_Date of Purchase=, Quote Number=2375793, CompletionDate=, Policy Term=, Water Damage Sublimit=None, Total Stories of Condo Building=, Plumbing Type Year Of Update=2003, Animal Attack History=No, Primary Flood Cov=$25,000 Sub-limit, OL Liability=, Carrier Representative=, No. of Stories=1, Loss Assessment=$9,000, Test Data No=17, Historic Place=No, Greater than 10 acres=No, Do any of the following apply?=, RenovationType=, Declined by Prior Carrier=No, Principal DOB=, Vandalism or Malicious Mischief=No, Phone Number=8154233716, Full Interior Sprinkler System=Yes, Result in UI=, Personal Liability=$500,000, Beach Territory=No, Personal Injury Cov=Yes, LLC Name=0, First Name=branding, Number of claims=0, Reinstate Reason=Payment Received, Developer's spec home=No, Risk address same as Mailing address?=N, Declined by QuickHome Carrier=No, Cheque Number=1234, Date of Loss=, Carrier=1153 One London, Date Declined=, Braced/Unbraced=, Slope of Roof=, Schedule of forms=, AI Type=, Limited Mold Coverage=None, Billing type=Agency Bill, Wind Deductible=15%, RenovationCompleted=, Description of Loss=, Water Backup=$25,000, VA_Purchasedin12months=, Protection Class=5, Fasterners=, DTC=508.41, Trustee DOB=, BR_PropertyIntention=, Other Structure=N, Roof Shape=Flat Roof, Coverage D=28376, Coverage A=400000, Coverage B=400000, RenovationDoneByLicensedInsured=, Does the roof have parapets?=, Coverage C=70945, Water Damage Deductible=None, Wind Rating=, Childcare or Other=No, AI Address=, Number of Units=Fourplex, RenovationCompletesIn3Months=, Payee Name=john, Location Type=, Last Date of Coverage=, Trustee First Name=, Mailing Address=30 Adriatic Dr, Hampton, VA 23664, USA, Extended Coverage=, BRLocationPurchasedIn12Months=, Water Heater Year Of Update=2008, Return Policy Fee=No, Roof Covering Year Of Update=2002, Principal Last Name=, Override DTC=Yes, Ordinance or Law Coverage=, Golf Cart Collision=$5,000, Plumbing Type=Copper, BR_PropertyFLB=, Password=Welcome*1, Risk Address=30 Adriatic Dr, Hampton, VA 23664, USA, AOP=$2,500, Medical Payments=$2,000, Diligent Name=, Purpose=, Quote Note=, Roof Anchor=Single Wraps, Number of Children=, Diligent Title=, Trustee Last Name=, RenovationGoingOn=, Condo Unit Number=2, UOM=Miles, Username=lsingleton, Fully Fenced=No, Alarm=Local Fire/Smoke & Burglar Alarm, Earthquake Coverage=0, Occupancy Type=Rental - Short Term/Seasonal, Electric Type Update Type=, Construction Type=Superior, Protection Size=}]]>
              </value>
            </param>
          </params>
          <reporter-output>
          </reporter-output>
        </test-method> <!-- launchBrowser -->
        <test-method signature="launchBrowser(java.util.Map)[pri:0, instance:testCases.LoginPageTest@1dd0e7c4]" started-at="2023-12-11T19:55:49 IST" name="launchBrowser" data-provider="Datafromexcel" finished-at="2023-12-11T20:01:19 IST" duration-ms="329319" status="PASS">
          <params>
            <param index="0">
              <value>
[...]
              </value>
            </param>
          </params>
          <reporter-output>
          </reporter-output>
        </test-method> <!-- launchBrowser -->
        <test-method signature="launchBrowser(java.util.Map)[pri:0, instance:testCases.LoginPageTest@1dd0e7c4]" started-at="2023-12-12T01:15:59 IST" name="launchBrowser" data-provider="Datafromexcel" finished-at="2023-12-12T01:22:48 IST" duration-ms="408775" status="PASS">
          <params>
            <param index="0">
              <value>
                <![CDATA[{=, Opening Protection=Only glass opening are protected, Product=DP3, Policy Number=, Agency Name=Dickens Vanessa, Heating Type Year Of Update=2011, Year Built=1990, Tours Conducted=No, RenovationCost=, Fire Station=Less than 5 Miles, VA_Property Fenced=, Fire Hydrant=Less than 1000 feet, Electric Type Year Of Update=2012, Lapse in Coverage=No, Cancel Type=Prorata, DOB=01/06/1989, Cladding Type=Stucco, Heating Type=Natural Gas, Secondary Water Resistance(SWR)=, Insured Employ Any Employees=No, Cancel Effective Date=12/10/2023, Principal First Name=, Type of Endorsement=Insured Details Change, Green Upgrade=Yes, Cancel Reason=Non-Payment, Special Cov A=No, Special Cov C=Yes, Amount Paid=, High Profile=No, Quote Type=, Identity Fraud=No, Endorsement Notes=test, BRPurchasePrice=, Electric Type=Circuit Breaker (Greater than 100 amp), Expected UMR No=, Floor in which the condo unit is Present=, Insured Type=Individual, VA_Property to be sold in next 12 months=, VA_Vacant Date=, Expected Result=, Extended Replacement Cost=Yes, Gutters Present=, RC on Contents=No, Contact First Name=, Loss Settlement Contents=Replacement Cost, Last Name=63, Square Feet=1200, Heating Update Type=, Insurer=, Premises Coverages for Owners=, License No=, BRPurchaseDate=, VA_Purchase Price=, Multi-location count=, Change Bill Type to Agency Bill?=, Roof Covering Update Type=, Swimming Pool=Yes, VA_RenovationCompleted=, Roof Covering=Unknown, AI Name=, RCV/ACV=RCV, Trust Name=, Knob/Aluminium/ClothWiring=, Type of Loss=, All Business Activities=No, RenovationBegun=, VA_Date of Purchase=, Quote Number=2376017, CompletionDate=, Policy Term=, Water Damage Sublimit=None, Total Stories of Condo Building=, Plumbing Type Year Of Update=2003, Animal Attack History=No, Primary Flood Cov=$25,000 Sub-limit, OL Liability=, Carrier Representative=, No. of Stories=1, Loss Assessment=$9,000, Test Data No=63, Historic Place=No, Greater than 10 acres=No, Do any of the following apply?=, RenovationType=, Declined by Prior Carrier=No, Principal DOB=, Vandalism or Malicious Mischief=No, Phone Number=8154233716, Full Interior Sprinkler System=Yes, Result in UI=, Personal Liability=$500,000, Beach Territory=No, Personal Injury Cov=Yes, LLC Name=0, First Name=branding, Number of claims=0, Reinstate Reason=Payment Received, Developer's spec home=No, Risk address same as Mailing address?=N, Declined by QuickHome Carrier=No, Cheque Number=1234, Date of Loss=, Carrier=1153 One London, Date Declined=, Braced/Unbraced=, Slope of Roof=, Schedule of forms=, AI Type=, Limited Mold Coverage=None, Billing type=Agency Bill, Wind Deductible=15%, RenovationCompleted=, Description of Loss=, Water Backup=$25,000, VA_Purchasedin12months=, Protection Class=5, Fasterners=, DTC=508.41, Trustee DOB=, BR_PropertyIntention=, Other Structure=N, Roof Shape=Flat Roof, Coverage D=28376, Coverage A=400000, Coverage B=400000, RenovationDoneByLicensedInsured=, Does the roof have parapets?=, Coverage C=70945, Water Damage Deductible=None, Wind Rating=, Childcare or Other=No, AI Address=, Number of Units=Fourplex, RenovationCompletesIn3Months=, Payee Name=john, Location Type=, Last Date of Coverage=, Trustee First Name=, Mailing Address=30 Adriatic Dr, Hampton, VA 23664, USA, Extended Coverage=, BRLocationPurchasedIn12Months=, Water Heater Year Of Update=2008, Return Policy Fee=No, Roof Covering Year Of Update=2002, Principal Last Name=, Override DTC=Yes, Ordinance or Law Coverage=, Golf Cart Collision=$5,000, Plumbing Type=Copper, BR_PropertyFLB=, Password=Welcome*1, Risk Address=30 Adriatic Dr, Hampton, VA 23664, USA, AOP=$2,500, Medical Payments=$2,000, Diligent Name=, Purpose=, Quote Note=, Roof Anchor=Single Wraps, Number of Children=, Diligent Title=, Trustee Last Name=, RenovationGoingOn=, Condo Unit Number=2, UOM=Miles, Username=lsingleton, Fully Fenced=No, Alarm=Local Fire/Smoke & Burglar Alarm, Earthquake Coverage=0, Occupancy Type=Rental - Short Term/Seasonal, Electric Type Update Type=, Construction Type=Superior, Protection Size=}]]>
              </value>
            </param>
          </params>
          <reporter-output>
          </reporter-output>
        </test-method> <!-- launchBrowser -->
        <test-method signature="launchBrowser(java.util.Map)[pri:0, instance:testCases.LoginPageTest@1dd0e7c4]" started-at="2023-12-12T01:22:49 IST" name="launchBrowser" data-provider="Datafromexcel" finished-at="2023-12-12T01:28:44 IST" duration-ms="355496" status="PASS">
          <params>
            <param index="0">
              <value>
                <![CDATA[{=, Opening Protection=Only glass opening are protected, Product=DP3, Policy Number=, Agency Name=Dickens Vanessa, Heating Type Year Of Update=2011, Year Built=1990, Tours Conducted=No, RenovationCost=, Fire Station=Less than 5 Miles, VA_Property Fenced=, Fire Hydrant=Less than 1000 feet, Electric Type Year Of Update=2012, Lapse in Coverage=No, Cancel Type=Prorata, DOB=01/06/1989, Cladding Type=Stucco, Heating Type=Natural Gas, Secondary Water Resistance(SWR)=, Insured Employ Any Employees=No, Cancel Effective Date=12/10/2023, Principal First Name=, Type of Endorsement=Insured Details Change, Green Upgrade=Yes, Cancel Reason=Non-Payment, Special Cov A=No, Special Cov C=Yes, Amount Paid=, High Profile=No, Quote Type=, Identity Fraud=No, Endorsement Notes=test, BRPurchasePrice=, Electric Type=Circuit Breaker (Greater than 100 amp), Expected UMR No=, Floor in which the condo unit is Present=, Insured Type=Individual, VA_Property to be sold in next 12 months=, VA_Vacant Date=, Expected Result=, Extended Replacement Cost=Yes, Gutters Present=, RC on Contents=No, Contact First Name=, Loss Settlement Contents=Replacement Cost, Last Name=64, Square Feet=1200, Heating Update Type=, Insurer=, Premises Coverages for Owners=, License No=, BRPurchaseDate=, VA_Purchase Price=, Multi-location count=, Change Bill Type to Agency Bill?=, Roof Covering Update Type=, Swimming Pool=Yes, VA_RenovationCompleted=, Roof Covering=Unknown, AI Name=, RCV/ACV=RCV, Trust Name=, Knob/Aluminium/ClothWiring=, Type of Loss=, All Business Activities=No, RenovationBegun=, VA_Date of Purchase=, Quote Number=2376029, CompletionDate=, Policy Term=, Water Damage Sublimit=None, Total Stories of Condo Building=, Plumbing Type Year Of Update=2003, Animal Attack History=No, Primary Flood Cov=$25,000 Sub-limit, OL Liability=, Carrier Representative=, No. of Stories=1, Loss Assessment=$9,000, Test Data No=64, Historic Place=No, Greater than 10 acres=No, Do any of the following apply?=, RenovationType=, Declined by Prior Carrier=No, Principal DOB=, Vandalism or Malicious Mischief=No, Phone Number=8154233716, Full Interior Sprinkler System=Yes, Result in UI=, Personal Liability=$500,000, Beach Territory=No, Personal Injury Cov=Yes, LLC Name=0, First Name=branding, Number of claims=0, Reinstate Reason=Payment Received, Developer's spec home=No, Risk address same as Mailing address?=N, Declined by QuickHome Carrier=No, Cheque Number=1234, Date of Loss=, Carrier=1153 One London, Date Declined=, Braced/Unbraced=, Slope of Roof=, Schedule of forms=, AI Type=, Limited Mold Coverage=None, Billing type=Agency Bill, Wind Deductible=15%, RenovationCompleted=, Description of Loss=, Water Backup=$25,000, VA_Purchasedin12months=, Protection Class=5, Fasterners=, DTC=508.41, Trustee DOB=, BR_PropertyIntention=, Other Structure=N, Roof Shape=Flat Roof, Coverage D=28376, Coverage A=400000, Coverage B=400000, RenovationDoneByLicensedInsured=, Does the roof have parapets?=, Coverage C=70945, Water Damage Deductible=None, Wind Rating=, Childcare or Other=No, AI Address=, Number of Units=Fourplex, RenovationCompletesIn3Months=, Payee Name=john, Location Type=, Last Date of Coverage=, Trustee First Name=, Mailing Address=30 Adriatic Dr, Hampton, VA 23664, USA, Extended Coverage=, BRLocationPurchasedIn12Months=, Water Heater Year Of Update=2008, Return Policy Fee=No, Roof Covering Year Of Update=2002, Principal Last Name=, Override DTC=Yes, Ordinance or Law Coverage=, Golf Cart Collision=$5,000, Plumbing Type=Copper, BR_PropertyFLB=, Password=Welcome*1, Risk Address=30 Adriatic Dr, Hampton, VA 23664, USA, AOP=$2,500, Medical Payments=$2,000, Diligent Name=, Purpose=, Quote Note=, Roof Anchor=Single Wraps, Number of Children=, Diligent Title=, Trustee Last Name=, RenovationGoingOn=, Condo Unit Number=2, UOM=Miles, Username=lsingleton, Fully Fenced=No, Alarm=Local Fire/Smoke & Burglar Alarm, Earthquake Coverage=0, Occupancy Type=Rental - Short Term/Seasonal, Electric Type Update Type=, Construction Type=Superior, Protection Size=}]]>
              </value>
            </param>
          </params>
          <reporter-output>
          </reporter-output>
        </test-method> <!-- launchBrowser -->
        <test-method signature="launchBrowser(java.util.Map)[pri:0, instance:testCases.LoginPageTest@1dd0e7c4]" started-at="2023-12-12T01:28:45 IST" name="launchBrowser" data-provider="Datafromexcel" finished-at="2023-12-12T01:34:02 IST" duration-ms="317739" status="PASS">
          <params>
            <param index="0">
              <value>
                <![CDATA[{=, Opening Protection=Only glass opening are protected, Product=DP3, Policy Number=, Agency Name=Dickens Vanessa, Heating Type Year Of Update=2011, Year Built=1990, Tours Conducted=No, RenovationCost=, Fire Station=Less than 5 Miles, VA_Property Fenced=, Fire Hydrant=Less than 1000 feet, Electric Type Year Of Update=2012, Lapse in Coverage=No, Cancel Type=Prorata, DOB=01/06/1989, Cladding Type=Stucco, Heating Type=Natural Gas, Secondary Water Resistance(SWR)=, Insured Employ Any Employees=No, Cancel Effective Date=12/10/2023, Principal First Name=, Type of Endorsement=Insured Details Change, Green Upgrade=Yes, Cancel Reason=Non-Payment, Special Cov A=No, Special Cov C=Yes, Amount Paid=, High Profile=No, Quote Type=, Identity Fraud=No, Endorsement Notes=test, BRPurchasePrice=, Electric Type=Circuit Breaker (Greater than 100 amp), Expected UMR No=, Floor in which the condo unit is Present=, Insured Type=Individual, VA_Property to be sold in next 12 months=, VA_Vacant Date=, Expected Result=, Extended Replacement Cost=Yes, Gutters Present=, RC on Contents=No, Contact First Name=, Loss Settlement Contents=Replacement Cost, Last Name=65, Square Feet=1200, Heating Update Type=, Insurer=, Premises Coverages for Owners=, License No=, BRPurchaseDate=, VA_Purchase Price=, Multi-location count=, Change Bill Type to Agency Bill?=, Roof Covering Update Type=, Swimming Pool=Yes, VA_RenovationCompleted=, Roof Covering=Unknown, AI Name=, RCV/ACV=RCV, Trust Name=, Knob/Aluminium/ClothWiring=, Type of Loss=, All Business Activities=No, RenovationBegun=, VA_Date of Purchase=, Quote Number=2376327, CompletionDate=, Policy Term=, Water Damage Sublimit=None, Total Stories of Condo Building=, Plumbing Type Year Of Update=2003, Animal Attack History=No, Primary Flood Cov=$25,000 Sub-limit, OL Liability=, Carrier Representative=, No. of Stories=1, Loss Assessment=$9,000, Test Data No=65, Historic Place=No, Greater than 10 acres=No, Do any of the following apply?=, RenovationType=, Declined by Prior Carrier=No, Principal DOB=, Vandalism or Malicious Mischief=No, Phone Number=8154233716, Full Interior Sprinkler System=Yes, Result in UI=, Personal Liability=$500,000, Beach Territory=No, Personal Injury Cov=Yes, LLC Name=0, First Name=branding, Number of claims=0, Reinstate Reason=Payment Received, Developer's spec home=No, Risk address same as Mailing address?=N, Declined by QuickHome Carrier=No, Cheque Number=1234, Date of Loss=, Carrier=1153 One London, Date Declined=, Braced/Unbraced=, Slope of Roof=, Schedule of forms=, AI Type=, Limited Mold Coverage=None, Billing type=Agency Bill, Wind Deductible=15%, RenovationCompleted=, Description of Loss=, Water Backup=$25,000, VA_Purchasedin12months=, Protection Class=5, Fasterners=, DTC=508.41, Trustee DOB=, BR_PropertyIntention=, Other Structure=N, Roof Shape=Flat Roof, Coverage D=28376, Coverage A=400000, Coverage B=400000, RenovationDoneByLicensedInsured=, Does the roof have parapets?=, Coverage C=70945, Water Damage Deductible=None, Wind Rating=, Childcare or Other=No, AI Address=, Number of Units=Fourplex, RenovationCompletesIn3Months=, Payee Name=john, Location Type=, Last Date of Coverage=, Trustee First Name=, Mailing Address=30 Adriatic Dr, Hampton, VA 23664, USA, Extended Coverage=, BRLocationPurchasedIn12Months=, Water Heater Year Of Update=2008, Return Policy Fee=No, Roof Covering Year Of Update=2002, Principal Last Name=, Override DTC=Yes, Ordinance or Law Coverage=, Golf Cart Collision=$5,000, Plumbing Type=Copper, BR_PropertyFLB=, Password=Welcome*1, Risk Address=30 Adriatic Dr, Hampton, VA 23664, USA, AOP=$2,500, Medical Payments=$2,000, Diligent Name=, Purpose=, Quote Note=, Roof Anchor=Single Wraps, Number of Children=, Diligent Title=, Trustee Last Name=, RenovationGoingOn=, Condo Unit Number=2, UOM=Miles, Username=lsingleton, Fully Fenced=No, Alarm=Local Fire/Smoke & Burglar Alarm, Earthquake Coverage=0, Occupancy Type=Rental - Short Term/Seasonal, Electric Type Update Type=, Construction Type=Superior, Protection Size=}]]>
              </value>
            </param>
          </params>
          <reporter-output>
          </reporter-output>
        </test-method> <!-- launchBrowser -->
        <test-method signature="launchBrowser(java.util.Map)[pri:0, instance:testCases.LoginPageTest@1dd0e7c4]" started-at="2023-12-12T01:34:03 IST" name="launchBrowser" data-provider="Datafromexcel" finished-at="2023-12-12T01:40:17 IST" duration-ms="373899" status="PASS">
          <params>
            <param index="0">
              <value>
                <![CDATA[{=, Opening Protection=Only glass opening are protected, Product=DP3, Policy Number=, Agency Name=Dickens Vanessa, Heating Type Year Of Update=2011, Year Built=1990, Tours Conducted=No, RenovationCost=, Fire Station=Less than 5 Miles, VA_Property Fenced=, Fire Hydrant=Less than 1000 feet, Electric Type Year Of Update=2012, Lapse in Coverage=No, Cancel Type=Prorata, DOB=01/06/1989, Cladding Type=Stucco, Heating Type=Natural Gas, Secondary Water Resistance(SWR)=, Insured Employ Any Employees=No, Cancel Effective Date=12/10/2023, Principal First Name=, Type of Endorsement=Insured Details Change, Green Upgrade=Yes, Cancel Reason=Non-Payment, Special Cov A=No, Special Cov C=Yes, Amount Paid=, High Profile=No, Quote Type=, Identity Fraud=No, Endorsement Notes=test, BRPurchasePrice=, Electric Type=Circuit Breaker (Greater than 100 amp), Expected UMR No=, Floor in which the condo unit is Present=, Insured Type=Individual, VA_Property to be sold in next 12 months=, VA_Vacant Date=, Expected Result=, Extended Replacement Cost=Yes, Gutters Present=, RC on Contents=No, Contact First Name=, Loss Settlement Contents=Replacement Cost, Last Name=66, Square Feet=1200, Heating Update Type=, Insurer=, Premises Coverages for Owners=, License No=, BRPurchaseDate=, VA_Purchase Price=, Multi-location count=, Change Bill Type to Agency Bill?=, Roof Covering Update Type=, Swimming Pool=Yes, VA_RenovationCompleted=, Roof Covering=Unknown, AI Name=, RCV/ACV=RCV, Trust Name=, Knob/Aluminium/ClothWiring=, Type of Loss=, All Business Activities=No, RenovationBegun=, VA_Date of Purchase=, Quote Number=2375717, CompletionDate=, Policy Term=, Water Damage Sublimit=None, Total Stories of Condo Building=, Plumbing Type Year Of Update=2003, Animal Attack History=No, Primary Flood Cov=$25,000 Sub-limit, OL Liability=, Carrier Representative=, No. of Stories=1, Loss Assessment=$9,000, Test Data No=66, Historic Place=No, Greater than 10 acres=No, Do any of the following apply?=, RenovationType=, Declined by Prior Carrier=No, Principal DOB=, Vandalism or Malicious Mischief=No, Phone Number=8154233716, Full Interior Sprinkler System=Yes, Result in UI=, Personal Liability=$500,000, Beach Territory=No, Personal Injury Cov=Yes, LLC Name=0, First Name=branding, Number of claims=0, Reinstate Reason=Payment Received, Developer's spec home=No, Risk address same as Mailing address?=N, Declined by QuickHome Carrier=No, Cheque Number=1234, Date of Loss=, Carrier=1153 One London, Date Declined=, Braced/Unbraced=, Slope of Roof=, Schedule of forms=, AI Type=, Limited Mold Coverage=None, Billing type=Agency Bill, Wind Deductible=15%, RenovationCompleted=, Description of Loss=, Water Backup=$25,000, VA_Purchasedin12months=, Protection Class=5, Fasterners=, DTC=508.41, Trustee DOB=, BR_PropertyIntention=, Other Structure=N, Roof Shape=Flat Roof, Coverage D=28376, Coverage A=400000, Coverage B=400000, RenovationDoneByLicensedInsured=, Does the roof have parapets?=, Coverage C=70945, Water Damage Deductible=None, Wind Rating=, Childcare or Other=No, AI Address=, Number of Units=Fourplex, RenovationCompletesIn3Months=, Payee Name=john, Location Type=, Last Date of Coverage=, Trustee First Name=, Mailing Address=30 Adriatic Dr, Hampton, VA 23664, USA, Extended Coverage=, BRLocationPurchasedIn12Months=, Water Heater Year Of Update=2008, Return Policy Fee=No, Roof Covering Year Of Update=2002, Principal Last Name=, Override DTC=Yes, Ordinance or Law Coverage=, Golf Cart Collision=$5,000, Plumbing Type=Copper, BR_PropertyFLB=, Password=Welcome*1, Risk Address=30 Adriatic Dr, Hampton, VA 23664, USA, AOP=$2,500, Medical Payments=$2,000, Diligent Name=, Purpose=, Quote Note=, Roof Anchor=Single Wraps, Number of Children=, Diligent Title=, Trustee Last Name=, RenovationGoingOn=, Condo Unit Number=2, UOM=Miles, Username=lsingleton, Fully Fenced=No, Alarm=Local Fire/Smoke & Burglar Alarm, Earthquake Coverage=0, Occupancy Type=Rental - Short Term/Seasonal, Electric Type Update Type=, Construction Type=Superior, Protection Size=}]]>
              </value>
            </param>
          </params>
          <reporter-output>
          </reporter-output>
        </test-method> <!-- launchBrowser -->
      </class> <!-- testCases.LoginPageTest -->
    </test> <!-- Existing Scenarios Test -->
  </suite> <!-- RSG Suite -->
</testng-results>
